#
# There is insufficient memory for the Java Runtime Environment to continue.
# Native memory allocation (malloc) failed to allocate 1048576 bytes. Error detail: AllocateHeap
# Possible reasons:
#   The system is out of physical RAM or swap space
#   This process is running with CompressedOops enabled, and the Java Heap may be blocking the growth of the native heap
# Possible solutions:
#   Reduce memory load on the system
#   Increase physical memory or swap space
#   Check if swap backing store is full
#   Decrease Java heap size (-Xmx/-Xms)
#   Decrease number of Java threads
#   Decrease Java thread stack sizes (-Xss)
#   Set larger code cache with -XX:ReservedCodeCacheSize=
#   JVM is running with Unscaled Compressed Oops mode in which the Java heap is
#     placed in the first 4GB address space. The Java Heap base address is the
#     maximum limit for the native heap growth. Please use -XX:HeapBaseMinAddress
#     to set the Java Heap base and to place the Java Heap above 4GB virtual address.
# This output file may be truncated or incomplete.
#
#  Out of Memory Error (allocation.cpp:44), pid=10740, tid=21524
#
# JRE version: OpenJDK Runtime Environment Temurin-21.0.8+9 (21.0.8+9) (build 21.0.8+9-LTS)
# Java VM: OpenJDK 64-Bit Server VM Temurin-21.0.8+9 (21.0.8+9-LTS, mixed mode, sharing, tiered, compressed oops, compressed class ptrs, parallel gc, windows-amd64)
# No core dump will be written. Minidumps are not enabled by default on client versions of Windows
#

---------------  S U M M A R Y ------------

Command Line: --add-modules=ALL-SYSTEM --add-opens=java.base/java.util=ALL-UNNAMED --add-opens=java.base/java.lang=ALL-UNNAMED --add-opens=java.base/sun.nio.fs=ALL-UNNAMED -Declipse.application=org.eclipse.jdt.ls.core.id1 -Dosgi.bundles.defaultStartLevel=4 -Declipse.product=org.eclipse.jdt.ls.core.product -Djava.import.generatesMetadataFilesAtProjectRoot=false -DDetectVMInstallationsJob.disabled=true -Dfile.encoding=utf8 -XX:+UseParallelGC -XX:GCTimeRatio=4 -XX:AdaptiveSizePolicyWeight=90 -Dsun.zip.disableMemoryMapping=true -Xmx2G -Xms100m -Xlog:disable -javaagent:c:\Users\Personal\.vscode\extensions\redhat.java-1.45.0-win32-x64\lombok\lombok-1.18.39-4050.jar -XX:+HeapDumpOnOutOfMemoryError -XX:HeapDumpPath=c:\Users\Personal\AppData\Roaming\Code\User\workspaceStorage\e3eb4395f35a1d7eb3c982ed5aef2f8d\redhat.java -Daether.dependencyCollector.impl=bf c:\Users\Personal\.vscode\extensions\redhat.java-1.45.0-win32-x64\server\plugins\org.eclipse.equinox.launcher_1.7.0.v20250519-0528.jar -configuration c:\Users\Personal\AppData\Roaming\Code\User\globalStorage\redhat.java\1.45.0\config_win -data c:\Users\Personal\AppData\Roaming\Code\User\workspaceStorage\e3eb4395f35a1d7eb3c982ed5aef2f8d\redhat.java\jdt_ws --pipe=\\.\pipe\lsp-4ee56b0e3464783ca2176edcbca1a756-sock

Host: 12th Gen Intel(R) Core(TM) i5-1235U, 12 cores, 15G,  Windows 11 , 64 bit Build 26100 (10.0.26100.5074)
Time: Fri Sep 26 00:45:05 2025 India Standard Time elapsed time: 27.353474 seconds (0d 0h 0m 27s)

---------------  T H R E A D  ---------------

Current thread (0x000002866d3aadf0):  JavaThread "Attach Listener" daemon [_thread_in_vm, id=21524, stack(0x000000f118f00000,0x000000f119000000) (1024K)]

Stack: [0x000000f118f00000,0x000000f119000000]
Native frames: (J=compiled Java code, j=interpreted, Vv=VM code, C=native code)
V  [jvm.dll+0x6d2449]
V  [jvm.dll+0x8ae341]
V  [jvm.dll+0x8b08be]
V  [jvm.dll+0x8b0fa3]
V  [jvm.dll+0x280c96]
V  [jvm.dll+0xc0347]
V  [jvm.dll+0x6d2cf9]
V  [jvm.dll+0x131116]
V  [jvm.dll+0x3f2d16]
V  [jvm.dll+0x857e6b]
V  [jvm.dll+0x6d0b0d]
C  [ucrtbase.dll+0x37b0]
C  [KERNEL32.DLL+0x2e8d7]
C  [ntdll.dll+0x8d9c]


---------------  P R O C E S S  ---------------

Threads class SMR info:
_java_thread_list=0x000002864caf9a50, length=49, elements={
0x000002866aea9030, 0x000002867fd9de80, 0x000002866d3a2b50, 0x000002866d3a4f50,
0x000002866d3aadf0, 0x000002866d3ab940, 0x000002866d3ae3a0, 0x000002866d3b11e0,
0x000002866d3bd280, 0x000002866d36ddb0, 0x00000286470ea490, 0x000002864c104e00,
0x000002864c0fa9b0, 0x000002864c30d680, 0x000002864c0ceeb0, 0x000002864c74dc10,
0x000002864c1a2da0, 0x0000028647879680, 0x000002864787a3a0, 0x0000028647879d10,
0x000002864787aa30, 0x000002864787bde0, 0x000002864787b0c0, 0x000002864787b750,
0x000002864787c470, 0x0000028647878ff0, 0x000002864eec73b0, 0x000002864eec4c50,
0x000002864eec6000, 0x000002864eec80d0, 0x000002864eec8760, 0x000002864eec52e0,
0x000002864eec8df0, 0x000002864eec5970, 0x000002864eec9480, 0x000002864eec9b10,
0x000002864eec6690, 0x000002864eeca1a0, 0x000002864eec7a40, 0x000002864eec6d20,
0x000002864eecbbe0, 0x000002864eeca830, 0x000002864eecb550, 0x000002864eecaec0,
0x000002864eecc270, 0x000002864f88d7f0, 0x000002864f88e510, 0x000002864f88eba0,
0x000002864f88f230
}

Java Threads: ( => current thread )
  0x000002866aea9030 JavaThread "main"                              [_thread_blocked, id=22760, stack(0x000000f118800000,0x000000f118900000) (1024K)]
  0x000002867fd9de80 JavaThread "Reference Handler"          daemon [_thread_blocked, id=17360, stack(0x000000f118c00000,0x000000f118d00000) (1024K)]
  0x000002866d3a2b50 JavaThread "Finalizer"                  daemon [_thread_blocked, id=28324, stack(0x000000f118d00000,0x000000f118e00000) (1024K)]
  0x000002866d3a4f50 JavaThread "Signal Dispatcher"          daemon [_thread_blocked, id=30912, stack(0x000000f118e00000,0x000000f118f00000) (1024K)]
=>0x000002866d3aadf0 JavaThread "Attach Listener"            daemon [_thread_in_vm, id=21524, stack(0x000000f118f00000,0x000000f119000000) (1024K)]
  0x000002866d3ab940 JavaThread "Service Thread"             daemon [_thread_blocked, id=10844, stack(0x000000f119000000,0x000000f119100000) (1024K)]
  0x000002866d3ae3a0 JavaThread "Monitor Deflation Thread"   daemon [_thread_blocked, id=3076, stack(0x000000f119100000,0x000000f119200000) (1024K)]
  0x000002866d3b11e0 JavaThread "C2 CompilerThread0"         daemon [_thread_blocked, id=23140, stack(0x000000f119200000,0x000000f119300000) (1024K)]
  0x000002866d3bd280 JavaThread "C1 CompilerThread0"         daemon [_thread_blocked, id=4948, stack(0x000000f119300000,0x000000f119400000) (1024K)]
  0x000002866d36ddb0 JavaThread "Common-Cleaner"             daemon [_thread_blocked, id=21928, stack(0x000000f119400000,0x000000f119500000) (1024K)]
  0x00000286470ea490 JavaThread "Notification Thread"        daemon [_thread_blocked, id=2748, stack(0x000000f119600000,0x000000f119700000) (1024K)]
  0x000002864c104e00 JavaThread "Active Thread: Equinox Container: cc7b8030-984e-4b36-b7db-05d425822634"        [_thread_blocked, id=680, stack(0x000000f119e00000,0x000000f119f00000) (1024K)]
  0x000002864c0fa9b0 JavaThread "Refresh Thread: Equinox Container: cc7b8030-984e-4b36-b7db-05d425822634" daemon [_thread_blocked, id=9564, stack(0x000000f119f00000,0x000000f11a000000) (1024K)]
  0x000002864c30d680 JavaThread "Framework Event Dispatcher: Equinox Container: cc7b8030-984e-4b36-b7db-05d425822634" daemon [_thread_blocked, id=8464, stack(0x000000f11a100000,0x000000f11a200000) (1024K)]
  0x000002864c0ceeb0 JavaThread "Start Level: Equinox Container: cc7b8030-984e-4b36-b7db-05d425822634" daemon [_thread_blocked, id=19256, stack(0x000000f11a200000,0x000000f11a300000) (1024K)]
  0x000002864c74dc10 JavaThread "Bundle File Closer"         daemon [_thread_blocked, id=19564, stack(0x000000f11a500000,0x000000f11a600000) (1024K)]
  0x000002864c1a2da0 JavaThread "SCR Component Actor"        daemon [_thread_blocked, id=15460, stack(0x000000f11a600000,0x000000f11a700000) (1024K)]
  0x0000028647879680 JavaThread "Worker-JM"                         [_thread_blocked, id=8428, stack(0x000000f11a800000,0x000000f11a900000) (1024K)]
  0x000002864787a3a0 JavaThread "JNA Cleaner"                daemon [_thread_blocked, id=19716, stack(0x000000f11a900000,0x000000f11aa00000) (1024K)]
  0x0000028647879d10 JavaThread "Worker-0"                          [_thread_blocked, id=31216, stack(0x000000f11aa00000,0x000000f11ab00000) (1024K)]
  0x000002864787aa30 JavaThread "Worker-1"                          [_thread_blocked, id=7664, stack(0x000000f11ab00000,0x000000f11ac00000) (1024K)]
  0x000002864787bde0 JavaThread "Java indexing"              daemon [_thread_blocked, id=4988, stack(0x000000f119700000,0x000000f119800000) (1024K)]
  0x000002864787b0c0 JavaThread "Worker-2"                          [_thread_blocked, id=9508, stack(0x000000f11ae00000,0x000000f11af00000) (1024K)]
  0x000002864787b750 JavaThread "Worker-3"                          [_thread_blocked, id=16412, stack(0x000000f11af00000,0x000000f11b000000) (1024K)]
  0x000002864787c470 JavaThread "Worker-4"                          [_thread_blocked, id=11540, stack(0x000000f11b000000,0x000000f11b100000) (1024K)]
  0x0000028647878ff0 JavaThread "Worker-5"                          [_thread_blocked, id=4852, stack(0x000000f11b200000,0x000000f11b300000) (1024K)]
  0x000002864eec73b0 JavaThread "Thread-2"                   daemon [_thread_in_native, id=10616, stack(0x000000f11b300000,0x000000f11b400000) (1024K)]
  0x000002864eec4c50 JavaThread "Thread-3"                   daemon [_thread_in_native, id=4944, stack(0x000000f11b400000,0x000000f11b500000) (1024K)]
  0x000002864eec6000 JavaThread "Thread-4"                   daemon [_thread_in_native, id=24468, stack(0x000000f11b500000,0x000000f11b600000) (1024K)]
  0x000002864eec80d0 JavaThread "Thread-5"                   daemon [_thread_in_native, id=27212, stack(0x000000f11b600000,0x000000f11b700000) (1024K)]
  0x000002864eec8760 JavaThread "Thread-6"                   daemon [_thread_in_native, id=22432, stack(0x000000f11b700000,0x000000f11b800000) (1024K)]
  0x000002864eec52e0 JavaThread "Thread-7"                   daemon [_thread_in_native, id=28924, stack(0x000000f11b800000,0x000000f11b900000) (1024K)]
  0x000002864eec8df0 JavaThread "Thread-8"                   daemon [_thread_in_native, id=29352, stack(0x000000f11b900000,0x000000f11ba00000) (1024K)]
  0x000002864eec5970 JavaThread "Thread-9"                   daemon [_thread_in_native, id=26872, stack(0x000000f11ba00000,0x000000f11bb00000) (1024K)]
  0x000002864eec9480 JavaThread "Thread-10"                  daemon [_thread_in_native, id=28436, stack(0x000000f11bb00000,0x000000f11bc00000) (1024K)]
  0x000002864eec9b10 JavaThread "Thread-11"                  daemon [_thread_in_native, id=11452, stack(0x000000f11bc00000,0x000000f11bd00000) (1024K)]
  0x000002864eec6690 JavaThread "Thread-12"                  daemon [_thread_in_native, id=5420, stack(0x000000f11bd00000,0x000000f11be00000) (1024K)]
  0x000002864eeca1a0 JavaThread "Thread-13"                  daemon [_thread_in_native, id=19544, stack(0x000000f11be00000,0x000000f11bf00000) (1024K)]
  0x000002864eec7a40 JavaThread "Thread-14"                  daemon [_thread_in_native, id=7264, stack(0x000000f11bf00000,0x000000f11c000000) (1024K)]
  0x000002864eec6d20 JavaThread "pool-2-thread-1"                   [_thread_blocked, id=11904, stack(0x000000f11c000000,0x000000f11c100000) (1024K)]
  0x000002864eecbbe0 JavaThread "WorkspaceEventsHandler"            [_thread_blocked, id=31572, stack(0x000000f11c100000,0x000000f11c200000) (1024K)]
  0x000002864eeca830 JavaThread "pool-1-thread-1"                   [_thread_blocked, id=22948, stack(0x000000f11c200000,0x000000f11c300000) (1024K)]
  0x000002864eecb550 JavaThread "ForkJoinPool.commonPool-worker-1" daemon [_thread_blocked, id=31416, stack(0x000000f11c300000,0x000000f11c400000) (1024K)]
  0x000002864eecaec0 JavaThread "ForkJoinPool.commonPool-worker-2" daemon [_thread_blocked, id=3184, stack(0x000000f11c400000,0x000000f11c500000) (1024K)]
  0x000002864eecc270 JavaThread "ForkJoinPool.commonPool-worker-3" daemon [_thread_blocked, id=22296, stack(0x000000f11c500000,0x000000f11c600000) (1024K)]
  0x000002864f88d7f0 JavaThread "ForkJoinPool.commonPool-worker-4" daemon [_thread_blocked, id=20656, stack(0x000000f11b100000,0x000000f11b200000) (1024K)]
  0x000002864f88e510 JavaThread "ForkJoinPool.commonPool-worker-5" daemon [_thread_blocked, id=26068, stack(0x000000f11c600000,0x000000f11c700000) (1024K)]
  0x000002864f88eba0 JavaThread "ForkJoinPool.commonPool-worker-6" daemon [_thread_blocked, id=4996, stack(0x000000f11c700000,0x000000f11c800000) (1024K)]
  0x000002864f88f230 JavaThread "Cleaner-0"                  daemon [_thread_blocked, id=17172, stack(0x000000f11c800000,0x000000f11c900000) (1024K)]
Total: 49

Other Threads:
  0x000002867fd82c70 VMThread "VM Thread"                           [id=8872, stack(0x000000f118b00000,0x000000f118c00000) (1024K)]
  0x000002867fc7ca00 WatcherThread "VM Periodic Task Thread"        [id=19652, stack(0x000000f118a00000,0x000000f118b00000) (1024K)]
  0x000002866d31d580 WorkerThread "GC Thread#0"                     [id=19228, stack(0x000000f118900000,0x000000f118a00000) (1024K)]
  0x0000028647773fd0 WorkerThread "GC Thread#1"                     [id=24404, stack(0x000000f119800000,0x000000f119900000) (1024K)]
  0x000002864c0472f0 WorkerThread "GC Thread#2"                     [id=25612, stack(0x000000f119900000,0x000000f119a00000) (1024K)]
  0x000002864c047690 WorkerThread "GC Thread#3"                     [id=22972, stack(0x000000f119a00000,0x000000f119b00000) (1024K)]
  0x000002864c047a30 WorkerThread "GC Thread#4"                     [id=17412, stack(0x000000f119b00000,0x000000f119c00000) (1024K)]
  0x000002864c047dd0 WorkerThread "GC Thread#5"                     [id=5436, stack(0x000000f119c00000,0x000000f119d00000) (1024K)]
  0x000002864c048170 WorkerThread "GC Thread#6"                     [id=27052, stack(0x000000f119d00000,0x000000f119e00000) (1024K)]
  0x000002864c0fb6b0 WorkerThread "GC Thread#7"                     [id=19164, stack(0x000000f11a000000,0x000000f11a100000) (1024K)]
  0x0000028647819060 WorkerThread "GC Thread#8"                     [id=13396, stack(0x000000f11a300000,0x000000f11a400000) (1024K)]
  0x0000028647819400 WorkerThread "GC Thread#9"                     [id=8224, stack(0x000000f11a400000,0x000000f11a500000) (1024K)]
Total: 12

Threads with active compile tasks:
Total: 0

VM state: not at safepoint (normal execution)

VM Mutex/Monitor currently owned by a thread: None

Heap address: 0x0000000080000000, size: 2048 MB, Compressed Oops mode: 32-bit

CDS archive(s) mapped at: [0x0000028604000000-0x0000028604ba0000-0x0000028604ba0000), size 12189696, SharedBaseAddress: 0x0000028604000000, ArchiveRelocationMode: 1.
Compressed class space mapped at: 0x0000028605000000-0x0000028645000000, reserved size: 1073741824
Narrow klass base: 0x0000028604000000, Narrow klass shift: 0, Narrow klass range: 0x100000000

GC Precious Log:
 CardTable entry size: 512
 CPUs: 12 total, 12 available
 Memory: 16095M
 Large Page Support: Disabled
 NUMA Support: Disabled
 Compressed Oops: Enabled (32-bit)
 Alignments: Space 512K, Generation 512K, Heap 2M
 Heap Min Capacity: 100M
 Heap Initial Capacity: 100M
 Heap Max Capacity: 2G
 Pre-touch: Disabled
 Parallel Workers: 10

Heap:
 PSYoungGen      total 19456K, used 4095K [0x00000000d5580000, 0x00000000d6b80000, 0x0000000100000000)
  eden space 18432K, 16% used [0x00000000d5580000,0x00000000d5883d80,0x00000000d6780000)
  from space 1024K, 98% used [0x00000000d6a80000,0x00000000d6b7c010,0x00000000d6b80000)
  to   space 1536K, 0% used [0x00000000d6880000,0x00000000d6880000,0x00000000d6a00000)
 ParOldGen       total 68608K, used 47360K [0x0000000080000000, 0x0000000084300000, 0x00000000d5580000)
  object space 68608K, 69% used [0x0000000080000000,0x0000000082e40298,0x0000000084300000)
 Metaspace       used 63340K, committed 64768K, reserved 1114112K
  class space    used 6772K, committed 7424K, reserved 1048576K

Card table byte_map: [0x000002866cca0000,0x000002866d0b0000] _byte_map_base: 0x000002866c8a0000

Marking Bits: (ParMarkBitMap*) 0x00007ffc3118a340
 Begin Bits: [0x0000028600000000, 0x0000028602000000)
 End Bits:   [0x0000028602000000, 0x0000028604000000)

Polling page: 0x000002866b150000

Metaspace:

Usage:
  Non-class:     55.24 MB used.
      Class:      6.61 MB used.
       Both:     61.86 MB used.

Virtual space:
  Non-class space:       64.00 MB reserved,      56.00 MB ( 88%) committed,  1 nodes.
      Class space:        1.00 GB reserved,       7.25 MB ( <1%) committed,  1 nodes.
             Both:        1.06 GB reserved,      63.25 MB (  6%) committed. 

Chunk freelists:
   Non-Class:  7.89 MB
       Class:  8.73 MB
        Both:  16.62 MB

MaxMetaspaceSize: unlimited
CompressedClassSpaceSize: 1.00 GB
Initial GC threshold: 21.00 MB
Current GC threshold: 97.31 MB
CDS: on
 - commit_granule_bytes: 65536.
 - commit_granule_words: 8192.
 - virtual_space_node_default_size: 8388608.
 - enlarge_chunks_in_place: 1.
 - use_allocation_guard: 0.


Internal statistics:

num_allocs_failed_limit: 9.
num_arena_births: 1142.
num_arena_deaths: 30.
num_vsnodes_births: 2.
num_vsnodes_deaths: 0.
num_space_committed: 1012.
num_space_uncommitted: 0.
num_chunks_returned_to_freelist: 44.
num_chunks_taken_from_freelist: 4070.
num_chunk_merges: 13.
num_chunk_splits: 2532.
num_chunks_enlarged: 1479.
num_inconsistent_stats: 0.

CodeHeap 'non-profiled nmethods': size=120000Kb used=5479Kb max_used=5479Kb free=114520Kb
 bounds [0x0000028677fc0000, 0x0000028678520000, 0x000002867f4f0000]
CodeHeap 'profiled nmethods': size=120000Kb used=17554Kb max_used=17554Kb free=102446Kb
 bounds [0x00000286704f0000, 0x0000028671620000, 0x0000028677a20000]
CodeHeap 'non-nmethods': size=5760Kb used=1442Kb max_used=1497Kb free=4317Kb
 bounds [0x0000028677a20000, 0x0000028677c90000, 0x0000028677fc0000]
CodeCache: size=245760Kb, used=24475Kb, max_used=24530Kb, free=221283Kb
 total_blobs=8794, nmethods=8034, adapters=666, full_count=0
Compilation: enabled, stopped_count=0, restarted_count=0

Compilation events (20 events):
Event: 21.729 Thread 0x000002866d3bd280 8786       3       org.eclipse.jdt.ls.core.internal.JavaLanguageServerPlugin::getPreferencesManager (15 bytes)
Event: 21.729 Thread 0x000002866d3bd280 nmethod 8786 0x000002867160b210 code [0x000002867160b3c0, 0x000002867160b528]
Event: 21.833 Thread 0x000002866d3bd280 8787       3       java.util.concurrent.locks.AbstractQueuedSynchronizer::acquireSharedInterruptibly (36 bytes)
Event: 21.833 Thread 0x000002866d3bd280 nmethod 8787 0x000002867160b610 code [0x000002867160b820, 0x000002867160bdb8]
Event: 21.834 Thread 0x000002866d3bd280 8788       3       org.eclipse.core.internal.dtree.NodeComparison::<init> (26 bytes)
Event: 21.834 Thread 0x000002866d3bd280 nmethod 8788 0x000002867160bf90 code [0x000002867160c140, 0x000002867160c2e0]
Event: 21.834 Thread 0x000002866d3bd280 8789       3       org.eclipse.core.internal.events.ResourceComparator::compare (383 bytes)
Event: 21.836 Thread 0x000002866d3bd280 nmethod 8789 0x000002867160c390 code [0x000002867160c7e0, 0x000002867160fc70]
Event: 21.836 Thread 0x000002866d3bd280 8794       3       org.eclipse.core.internal.dtree.AbstractDataTreeNode::compareWith (364 bytes)
Event: 21.838 Thread 0x000002866d3bd280 nmethod 8794 0x0000028671610610 code [0x00000286716109a0, 0x00000286716128f0]
Event: 21.838 Thread 0x000002866d3bd280 8790       3       org.eclipse.core.internal.dtree.NodeComparison::isUnchanged (11 bytes)
Event: 21.838 Thread 0x000002866d3bd280 nmethod 8790 0x0000028671613290 code [0x0000028671613440, 0x00000286716135b0]
Event: 21.838 Thread 0x000002866d3bd280 8792       3       org.eclipse.core.internal.dtree.AbstractDataTreeNode::size (6 bytes)
Event: 21.838 Thread 0x000002866d3bd280 nmethod 8792 0x0000028671613690 code [0x0000028671613820, 0x0000028671613938]
Event: 21.838 Thread 0x000002866d3bd280 8793       3       org.eclipse.core.internal.dtree.DataTreeNode::compareWith (74 bytes)
Event: 21.839 Thread 0x000002866d3bd280 nmethod 8793 0x0000028671613a10 code [0x0000028671613c00, 0x0000028671614128]
Event: 21.839 Thread 0x000002866d3bd280 8791       3       java.util.concurrent.CountDownLatch::await (9 bytes)
Event: 21.839 Thread 0x000002866d3bd280 nmethod 8791 0x0000028671614410 code [0x00000286716145c0, 0x0000028671614708]
Event: 21.839 Thread 0x000002866d3bd280 8795       1       org.eclipse.core.internal.dtree.NodeComparison::getUserComparison (5 bytes)
Event: 21.839 Thread 0x000002866d3bd280 nmethod 8795 0x0000028678519b90 code [0x0000028678519d20, 0x0000028678519de8]

GC Heap History (20 events):
Event: 9.898 GC heap before
{Heap before GC invocations=30 (full 2):
 PSYoungGen      total 20480K, used 18752K [0x00000000d5580000, 0x00000000d6c00000, 0x0000000100000000)
  eden space 18432K, 100% used [0x00000000d5580000,0x00000000d6780000,0x00000000d6780000)
  from space 2048K, 15% used [0x00000000d6880000,0x00000000d68d0000,0x00000000d6a80000)
  to   space 1024K, 0% used [0x00000000d6b00000,0x00000000d6b00000,0x00000000d6c00000)
 ParOldGen       total 68608K, used 39962K [0x0000000080000000, 0x0000000084300000, 0x00000000d5580000)
  object space 68608K, 58% used [0x0000000080000000,0x0000000082706990,0x0000000084300000)
 Metaspace       used 51753K, committed 52992K, reserved 1114112K
  class space    used 5614K, committed 6144K, reserved 1048576K
}
Event: 9.900 GC heap after
{Heap after GC invocations=30 (full 2):
 PSYoungGen      total 18944K, used 480K [0x00000000d5580000, 0x00000000d6b80000, 0x0000000100000000)
  eden space 18432K, 0% used [0x00000000d5580000,0x00000000d5580000,0x00000000d6780000)
  from space 512K, 93% used [0x00000000d6b00000,0x00000000d6b78000,0x00000000d6b80000)
  to   space 1024K, 0% used [0x00000000d6980000,0x00000000d6980000,0x00000000d6a80000)
 ParOldGen       total 68608K, used 40122K [0x0000000080000000, 0x0000000084300000, 0x00000000d5580000)
  object space 68608K, 58% used [0x0000000080000000,0x000000008272e990,0x0000000084300000)
 Metaspace       used 51753K, committed 52992K, reserved 1114112K
  class space    used 5614K, committed 6144K, reserved 1048576K
}
Event: 10.460 GC heap before
{Heap before GC invocations=31 (full 2):
 PSYoungGen      total 18944K, used 18902K [0x00000000d5580000, 0x00000000d6b80000, 0x0000000100000000)
  eden space 18432K, 99% used [0x00000000d5580000,0x00000000d677d910,0x00000000d6780000)
  from space 512K, 93% used [0x00000000d6b00000,0x00000000d6b78000,0x00000000d6b80000)
  to   space 1024K, 0% used [0x00000000d6980000,0x00000000d6980000,0x00000000d6a80000)
 ParOldGen       total 68608K, used 40122K [0x0000000080000000, 0x0000000084300000, 0x00000000d5580000)
  object space 68608K, 58% used [0x0000000080000000,0x000000008272e990,0x0000000084300000)
 Metaspace       used 53788K, committed 55104K, reserved 1114112K
  class space    used 5772K, committed 6336K, reserved 1048576K
}
Event: 10.462 GC heap after
{Heap after GC invocations=31 (full 2):
 PSYoungGen      total 19456K, used 941K [0x00000000d5580000, 0x00000000d6b80000, 0x0000000100000000)
  eden space 18432K, 0% used [0x00000000d5580000,0x00000000d5580000,0x00000000d6780000)
  from space 1024K, 91% used [0x00000000d6980000,0x00000000d6a6b790,0x00000000d6a80000)
  to   space 1024K, 0% used [0x00000000d6a80000,0x00000000d6a80000,0x00000000d6b80000)
 ParOldGen       total 68608K, used 40370K [0x0000000080000000, 0x0000000084300000, 0x00000000d5580000)
  object space 68608K, 58% used [0x0000000080000000,0x000000008276c990,0x0000000084300000)
 Metaspace       used 53788K, committed 55104K, reserved 1114112K
  class space    used 5772K, committed 6336K, reserved 1048576K
}
Event: 11.127 GC heap before
{Heap before GC invocations=32 (full 2):
 PSYoungGen      total 19456K, used 19348K [0x00000000d5580000, 0x00000000d6b80000, 0x0000000100000000)
  eden space 18432K, 99% used [0x00000000d5580000,0x00000000d6779b30,0x00000000d6780000)
  from space 1024K, 91% used [0x00000000d6980000,0x00000000d6a6b790,0x00000000d6a80000)
  to   space 1024K, 0% used [0x00000000d6a80000,0x00000000d6a80000,0x00000000d6b80000)
 ParOldGen       total 68608K, used 40370K [0x0000000080000000, 0x0000000084300000, 0x00000000d5580000)
  object space 68608K, 58% used [0x0000000080000000,0x000000008276c990,0x0000000084300000)
 Metaspace       used 56107K, committed 57408K, reserved 1114112K
  class space    used 6031K, committed 6592K, reserved 1048576K
}
Event: 11.131 GC heap after
{Heap after GC invocations=32 (full 2):
 PSYoungGen      total 19456K, used 944K [0x00000000d5580000, 0x00000000d6b80000, 0x0000000100000000)
  eden space 18432K, 0% used [0x00000000d5580000,0x00000000d5580000,0x00000000d6780000)
  from space 1024K, 92% used [0x00000000d6a80000,0x00000000d6b6c020,0x00000000d6b80000)
  to   space 1024K, 0% used [0x00000000d6980000,0x00000000d6980000,0x00000000d6a80000)
 ParOldGen       total 68608K, used 40897K [0x0000000080000000, 0x0000000084300000, 0x00000000d5580000)
  object space 68608K, 59% used [0x0000000080000000,0x00000000827f0510,0x0000000084300000)
 Metaspace       used 56107K, committed 57408K, reserved 1114112K
  class space    used 6031K, committed 6592K, reserved 1048576K
}
Event: 11.590 GC heap before
{Heap before GC invocations=33 (full 2):
 PSYoungGen      total 19456K, used 19376K [0x00000000d5580000, 0x00000000d6b80000, 0x0000000100000000)
  eden space 18432K, 100% used [0x00000000d5580000,0x00000000d6780000,0x00000000d6780000)
  from space 1024K, 92% used [0x00000000d6a80000,0x00000000d6b6c020,0x00000000d6b80000)
  to   space 1024K, 0% used [0x00000000d6980000,0x00000000d6980000,0x00000000d6a80000)
 ParOldGen       total 68608K, used 40897K [0x0000000080000000, 0x0000000084300000, 0x00000000d5580000)
  object space 68608K, 59% used [0x0000000080000000,0x00000000827f0510,0x0000000084300000)
 Metaspace       used 58320K, committed 59648K, reserved 1114112K
  class space    used 6263K, committed 6848K, reserved 1048576K
}
Event: 11.592 GC heap after
{Heap after GC invocations=33 (full 2):
 PSYoungGen      total 19456K, used 993K [0x00000000d5580000, 0x00000000d6d80000, 0x0000000100000000)
  eden space 18432K, 0% used [0x00000000d5580000,0x00000000d5580000,0x00000000d6780000)
  from space 1024K, 97% used [0x00000000d6980000,0x00000000d6a787e0,0x00000000d6a80000)
  to   space 3072K, 0% used [0x00000000d6a80000,0x00000000d6a80000,0x00000000d6d80000)
 ParOldGen       total 68608K, used 42304K [0x0000000080000000, 0x0000000084300000, 0x00000000d5580000)
  object space 68608K, 61% used [0x0000000080000000,0x0000000082950098,0x0000000084300000)
 Metaspace       used 58320K, committed 59648K, reserved 1114112K
  class space    used 6263K, committed 6848K, reserved 1048576K
}
Event: 11.601 GC heap before
{Heap before GC invocations=34 (full 2):
 PSYoungGen      total 19456K, used 1903K [0x00000000d5580000, 0x00000000d6d80000, 0x0000000100000000)
  eden space 18432K, 4% used [0x00000000d5580000,0x00000000d5663630,0x00000000d6780000)
  from space 1024K, 97% used [0x00000000d6980000,0x00000000d6a787e0,0x00000000d6a80000)
  to   space 3072K, 0% used [0x00000000d6a80000,0x00000000d6a80000,0x00000000d6d80000)
 ParOldGen       total 68608K, used 42304K [0x0000000080000000, 0x0000000084300000, 0x00000000d5580000)
  object space 68608K, 61% used [0x0000000080000000,0x0000000082950098,0x0000000084300000)
 Metaspace       used 58447K, committed 59776K, reserved 1114112K
  class space    used 6274K, committed 6848K, reserved 1048576K
}
Event: 11.604 GC heap after
{Heap after GC invocations=34 (full 2):
 PSYoungGen      total 18944K, used 160K [0x00000000d5580000, 0x00000000d6b00000, 0x0000000100000000)
  eden space 18432K, 0% used [0x00000000d5580000,0x00000000d5580000,0x00000000d6780000)
  from space 512K, 31% used [0x00000000d6a80000,0x00000000d6aa8000,0x00000000d6b00000)
  to   space 1024K, 0% used [0x00000000d6900000,0x00000000d6900000,0x00000000d6a00000)
 ParOldGen       total 68608K, used 43293K [0x0000000080000000, 0x0000000084300000, 0x00000000d5580000)
  object space 68608K, 63% used [0x0000000080000000,0x0000000082a47410,0x0000000084300000)
 Metaspace       used 58447K, committed 59776K, reserved 1114112K
  class space    used 6274K, committed 6848K, reserved 1048576K
}
Event: 11.604 GC heap before
{Heap before GC invocations=35 (full 3):
 PSYoungGen      total 18944K, used 160K [0x00000000d5580000, 0x00000000d6b00000, 0x0000000100000000)
  eden space 18432K, 0% used [0x00000000d5580000,0x00000000d5580000,0x00000000d6780000)
  from space 512K, 31% used [0x00000000d6a80000,0x00000000d6aa8000,0x00000000d6b00000)
  to   space 1024K, 0% used [0x00000000d6900000,0x00000000d6900000,0x00000000d6a00000)
 ParOldGen       total 68608K, used 43293K [0x0000000080000000, 0x0000000084300000, 0x00000000d5580000)
  object space 68608K, 63% used [0x0000000080000000,0x0000000082a47410,0x0000000084300000)
 Metaspace       used 58447K, committed 59776K, reserved 1114112K
  class space    used 6274K, committed 6848K, reserved 1048576K
}
Event: 11.693 GC heap after
{Heap after GC invocations=35 (full 3):
 PSYoungGen      total 18944K, used 0K [0x00000000d5580000, 0x00000000d6b00000, 0x0000000100000000)
  eden space 18432K, 0% used [0x00000000d5580000,0x00000000d5580000,0x00000000d6780000)
  from space 512K, 0% used [0x00000000d6a80000,0x00000000d6a80000,0x00000000d6b00000)
  to   space 1024K, 0% used [0x00000000d6900000,0x00000000d6900000,0x00000000d6a00000)
 ParOldGen       total 68608K, used 40467K [0x0000000080000000, 0x0000000084300000, 0x00000000d5580000)
  object space 68608K, 58% used [0x0000000080000000,0x0000000082784c18,0x0000000084300000)
 Metaspace       used 58447K, committed 59776K, reserved 1114112K
  class space    used 6274K, committed 6848K, reserved 1048576K
}
Event: 11.959 GC heap before
{Heap before GC invocations=36 (full 3):
 PSYoungGen      total 18944K, used 18421K [0x00000000d5580000, 0x00000000d6b00000, 0x0000000100000000)
  eden space 18432K, 99% used [0x00000000d5580000,0x00000000d677d578,0x00000000d6780000)
  from space 512K, 0% used [0x00000000d6a80000,0x00000000d6a80000,0x00000000d6b00000)
  to   space 1024K, 0% used [0x00000000d6900000,0x00000000d6900000,0x00000000d6a00000)
 ParOldGen       total 68608K, used 40467K [0x0000000080000000, 0x0000000084300000, 0x00000000d5580000)
  object space 68608K, 58% used [0x0000000080000000,0x0000000082784c18,0x0000000084300000)
 Metaspace       used 59473K, committed 60864K, reserved 1114112K
  class space    used 6364K, committed 6976K, reserved 1048576K
}
Event: 11.962 GC heap after
{Heap after GC invocations=36 (full 3):
 PSYoungGen      total 19456K, used 1018K [0x00000000d5580000, 0x00000000d7080000, 0x0000000100000000)
  eden space 18432K, 0% used [0x00000000d5580000,0x00000000d5580000,0x00000000d6780000)
  from space 1024K, 99% used [0x00000000d6900000,0x00000000d69febd8,0x00000000d6a00000)
  to   space 4608K, 0% used [0x00000000d6c00000,0x00000000d6c00000,0x00000000d7080000)
 ParOldGen       total 68608K, used 43252K [0x0000000080000000, 0x0000000084300000, 0x00000000d5580000)
  object space 68608K, 63% used [0x0000000080000000,0x0000000082a3d080,0x0000000084300000)
 Metaspace       used 59473K, committed 60864K, reserved 1114112K
  class space    used 6364K, committed 6976K, reserved 1048576K
}
Event: 12.234 GC heap before
{Heap before GC invocations=37 (full 3):
 PSYoungGen      total 19456K, used 19450K [0x00000000d5580000, 0x00000000d7080000, 0x0000000100000000)
  eden space 18432K, 100% used [0x00000000d5580000,0x00000000d6780000,0x00000000d6780000)
  from space 1024K, 99% used [0x00000000d6900000,0x00000000d69febd8,0x00000000d6a00000)
  to   space 4608K, 0% used [0x00000000d6c00000,0x00000000d6c00000,0x00000000d7080000)
 ParOldGen       total 68608K, used 43252K [0x0000000080000000, 0x0000000084300000, 0x00000000d5580000)
  object space 68608K, 63% used [0x0000000080000000,0x0000000082a3d080,0x0000000084300000)
 Metaspace       used 60397K, committed 61760K, reserved 1114112K
  class space    used 6445K, committed 7040K, reserved 1048576K
}
Event: 12.238 GC heap after
{Heap after GC invocations=37 (full 3):
 PSYoungGen      total 22016K, used 3288K [0x00000000d5580000, 0x00000000d6f80000, 0x0000000100000000)
  eden space 18432K, 0% used [0x00000000d5580000,0x00000000d5580000,0x00000000d6780000)
  from space 3584K, 91% used [0x00000000d6c00000,0x00000000d6f36108,0x00000000d6f80000)
  to   space 3584K, 0% used [0x00000000d6880000,0x00000000d6880000,0x00000000d6c00000)
 ParOldGen       total 68608K, used 44063K [0x0000000080000000, 0x0000000084300000, 0x00000000d5580000)
  object space 68608K, 64% used [0x0000000080000000,0x0000000082b07cf8,0x0000000084300000)
 Metaspace       used 60397K, committed 61760K, reserved 1114112K
  class space    used 6445K, committed 7040K, reserved 1048576K
}
Event: 12.444 GC heap before
{Heap before GC invocations=38 (full 3):
 PSYoungGen      total 22016K, used 21720K [0x00000000d5580000, 0x00000000d6f80000, 0x0000000100000000)
  eden space 18432K, 100% used [0x00000000d5580000,0x00000000d6780000,0x00000000d6780000)
  from space 3584K, 91% used [0x00000000d6c00000,0x00000000d6f36108,0x00000000d6f80000)
  to   space 3584K, 0% used [0x00000000d6880000,0x00000000d6880000,0x00000000d6c00000)
 ParOldGen       total 68608K, used 44063K [0x0000000080000000, 0x0000000084300000, 0x00000000d5580000)
  object space 68608K, 64% used [0x0000000080000000,0x0000000082b07cf8,0x0000000084300000)
 Metaspace       used 61388K, committed 62784K, reserved 1114112K
  class space    used 6539K, committed 7168K, reserved 1048576K
}
Event: 12.448 GC heap after
{Heap after GC invocations=38 (full 3):
 PSYoungGen      total 20480K, used 1808K [0x00000000d5580000, 0x00000000d6c80000, 0x0000000100000000)
  eden space 18432K, 0% used [0x00000000d5580000,0x00000000d5580000,0x00000000d6780000)
  from space 2048K, 88% used [0x00000000d6880000,0x00000000d6a44148,0x00000000d6a80000)
  to   space 2048K, 0% used [0x00000000d6a80000,0x00000000d6a80000,0x00000000d6c80000)
 ParOldGen       total 68608K, used 46776K [0x0000000080000000, 0x0000000084300000, 0x00000000d5580000)
  object space 68608K, 68% used [0x0000000080000000,0x0000000082dae090,0x0000000084300000)
 Metaspace       used 61388K, committed 62784K, reserved 1114112K
  class space    used 6539K, committed 7168K, reserved 1048576K
}
Event: 18.023 GC heap before
{Heap before GC invocations=39 (full 3):
 PSYoungGen      total 20480K, used 20240K [0x00000000d5580000, 0x00000000d6c80000, 0x0000000100000000)
  eden space 18432K, 100% used [0x00000000d5580000,0x00000000d6780000,0x00000000d6780000)
  from space 2048K, 88% used [0x00000000d6880000,0x00000000d6a44148,0x00000000d6a80000)
  to   space 2048K, 0% used [0x00000000d6a80000,0x00000000d6a80000,0x00000000d6c80000)
 ParOldGen       total 68608K, used 46776K [0x0000000080000000, 0x0000000084300000, 0x00000000d5580000)
  object space 68608K, 68% used [0x0000000080000000,0x0000000082dae090,0x0000000084300000)
 Metaspace       used 63233K, committed 64704K, reserved 1114112K
  class space    used 6763K, committed 7424K, reserved 1048576K
}
Event: 18.026 GC heap after
{Heap after GC invocations=39 (full 3):
 PSYoungGen      total 19456K, used 1008K [0x00000000d5580000, 0x00000000d6b80000, 0x0000000100000000)
  eden space 18432K, 0% used [0x00000000d5580000,0x00000000d5580000,0x00000000d6780000)
  from space 1024K, 98% used [0x00000000d6a80000,0x00000000d6b7c010,0x00000000d6b80000)
  to   space 1536K, 0% used [0x00000000d6880000,0x00000000d6880000,0x00000000d6a00000)
 ParOldGen       total 68608K, used 47360K [0x0000000080000000, 0x0000000084300000, 0x00000000d5580000)
  object space 68608K, 69% used [0x0000000080000000,0x0000000082e40298,0x0000000084300000)
 Metaspace       used 63233K, committed 64704K, reserved 1114112K
  class space    used 6763K, committed 7424K, reserved 1048576K
}

Dll operation events (10 events):
Event: 0.021 Loaded shared library c:\Users\Personal\.vscode\extensions\redhat.java-1.45.0-win32-x64\jre\21.0.8-win32-x86_64\bin\java.dll
Event: 0.161 Loaded shared library c:\Users\Personal\.vscode\extensions\redhat.java-1.45.0-win32-x64\jre\21.0.8-win32-x86_64\bin\zip.dll
Event: 0.200 Loaded shared library C:\Users\Personal\.vscode\extensions\redhat.java-1.45.0-win32-x64\jre\21.0.8-win32-x86_64\bin\instrument.dll
Event: 0.207 Loaded shared library C:\Users\Personal\.vscode\extensions\redhat.java-1.45.0-win32-x64\jre\21.0.8-win32-x86_64\bin\net.dll
Event: 0.211 Loaded shared library C:\Users\Personal\.vscode\extensions\redhat.java-1.45.0-win32-x64\jre\21.0.8-win32-x86_64\bin\nio.dll
Event: 0.220 Loaded shared library C:\Users\Personal\.vscode\extensions\redhat.java-1.45.0-win32-x64\jre\21.0.8-win32-x86_64\bin\zip.dll
Event: 0.258 Loaded shared library C:\Users\Personal\.vscode\extensions\redhat.java-1.45.0-win32-x64\jre\21.0.8-win32-x86_64\bin\jimage.dll
Event: 0.403 Loaded shared library c:\Users\Personal\.vscode\extensions\redhat.java-1.45.0-win32-x64\jre\21.0.8-win32-x86_64\bin\verify.dll
Event: 1.875 Loaded shared library C:\Users\Personal\AppData\Roaming\Code\User\globalStorage\redhat.java\1.45.0\config_win\org.eclipse.equinox.launcher\org.eclipse.equinox.launcher.win32.win32.x86_64_1.2.1400.v20250801-0854\eclipse_11916.dll
Event: 3.320 Loaded shared library C:\Users\Personal\AppData\Local\Temp\jna-507808352\jna1108090667248531826.dll

Deoptimization events (20 events):
Event: 17.975 Thread 0x000002864787b750 Uncommon trap: trap_request=0xffffffbe fr.pc=0x000002867802e71c relative=0x00000000000013dc
Event: 17.975 Thread 0x000002864787b750 Uncommon trap: reason=profile_predicate action=maybe_recompile pc=0x000002867802e71c method=java.util.zip.InflaterInputStream.read([BII)I @ 37 c2
Event: 17.975 Thread 0x000002864787b750 DEOPT PACKING pc=0x000002867802e71c sp=0x000000f11affe430
Event: 17.975 Thread 0x000002864787b750 DEOPT UNPACKING pc=0x0000028677a73aa2 sp=0x000000f11affe480 mode 2
Event: 17.982 Thread 0x000002864787b750 Uncommon trap: trap_request=0xffffffc6 fr.pc=0x000002867812e1d8 relative=0x0000000000002c98
Event: 17.982 Thread 0x000002864787b750 Uncommon trap: reason=bimorphic_or_optimized_type_check action=maybe_recompile pc=0x000002867812e1d8 method=java.io.BufferedInputStream.implRead([BII)I @ 100 c2
Event: 17.982 Thread 0x000002864787b750 DEOPT PACKING pc=0x000002867812e1d8 sp=0x000000f11affe870
Event: 17.982 Thread 0x000002864787b750 DEOPT UNPACKING pc=0x0000028677a73aa2 sp=0x000000f11affe6d0 mode 2
Event: 17.982 Thread 0x000002864787b750 Uncommon trap: trap_request=0xffffffbe fr.pc=0x000002867802e71c relative=0x00000000000013dc
Event: 17.982 Thread 0x000002864787b750 Uncommon trap: reason=profile_predicate action=maybe_recompile pc=0x000002867802e71c method=java.util.zip.InflaterInputStream.read([BII)I @ 37 c2
Event: 17.982 Thread 0x000002864787b750 DEOPT PACKING pc=0x000002867802e71c sp=0x000000f11affe430
Event: 17.982 Thread 0x000002864787b750 DEOPT UNPACKING pc=0x0000028677a73aa2 sp=0x000000f11affe480 mode 2
Event: 17.996 Thread 0x000002864787b750 Uncommon trap: trap_request=0xffffffc6 fr.pc=0x000002867812e1d8 relative=0x0000000000002c98
Event: 17.996 Thread 0x000002864787b750 Uncommon trap: reason=bimorphic_or_optimized_type_check action=maybe_recompile pc=0x000002867812e1d8 method=java.io.BufferedInputStream.implRead([BII)I @ 100 c2
Event: 17.996 Thread 0x000002864787b750 DEOPT PACKING pc=0x000002867812e1d8 sp=0x000000f11affe8b0
Event: 17.996 Thread 0x000002864787b750 DEOPT UNPACKING pc=0x0000028677a73aa2 sp=0x000000f11affe710 mode 2
Event: 18.004 Thread 0x000002864787b750 Uncommon trap: trap_request=0xffffff45 fr.pc=0x00000286783d3100 relative=0x0000000000006b40
Event: 18.004 Thread 0x000002864787b750 Uncommon trap: reason=unstable_if action=reinterpret pc=0x00000286783d3100 method=lombok.patcher.MethodTarget.matches(Ljava/lang/String;Ljava/lang/String;Ljava/lang/String;)Z @ 18 c2
Event: 18.004 Thread 0x000002864787b750 DEOPT PACKING pc=0x00000286783d3100 sp=0x000000f11affaae0
Event: 18.004 Thread 0x000002864787b750 DEOPT UNPACKING pc=0x0000028677a73aa2 sp=0x000000f11affaa00 mode 2

Classes loaded (20 events):
Event: 11.998 Loading class java/util/stream/ReduceOps$1
Event: 11.998 Loading class java/util/stream/ReduceOps$1 done
Event: 11.999 Loading class java/util/stream/ReduceOps$1ReducingSink
Event: 11.999 Loading class java/util/stream/ReduceOps$1ReducingSink done
Event: 12.161 Loading class jdk/internal/ref/CleanerImpl$InnocuousThreadFactory
Event: 12.161 Loading class jdk/internal/ref/CleanerImpl$InnocuousThreadFactory done
Event: 17.668 Loading class java/util/stream/DistinctOps
Event: 17.668 Loading class java/util/stream/DistinctOps done
Event: 17.668 Loading class java/util/stream/DistinctOps$1
Event: 17.668 Loading class java/util/stream/DistinctOps$1 done
Event: 17.670 Loading class java/util/stream/DistinctOps$1$2
Event: 17.671 Loading class java/util/stream/DistinctOps$1$2 done
Event: 17.776 Loading class java/util/AbstractList$RandomAccessSubList
Event: 17.776 Loading class java/util/AbstractList$SubList
Event: 17.776 Loading class java/util/AbstractList$SubList done
Event: 17.776 Loading class java/util/AbstractList$RandomAccessSubList done
Event: 17.777 Loading class java/util/AbstractList$SubList$1
Event: 17.777 Loading class java/util/AbstractList$SubList$1 done
Event: 17.962 Loading class java/util/zip/CheckedInputStream
Event: 17.962 Loading class java/util/zip/CheckedInputStream done

Classes unloaded (15 events):
Event: 3.946 Thread 0x000002867fd82c70 Unloading class 0x00000286051a6800 'java/lang/invoke/LambdaForm$MH+0x00000286051a6800'
Event: 3.946 Thread 0x000002867fd82c70 Unloading class 0x00000286051a6400 'java/lang/invoke/LambdaForm$MH+0x00000286051a6400'
Event: 3.946 Thread 0x000002867fd82c70 Unloading class 0x00000286051a6000 'java/lang/invoke/LambdaForm$MH+0x00000286051a6000'
Event: 3.946 Thread 0x000002867fd82c70 Unloading class 0x00000286051a5c00 'java/lang/invoke/LambdaForm$MH+0x00000286051a5c00'
Event: 3.946 Thread 0x000002867fd82c70 Unloading class 0x00000286051a5800 'java/lang/invoke/LambdaForm$BMH+0x00000286051a5800'
Event: 3.946 Thread 0x000002867fd82c70 Unloading class 0x00000286051a5400 'java/lang/invoke/LambdaForm$DMH+0x00000286051a5400'
Event: 3.946 Thread 0x000002867fd82c70 Unloading class 0x00000286051a4000 'java/lang/invoke/LambdaForm$DMH+0x00000286051a4000'
Event: 5.358 Thread 0x000002867fd82c70 Unloading class 0x0000028605349800 'java/lang/invoke/LambdaForm$MH+0x0000028605349800'
Event: 5.358 Thread 0x000002867fd82c70 Unloading class 0x0000028605349000 'java/lang/invoke/LambdaForm$MH+0x0000028605349000'
Event: 5.358 Thread 0x000002867fd82c70 Unloading class 0x0000028605348800 'java/lang/invoke/LambdaForm$MH+0x0000028605348800'
Event: 5.358 Thread 0x000002867fd82c70 Unloading class 0x0000028605348000 'java/lang/invoke/LambdaForm$MH+0x0000028605348000'
Event: 5.358 Thread 0x000002867fd82c70 Unloading class 0x0000028605346800 'java/lang/invoke/LambdaForm$DMH+0x0000028605346800'
Event: 5.358 Thread 0x000002867fd82c70 Unloading class 0x0000028605346000 'java/lang/invoke/LambdaForm$MH+0x0000028605346000'
Event: 5.358 Thread 0x000002867fd82c70 Unloading class 0x0000028605342000 'java/lang/invoke/LambdaForm$MH+0x0000028605342000'
Event: 5.358 Thread 0x000002867fd82c70 Unloading class 0x0000028605341400 'java/lang/invoke/LambdaForm$MH+0x0000028605341400'

Classes redefined (0 events):
No events

Internal exceptions (20 events):
Event: 11.844 Thread 0x000002864787c470 Exception <a 'sun/nio/fs/WindowsException'{0x00000000d5c48df0}> (0x00000000d5c48df0) 
thrown [s\src\hotspot\share\prims\jni.cpp, line 520]
Event: 11.845 Thread 0x000002864787c470 Exception <a 'sun/nio/fs/WindowsException'{0x00000000d5c4a140}> (0x00000000d5c4a140) 
thrown [s\src\hotspot\share\prims\jni.cpp, line 520]
Event: 11.846 Thread 0x000002864787c470 Exception <a 'sun/nio/fs/WindowsException'{0x00000000d5c4a770}> (0x00000000d5c4a770) 
thrown [s\src\hotspot\share\prims\jni.cpp, line 520]
Event: 11.921 Thread 0x000002864787c470 Exception <a 'sun/nio/fs/WindowsException'{0x00000000d63487e8}> (0x00000000d63487e8) 
thrown [s\src\hotspot\share\prims\jni.cpp, line 520]
Event: 11.925 Thread 0x000002864787c470 Exception <a 'sun/nio/fs/WindowsException'{0x00000000d6348e18}> (0x00000000d6348e18) 
thrown [s\src\hotspot\share\prims\jni.cpp, line 520]
Event: 12.042 Thread 0x0000028647878ff0 Exception <a 'java/io/FileNotFoundException'{0x00000000d5d5fe28}> (0x00000000d5d5fe28) 
thrown [s\src\hotspot\share\prims\jni.cpp, line 520]
Event: 12.043 Thread 0x0000028647878ff0 Exception <a 'java/io/FileNotFoundException'{0x00000000d5d60e50}> (0x00000000d5d60e50) 
thrown [s\src\hotspot\share\prims\jni.cpp, line 520]
Event: 12.043 Thread 0x0000028647878ff0 Exception <a 'java/io/FileNotFoundException'{0x00000000d5d61bd0}> (0x00000000d5d61bd0) 
thrown [s\src\hotspot\share\prims\jni.cpp, line 520]
Event: 12.060 Thread 0x000002864787c470 Exception <a 'java/lang/NoSuchMethodError'{0x00000000d5e78408}: 'java.lang.Object java.lang.invoke.DirectMethodHandle$Holder.invokeStatic(java.lang.Object, java.lang.Object, int, java.lang.Object)'> (0x00000000d5e78408) 
thrown [s\src\hotspot\share\interpreter\linkResolver.cpp, line 773]
Event: 12.063 Thread 0x000002864787c470 Exception <a 'java/lang/NoSuchMethodError'{0x00000000d5e7eb18}: 'java.lang.Object java.lang.invoke.DirectMethodHandle$Holder.newInvokeSpecial(java.lang.Object, java.lang.Object, int)'> (0x00000000d5e7eb18) 
thrown [s\src\hotspot\share\interpreter\linkResolver.cpp, line 773]
Event: 12.507 Thread 0x000002864eecc270 Exception <a 'java/lang/NoSuchMethodError'{0x00000000d590d258}: 'void java.lang.invoke.DirectMethodHandle$Holder.invokeSpecial(java.lang.Object, java.lang.Object, int)'> (0x00000000d590d258) 
thrown [s\src\hotspot\share\interpreter\linkResolver.cpp, line 773]
Event: 12.628 Thread 0x000002864eecc270 Exception <a 'java/lang/NoSuchMethodError'{0x00000000d603eec0}: 'int java.lang.invoke.DirectMethodHandle$Holder.invokeVirtual(java.lang.Object, java.lang.Object, java.lang.Object, int)'> (0x00000000d603eec0) 
thrown [s\src\hotspot\share\interpreter\linkResolver.cpp, line 773]
Event: 18.037 Thread 0x000002864787b750 Exception <a 'sun/nio/fs/WindowsException'{0x00000000d55dc830}> (0x00000000d55dc830) 
thrown [s\src\hotspot\share\prims\jni.cpp, line 520]
Event: 18.050 Thread 0x000002864787b750 Exception <a 'sun/nio/fs/WindowsException'{0x00000000d560bf20}> (0x00000000d560bf20) 
thrown [s\src\hotspot\share\prims\jni.cpp, line 520]
Event: 18.065 Thread 0x000002864787b750 Exception <a 'sun/nio/fs/WindowsException'{0x00000000d5640aa0}> (0x00000000d5640aa0) 
thrown [s\src\hotspot\share\prims\jni.cpp, line 520]
Event: 18.073 Thread 0x000002864787b750 Exception <a 'sun/nio/fs/WindowsException'{0x00000000d564fe38}> (0x00000000d564fe38) 
thrown [s\src\hotspot\share\prims\jni.cpp, line 520]
Event: 18.080 Thread 0x000002864787b750 Exception <a 'sun/nio/fs/WindowsException'{0x00000000d565edf8}> (0x00000000d565edf8) 
thrown [s\src\hotspot\share\prims\jni.cpp, line 520]
Event: 18.086 Thread 0x000002864787b750 Exception <a 'sun/nio/fs/WindowsException'{0x00000000d566e000}> (0x00000000d566e000) 
thrown [s\src\hotspot\share\prims\jni.cpp, line 520]
Event: 18.158 Thread 0x000002864787b750 Exception <a 'sun/nio/fs/WindowsException'{0x00000000d567d210}> (0x00000000d567d210) 
thrown [s\src\hotspot\share\prims\jni.cpp, line 520]
Event: 18.188 Thread 0x000002864787b750 Exception <a 'sun/nio/fs/WindowsException'{0x00000000d568c440}> (0x00000000d568c440) 
thrown [s\src\hotspot\share\prims\jni.cpp, line 520]

ZGC Phase Switch (0 events):
No events

VM Operations (20 events):
Event: 13.496 Executing VM operation: Cleanup
Event: 13.496 Executing VM operation: Cleanup done
Event: 17.670 Executing VM operation: HandshakeAllThreads (Deoptimize)
Event: 17.670 Executing VM operation: HandshakeAllThreads (Deoptimize) done
Event: 17.785 Executing VM operation: HandshakeAllThreads (Deoptimize)
Event: 17.785 Executing VM operation: HandshakeAllThreads (Deoptimize) done
Event: 17.785 Executing VM operation: Cleanup
Event: 17.786 Executing VM operation: Cleanup done
Event: 17.937 Executing VM operation: HandshakeAllThreads (Deoptimize)
Event: 17.937 Executing VM operation: HandshakeAllThreads (Deoptimize) done
Event: 17.942 Executing VM operation: HandshakeAllThreads (Deoptimize)
Event: 17.942 Executing VM operation: HandshakeAllThreads (Deoptimize) done
Event: 18.023 Executing VM operation: ParallelGCFailedAllocation (Allocation Failure)
Event: 18.026 Executing VM operation: ParallelGCFailedAllocation (Allocation Failure) done
Event: 19.031 Executing VM operation: Cleanup
Event: 19.031 Executing VM operation: Cleanup done
Event: 22.048 Executing VM operation: Cleanup
Event: 22.048 Executing VM operation: Cleanup done
Event: 26.064 Executing VM operation: Cleanup
Event: 26.064 Executing VM operation: Cleanup done

Memory protections (0 events):
No events

Nmethod flushes (20 events):
Event: 11.642 Thread 0x000002867fd82c70 flushing  nmethod 0x0000028670cd6690
Event: 11.642 Thread 0x000002867fd82c70 flushing osr nmethod 0x0000028670cd9790
Event: 11.642 Thread 0x000002867fd82c70 flushing osr nmethod 0x0000028670cde090
Event: 11.642 Thread 0x000002867fd82c70 flushing osr nmethod 0x0000028670d1fd10
Event: 11.642 Thread 0x000002867fd82c70 flushing  nmethod 0x0000028670d2dc10
Event: 11.642 Thread 0x000002867fd82c70 flushing  nmethod 0x0000028670d4e710
Event: 11.642 Thread 0x000002867fd82c70 flushing  nmethod 0x0000028670d4f090
Event: 11.642 Thread 0x000002867fd82c70 flushing  nmethod 0x0000028670d67410
Event: 11.642 Thread 0x000002867fd82c70 flushing  nmethod 0x0000028670d67e10
Event: 11.642 Thread 0x000002867fd82c70 flushing  nmethod 0x0000028670d69690
Event: 11.642 Thread 0x000002867fd82c70 flushing  nmethod 0x0000028670d69c90
Event: 11.642 Thread 0x000002867fd82c70 flushing  nmethod 0x0000028670d6ac10
Event: 11.642 Thread 0x000002867fd82c70 flushing  nmethod 0x0000028670d6ce10
Event: 11.642 Thread 0x000002867fd82c70 flushing  nmethod 0x0000028670d75910
Event: 11.642 Thread 0x000002867fd82c70 flushing  nmethod 0x0000028670d98f90
Event: 11.642 Thread 0x000002867fd82c70 flushing  nmethod 0x0000028670da3290
Event: 11.642 Thread 0x000002867fd82c70 flushing  nmethod 0x0000028670dc3f10
Event: 11.642 Thread 0x000002867fd82c70 flushing  nmethod 0x0000028670deea10
Event: 11.642 Thread 0x000002867fd82c70 flushing  nmethod 0x0000028670df9190
Event: 11.642 Thread 0x000002867fd82c70 flushing  nmethod 0x0000028670dfaa10

Events (20 events):
Event: 5.461 Thread 0x000002866aea9030 Thread added: 0x000002864eecbbe0
Event: 5.461 Thread 0x000002866aea9030 Thread added: 0x000002864eeca830
Event: 7.471 Thread 0x000002864787aa30 Thread added: 0x000002864eecb550
Event: 7.471 Thread 0x000002864eecb550 Thread added: 0x000002864eecaec0
Event: 7.472 Thread 0x000002864eecaec0 Thread added: 0x000002864eecc270
Event: 8.931 Thread 0x000002864c723f70 Thread exited: 0x000002864c723f70
Event: 10.358 Thread 0x000002864dcf6640 Thread exited: 0x000002864dcf6640
Event: 10.531 Thread 0x000002866d3bd280 Thread added: 0x000002864dcf6640
Event: 11.727 Thread 0x000002864eeca830 Thread added: 0x000002864f88d7f0
Event: 11.729 Thread 0x000002864f88d7f0 Thread added: 0x000002864f88e510
Event: 11.745 Thread 0x000002864eecc270 Thread added: 0x000002864f88eba0
Event: 12.162 Thread 0x000002864eecc270 Thread added: 0x000002864f88f230
Event: 15.125 Thread 0x000002864dcf6640 Thread exited: 0x000002864dcf6640
Event: 15.125 Thread 0x000002864ce3c860 Thread exited: 0x000002864ce3c860
Event: 17.776 Thread 0x000002866d3bd280 Thread added: 0x000002864dcf6640
Event: 17.916 Thread 0x000002864dcf6640 Thread exited: 0x000002864dcf6640
Event: 17.977 Thread 0x000002866d3bd280 Thread added: 0x000002864dcf6640
Event: 17.977 Thread 0x000002866d3bd280 Thread added: 0x000002864d6b8160
Event: 19.563 Thread 0x000002864d6b8160 Thread exited: 0x000002864d6b8160
Event: 19.563 Thread 0x000002864dcf6640 Thread exited: 0x000002864dcf6640


Dynamic libraries:
0x00007ff67a100000 - 0x00007ff67a10e000 	c:\Users\Personal\.vscode\extensions\redhat.java-1.45.0-win32-x64\jre\21.0.8-win32-x86_64\bin\java.exe
0x00007ffcdbe20000 - 0x00007ffcdc089000 	C:\WINDOWS\SYSTEM32\ntdll.dll
0x00007ffcda660000 - 0x00007ffcda729000 	C:\WINDOWS\System32\KERNEL32.DLL
0x00007ffcd9280000 - 0x00007ffcd9673000 	C:\WINDOWS\System32\KERNELBASE.dll
0x00007ffcd9740000 - 0x00007ffcd988b000 	C:\WINDOWS\System32\ucrtbase.dll
0x00007ffcb60b0000 - 0x00007ffcb60c8000 	c:\Users\Personal\.vscode\extensions\redhat.java-1.45.0-win32-x64\jre\21.0.8-win32-x86_64\bin\jli.dll
0x00007ffcb5a70000 - 0x00007ffcb5a8e000 	c:\Users\Personal\.vscode\extensions\redhat.java-1.45.0-win32-x64\jre\21.0.8-win32-x86_64\bin\VCRUNTIME140.dll
0x00007ffcda380000 - 0x00007ffcda544000 	C:\WINDOWS\System32\USER32.dll
0x00007ffcb6750000 - 0x00007ffcb69e3000 	C:\WINDOWS\WinSxS\amd64_microsoft.windows.common-controls_6595b64144ccf1df_6.0.26100.5074_none_3e0d6f78e32fd63f\COMCTL32.dll
0x00007ffcd9680000 - 0x00007ffcd96a7000 	C:\WINDOWS\System32\win32u.dll
0x00007ffcdb810000 - 0x00007ffcdb83b000 	C:\WINDOWS\System32\GDI32.dll
0x00007ffcdbd30000 - 0x00007ffcdbdd9000 	C:\WINDOWS\System32\msvcrt.dll
0x00007ffcd9a00000 - 0x00007ffcd9b2d000 	C:\WINDOWS\System32\gdi32full.dll
0x00007ffcd8fb0000 - 0x00007ffcd9053000 	C:\WINDOWS\System32\msvcp_win.dll
0x00007ffcda8e0000 - 0x00007ffcda90f000 	C:\WINDOWS\System32\IMM32.DLL
0x00007ffcccf00000 - 0x00007ffcccf0c000 	c:\Users\Personal\.vscode\extensions\redhat.java-1.45.0-win32-x64\jre\21.0.8-win32-x86_64\bin\vcruntime140_1.dll
0x00007ffca0260000 - 0x00007ffca02ed000 	c:\Users\Personal\.vscode\extensions\redhat.java-1.45.0-win32-x64\jre\21.0.8-win32-x86_64\bin\msvcp140.dll
0x00007ffc304d0000 - 0x00007ffc31267000 	c:\Users\Personal\.vscode\extensions\redhat.java-1.45.0-win32-x64\jre\21.0.8-win32-x86_64\bin\server\jvm.dll
0x00007ffcdba60000 - 0x00007ffcdbb14000 	C:\WINDOWS\System32\ADVAPI32.dll
0x00007ffcdbb20000 - 0x00007ffcdbbc6000 	C:\WINDOWS\System32\sechost.dll
0x00007ffcd9da0000 - 0x00007ffcd9eb8000 	C:\WINDOWS\System32\RPCRT4.dll
0x00007ffcda750000 - 0x00007ffcda7c4000 	C:\WINDOWS\System32\WS2_32.dll
0x00007ffccd810000 - 0x00007ffccd845000 	C:\WINDOWS\SYSTEM32\WINMM.dll
0x00007ffcd8e10000 - 0x00007ffcd8e6e000 	C:\WINDOWS\SYSTEM32\POWRPROF.dll
0x00007ffcc3f10000 - 0x00007ffcc3f1b000 	C:\WINDOWS\SYSTEM32\VERSION.dll
0x00007ffcd8df0000 - 0x00007ffcd8e04000 	C:\WINDOWS\SYSTEM32\UMPDC.dll
0x00007ffcd7d60000 - 0x00007ffcd7d7b000 	C:\WINDOWS\SYSTEM32\kernel.appcore.dll
0x00007ffcc7730000 - 0x00007ffcc773a000 	c:\Users\Personal\.vscode\extensions\redhat.java-1.45.0-win32-x64\jre\21.0.8-win32-x86_64\bin\jimage.dll
0x00007ffcd66e0000 - 0x00007ffcd6922000 	C:\WINDOWS\SYSTEM32\DBGHELP.DLL
0x00007ffcd9ed0000 - 0x00007ffcda24b000 	C:\WINDOWS\System32\combase.dll
0x00007ffcdaf90000 - 0x00007ffcdb067000 	C:\WINDOWS\System32\OLEAUT32.dll
0x00007ffcaa1c0000 - 0x00007ffcaa1fd000 	C:\WINDOWS\SYSTEM32\dbgcore.DLL
0x00007ffcd91e0000 - 0x00007ffcd9279000 	C:\WINDOWS\System32\bcryptPrimitives.dll
0x00007ffcc86a0000 - 0x00007ffcc86af000 	c:\Users\Personal\.vscode\extensions\redhat.java-1.45.0-win32-x64\jre\21.0.8-win32-x86_64\bin\instrument.dll
0x00007ffcb0230000 - 0x00007ffcb024f000 	c:\Users\Personal\.vscode\extensions\redhat.java-1.45.0-win32-x64\jre\21.0.8-win32-x86_64\bin\java.dll
0x00007ffcdb070000 - 0x00007ffcdb7bd000 	C:\WINDOWS\System32\SHELL32.dll
0x00007ffcd9890000 - 0x00007ffcd99fc000 	C:\WINDOWS\System32\wintypes.dll
0x00007ffcd6be0000 - 0x00007ffcd7439000 	C:\WINDOWS\SYSTEM32\windows.storage.dll
0x00007ffcda550000 - 0x00007ffcda640000 	C:\WINDOWS\System32\SHCORE.dll
0x00007ffcda2d0000 - 0x00007ffcda332000 	C:\WINDOWS\System32\shlwapi.dll
0x00007ffcd8ed0000 - 0x00007ffcd8ef9000 	C:\WINDOWS\SYSTEM32\profapi.dll
0x00007ffcad530000 - 0x00007ffcad548000 	c:\Users\Personal\.vscode\extensions\redhat.java-1.45.0-win32-x64\jre\21.0.8-win32-x86_64\bin\zip.dll
0x00007ffcc7320000 - 0x00007ffcc7330000 	C:\Users\Personal\.vscode\extensions\redhat.java-1.45.0-win32-x64\jre\21.0.8-win32-x86_64\bin\net.dll
0x00007ffccf740000 - 0x00007ffccf85f000 	C:\WINDOWS\SYSTEM32\WINHTTP.dll
0x00007ffcd82f0000 - 0x00007ffcd835b000 	C:\WINDOWS\system32\mswsock.dll
0x00007ffcaa7c0000 - 0x00007ffcaa7d6000 	C:\Users\Personal\.vscode\extensions\redhat.java-1.45.0-win32-x64\jre\21.0.8-win32-x86_64\bin\nio.dll
0x00007ffcb6190000 - 0x00007ffcb61a0000 	c:\Users\Personal\.vscode\extensions\redhat.java-1.45.0-win32-x64\jre\21.0.8-win32-x86_64\bin\verify.dll
0x00007ffca1d50000 - 0x00007ffca1d94000 	C:\Users\Personal\AppData\Roaming\Code\User\globalStorage\redhat.java\1.45.0\config_win\org.eclipse.equinox.launcher\org.eclipse.equinox.launcher.win32.win32.x86_64_1.2.1400.v20250801-0854\eclipse_11916.dll
0x00007ffcdb840000 - 0x00007ffcdb9d8000 	C:\WINDOWS\System32\ole32.dll
0x00007ffcd85a0000 - 0x00007ffcd85bb000 	C:\WINDOWS\SYSTEM32\CRYPTSP.dll
0x00007ffcd7cc0000 - 0x00007ffcd7cfb000 	C:\WINDOWS\system32\rsaenh.dll
0x00007ffcd8390000 - 0x00007ffcd83bb000 	C:\WINDOWS\SYSTEM32\USERENV.dll
0x00007ffcd8ea0000 - 0x00007ffcd8ec6000 	C:\WINDOWS\SYSTEM32\bcrypt.dll
0x00007ffcd8590000 - 0x00007ffcd859c000 	C:\WINDOWS\SYSTEM32\CRYPTBASE.dll
0x00007ffcd77b0000 - 0x00007ffcd77e4000 	C:\WINDOWS\SYSTEM32\IPHLPAPI.DLL
0x00007ffcd9ec0000 - 0x00007ffcd9eca000 	C:\WINDOWS\System32\NSI.dll
0x00007ffc9f680000 - 0x00007ffc9f6c9000 	C:\Users\Personal\AppData\Local\Temp\jna-507808352\jna1108090667248531826.dll
0x00007ffcda650000 - 0x00007ffcda658000 	C:\WINDOWS\System32\PSAPI.DLL
0x00007ffccfc10000 - 0x00007ffccfc2e000 	C:\WINDOWS\SYSTEM32\dhcpcsvc6.DLL
0x00007ffccf870000 - 0x00007ffccf893000 	C:\WINDOWS\SYSTEM32\dhcpcsvc.DLL

JVMTI agents:
c:\Users\Personal\.vscode\extensions\redhat.java-1.45.0-win32-x64\lombok\lombok-1.18.39-4050.jar path:c:\Users\Personal\.vscode\extensions\redhat.java-1.45.0-win32-x64\jre\21.0.8-win32-x86_64\bin\instrument.dll, loaded, initialized, instrumentlib options:none

dbghelp: loaded successfully - version: 4.0.5 - missing functions: none
symbol engine: initialized successfully - sym options: 0x614 - pdb path: .;c:\Users\Personal\.vscode\extensions\redhat.java-1.45.0-win32-x64\jre\21.0.8-win32-x86_64\bin;C:\WINDOWS\SYSTEM32;C:\WINDOWS\WinSxS\amd64_microsoft.windows.common-controls_6595b64144ccf1df_6.0.26100.5074_none_3e0d6f78e32fd63f;c:\Users\Personal\.vscode\extensions\redhat.java-1.45.0-win32-x64\jre\21.0.8-win32-x86_64\bin\server;C:\Users\Personal\AppData\Roaming\Code\User\globalStorage\redhat.java\1.45.0\config_win\org.eclipse.equinox.launcher\org.eclipse.equinox.launcher.win32.win32.x86_64_1.2.1400.v20250801-0854;C:\Users\Personal\AppData\Local\Temp\jna-507808352

VM Arguments:
jvm_args: --add-modules=ALL-SYSTEM --add-opens=java.base/java.util=ALL-UNNAMED --add-opens=java.base/java.lang=ALL-UNNAMED --add-opens=java.base/sun.nio.fs=ALL-UNNAMED -Declipse.application=org.eclipse.jdt.ls.core.id1 -Dosgi.bundles.defaultStartLevel=4 -Declipse.product=org.eclipse.jdt.ls.core.product -Djava.import.generatesMetadataFilesAtProjectRoot=false -DDetectVMInstallationsJob.disabled=true -Dfile.encoding=utf8 -XX:+UseParallelGC -XX:GCTimeRatio=4 -XX:AdaptiveSizePolicyWeight=90 -Dsun.zip.disableMemoryMapping=true -Xmx2G -Xms100m -Xlog:disable -javaagent:c:\Users\Personal\.vscode\extensions\redhat.java-1.45.0-win32-x64\lombok\lombok-1.18.39-4050.jar -XX:+HeapDumpOnOutOfMemoryError -XX:HeapDumpPath=c:\Users\Personal\AppData\Roaming\Code\User\workspaceStorage\e3eb4395f35a1d7eb3c982ed5aef2f8d\redhat.java -Daether.dependencyCollector.impl=bf 
java_command: c:\Users\Personal\.vscode\extensions\redhat.java-1.45.0-win32-x64\server\plugins\org.eclipse.equinox.launcher_1.7.0.v20250519-0528.jar -configuration c:\Users\Personal\AppData\Roaming\Code\User\globalStorage\redhat.java\1.45.0\config_win -data c:\Users\Personal\AppData\Roaming\Code\User\workspaceStorage\e3eb4395f35a1d7eb3c982ed5aef2f8d\redhat.java\jdt_ws --pipe=\\.\pipe\lsp-4ee56b0e3464783ca2176edcbca1a756-sock
java_class_path (initial): c:\Users\Personal\.vscode\extensions\redhat.java-1.45.0-win32-x64\server\plugins\org.eclipse.equinox.launcher_1.7.0.v20250519-0528.jar
Launcher Type: SUN_STANDARD

[Global flags]
    uintx AdaptiveSizePolicyWeight                 = 90                                        {product} {command line}
     intx CICompilerCount                          = 4                                         {product} {ergonomic}
    uintx GCTimeRatio                              = 4                                         {product} {command line}
     bool HeapDumpOnOutOfMemoryError               = true                                   {manageable} {command line}
    ccstr HeapDumpPath                             = c:\Users\Personal\AppData\Roaming\Code\User\workspaceStorage\e3eb4395f35a1d7eb3c982ed5aef2f8d\redhat.java         {manageable} {command line}
   size_t InitialHeapSize                          = 104857600                                 {product} {command line}
   size_t MaxHeapSize                              = 2147483648                                {product} {command line}
   size_t MaxNewSize                               = 715653120                                 {product} {ergonomic}
   size_t MinHeapDeltaBytes                        = 524288                                    {product} {ergonomic}
   size_t MinHeapSize                              = 104857600                                 {product} {command line}
   size_t NewSize                                  = 34603008                                  {product} {ergonomic}
    uintx NonNMethodCodeHeapSize                   = 5839372                                {pd product} {ergonomic}
    uintx NonProfiledCodeHeapSize                  = 122909434                              {pd product} {ergonomic}
   size_t OldSize                                  = 70254592                                  {product} {ergonomic}
    uintx ProfiledCodeHeapSize                     = 122909434                              {pd product} {ergonomic}
    uintx ReservedCodeCacheSize                    = 251658240                              {pd product} {ergonomic}
     bool SegmentedCodeCache                       = true                                      {product} {ergonomic}
   size_t SoftMaxHeapSize                          = 2147483648                             {manageable} {ergonomic}
     bool UseCompressedOops                        = true                           {product lp64_product} {ergonomic}
     bool UseLargePagesIndividualAllocation        = false                                  {pd product} {ergonomic}
     bool UseParallelGC                            = true                                      {product} {command line}

Logging:
Log output configuration:
 #0: stdout all=off uptime,level,tags foldmultilines=false
 #1: stderr all=off uptime,level,tags foldmultilines=false

Environment Variables:
PATH=C:\Program Files\Common Files\Oracle\Java\javapath;C:\windows\system32;C:\windows;C:\windows\System32\Wbem;C:\windows\System32\WindowsPowerShell\v1.0\;C:\windows\System32\OpenSSH\;C:\MinGW\bin;C:\Program Files\HP\HP One Agent;C:\Program Files\nodejs\;C:\Program Files\Git\cmd;C:\Program Files\Git\mingw64\bin;C:\Program Files\Git\usr\bin;C:\Program Files\Java\jdk-17;C:\Program Files\Java\jdk-17\bin;;%SystemRoot%\system32;%SystemRoot%;%SystemRoot%\System32\Wbem;%SYSTEMROOT%\System32\WindowsPowerShell\v1.0\;%SYSTEMROOT%\System32\OpenSSH\;C:\Users\Personal\AppData\Local\Microsoft\WindowsApps;C:\Users\Personal\AppData\Roaming\npm;C:\Users\Personal\AppData\Local\Programs\Microsoft VS Code\bin;C:\Program Files\JetBrains\IntelliJ IDEA Community Edition 2024.2.3\bin;;
USERNAME=Personal
OS=Windows_NT
PROCESSOR_IDENTIFIER=Intel64 Family 6 Model 154 Stepping 4, GenuineIntel
TMP=C:\Users\Personal\AppData\Local\Temp
TEMP=C:\Users\Personal\AppData\Local\Temp




Periodic native trim disabled

---------------  S Y S T E M  ---------------

OS:
 Windows 11 , 64 bit Build 26100 (10.0.26100.5074)
OS uptime: 6 days 7:48 hours
Hyper-V role detected

CPU: total 12 (initial active 12) (6 cores per cpu, 2 threads per core) family 6 model 154 stepping 4 microcode 0x434, cx8, cmov, fxsr, ht, mmx, 3dnowpref, sse, sse2, sse3, ssse3, sse4.1, sse4.2, popcnt, lzcnt, tsc, tscinvbit, avx, avx2, aes, erms, clmul, bmi1, bmi2, adx, sha, fma, vzeroupper, clflush, clflushopt, clwb, hv, serialize, rdtscp, rdpid, fsrm, f16c, cet_ibt, cet_ss
Processor Information for processor 0
  Max Mhz: 1300, Current Mhz: 1300, Mhz Limit: 1300
Processor Information for processor 1
  Max Mhz: 1300, Current Mhz: 1300, Mhz Limit: 1300
Processor Information for processor 2
  Max Mhz: 1300, Current Mhz: 1300, Mhz Limit: 1300
Processor Information for processor 3
  Max Mhz: 1300, Current Mhz: 1300, Mhz Limit: 1300
Processor Information for processor 4
  Max Mhz: 1300, Current Mhz: 900, Mhz Limit: 897
Processor Information for processor 5
  Max Mhz: 1300, Current Mhz: 900, Mhz Limit: 897
Processor Information for processor 6
  Max Mhz: 1300, Current Mhz: 900, Mhz Limit: 897
Processor Information for processor 7
  Max Mhz: 1300, Current Mhz: 900, Mhz Limit: 897
Processor Information for processor 8
  Max Mhz: 1300, Current Mhz: 900, Mhz Limit: 897
Processor Information for processor 9
  Max Mhz: 1300, Current Mhz: 900, Mhz Limit: 897
Processor Information for processor 10
  Max Mhz: 1300, Current Mhz: 900, Mhz Limit: 897
Processor Information for processor 11
  Max Mhz: 1300, Current Mhz: 900, Mhz Limit: 897

Memory: 4k page, system-wide physical 16095M (3816M free)
TotalPageFile size 48744M (AvailPageFile size 3M)
current process WorkingSet (physical memory assigned to process): 246M, peak: 297M
current process commit charge ("private bytes"): 345M, peak: 396M

vm_info: OpenJDK 64-Bit Server VM (21.0.8+9-LTS) for windows-amd64 JRE (21.0.8+9-LTS), built on 2025-07-15T00:00:00Z by "admin" with MS VC++ 17.7 (VS2022)

END.
