#
# There is insufficient memory for the Java Runtime Environment to continue.
# Native memory allocation (malloc) failed to allocate 1048576 bytes. Error detail: AllocateHeap
# Possible reasons:
#   The system is out of physical RAM or swap space
#   This process is running with CompressedOops enabled, and the Java Heap may be blocking the growth of the native heap
# Possible solutions:
#   Reduce memory load on the system
#   Increase physical memory or swap space
#   Check if swap backing store is full
#   Decrease Java heap size (-Xmx/-Xms)
#   Decrease number of Java threads
#   Decrease Java thread stack sizes (-Xss)
#   Set larger code cache with -XX:ReservedCodeCacheSize=
#   JVM is running with Unscaled Compressed Oops mode in which the Java heap is
#     placed in the first 4GB address space. The Java Heap base address is the
#     maximum limit for the native heap growth. Please use -XX:HeapBaseMinAddress
#     to set the Java Heap base and to place the Java Heap above 4GB virtual address.
# This output file may be truncated or incomplete.
#
#  Out of Memory Error (allocation.cpp:44), pid=27608, tid=12468
#
# JRE version: OpenJDK Runtime Environment Temurin-21.0.8+9 (21.0.8+9) (build 21.0.8+9-LTS)
# Java VM: OpenJDK 64-Bit Server VM Temurin-21.0.8+9 (21.0.8+9-LTS, mixed mode, sharing, tiered, compressed oops, compressed class ptrs, parallel gc, windows-amd64)
# No core dump will be written. Minidumps are not enabled by default on client versions of Windows
#

---------------  S U M M A R Y ------------

Command Line: --add-modules=ALL-SYSTEM --add-opens=java.base/java.util=ALL-UNNAMED --add-opens=java.base/java.lang=ALL-UNNAMED --add-opens=java.base/sun.nio.fs=ALL-UNNAMED -Declipse.application=org.eclipse.jdt.ls.core.id1 -Dosgi.bundles.defaultStartLevel=4 -Declipse.product=org.eclipse.jdt.ls.core.product -Djava.import.generatesMetadataFilesAtProjectRoot=false -DDetectVMInstallationsJob.disabled=true -Dfile.encoding=utf8 -XX:+UseParallelGC -XX:GCTimeRatio=4 -XX:AdaptiveSizePolicyWeight=90 -Dsun.zip.disableMemoryMapping=true -Xmx2G -Xms100m -Xlog:disable -javaagent:c:\Users\Personal\.vscode\extensions\redhat.java-1.45.0-win32-x64\lombok\lombok-1.18.39-4050.jar -XX:+HeapDumpOnOutOfMemoryError -XX:HeapDumpPath=c:\Users\Personal\AppData\Roaming\Code\User\workspaceStorage\e3eb4395f35a1d7eb3c982ed5aef2f8d\redhat.java -Daether.dependencyCollector.impl=bf c:\Users\Personal\.vscode\extensions\redhat.java-1.45.0-win32-x64\server\plugins\org.eclipse.equinox.launcher_1.7.0.v20250519-0528.jar -configuration c:\Users\Personal\AppData\Roaming\Code\User\globalStorage\redhat.java\1.45.0\config_win -data c:\Users\Personal\AppData\Roaming\Code\User\workspaceStorage\e3eb4395f35a1d7eb3c982ed5aef2f8d\redhat.java\jdt_ws --pipe=\\.\pipe\lsp-20e709c0ef03abeb6b6be90d1b90a88c-sock

Host: 12th Gen Intel(R) Core(TM) i5-1235U, 12 cores, 15G,  Windows 11 , 64 bit Build 26100 (10.0.26100.5074)
Time: Fri Sep 26 00:43:56 2025 India Standard Time elapsed time: 4727.987651 seconds (0d 1h 18m 47s)

---------------  T H R E A D  ---------------

Current thread (0x0000029d5f6f8110):  JavaThread "Attach Listener" daemon [_thread_in_vm, id=12468, stack(0x000000c429400000,0x000000c429500000) (1024K)]

Stack: [0x000000c429400000,0x000000c429500000]
Native frames: (J=compiled Java code, j=interpreted, Vv=VM code, C=native code)
V  [jvm.dll+0x6d2449]
V  [jvm.dll+0x8ae341]
V  [jvm.dll+0x8b08be]
V  [jvm.dll+0x8b0fa3]
V  [jvm.dll+0x280c96]
V  [jvm.dll+0xc0347]
V  [jvm.dll+0x6d2cf9]
V  [jvm.dll+0x131116]
V  [jvm.dll+0x3f2d16]
V  [jvm.dll+0x857e6b]
V  [jvm.dll+0x6d0b0d]
C  [ucrtbase.dll+0x37b0]
C  [KERNEL32.DLL+0x2e8d7]
C  [ntdll.dll+0x8d9c]


---------------  P R O C E S S  ---------------

Threads class SMR info:
_java_thread_list=0x0000029d732c3bd0, length=39, elements={
0x0000029d44a2a140, 0x0000029d5f6f48b0, 0x0000029d46dcdf10, 0x0000029d5f6f75c0,
0x0000029d5f6f8110, 0x0000029d5f6f8d60, 0x0000029d5f6fb7c0, 0x0000029d5f6fe600,
0x0000029d5f71f4d0, 0x0000029d5f7e7b10, 0x0000029d5faee620, 0x0000029d6468f230,
0x0000029d647d9480, 0x0000029d6489cdf0, 0x0000029d6489d820, 0x0000029d64995200,
0x0000029d64a1ce00, 0x0000029d64b71b70, 0x0000029d64b73c40, 0x0000029d64b72f20,
0x0000029d64b714e0, 0x0000029d64b72890, 0x0000029d64b735b0, 0x0000029d64b707c0,
0x0000029d68460420, 0x0000029d68460ab0, 0x0000029d68461e60, 0x0000029d684638a0,
0x0000029d68463f30, 0x0000029d68461140, 0x0000029d684645c0, 0x0000029d68464c50,
0x0000029d684617d0, 0x0000029d684652e0, 0x0000029d68465970, 0x0000029d684624f0,
0x0000029d68466690, 0x0000029d68463210, 0x0000029d6747b450
}

Java Threads: ( => current thread )
  0x0000029d44a2a140 JavaThread "main"                              [_thread_blocked, id=30856, stack(0x000000c428d00000,0x000000c428e00000) (1024K)]
  0x0000029d5f6f48b0 JavaThread "Reference Handler"          daemon [_thread_blocked, id=26016, stack(0x000000c429100000,0x000000c429200000) (1024K)]
  0x0000029d46dcdf10 JavaThread "Finalizer"                  daemon [_thread_blocked, id=9268, stack(0x000000c429200000,0x000000c429300000) (1024K)]
  0x0000029d5f6f75c0 JavaThread "Signal Dispatcher"          daemon [_thread_blocked, id=18164, stack(0x000000c429300000,0x000000c429400000) (1024K)]
=>0x0000029d5f6f8110 JavaThread "Attach Listener"            daemon [_thread_in_vm, id=12468, stack(0x000000c429400000,0x000000c429500000) (1024K)]
  0x0000029d5f6f8d60 JavaThread "Service Thread"             daemon [_thread_blocked, id=2308, stack(0x000000c429500000,0x000000c429600000) (1024K)]
  0x0000029d5f6fb7c0 JavaThread "Monitor Deflation Thread"   daemon [_thread_blocked, id=16484, stack(0x000000c429600000,0x000000c429700000) (1024K)]
  0x0000029d5f6fe600 JavaThread "C2 CompilerThread0"         daemon [_thread_blocked, id=9264, stack(0x000000c429700000,0x000000c429800000) (1024K)]
  0x0000029d5f71f4d0 JavaThread "C1 CompilerThread0"         daemon [_thread_blocked, id=26532, stack(0x000000c429800000,0x000000c429900000) (1024K)]
  0x0000029d5f7e7b10 JavaThread "Common-Cleaner"             daemon [_thread_blocked, id=23192, stack(0x000000c429900000,0x000000c429a00000) (1024K)]
  0x0000029d5faee620 JavaThread "Notification Thread"        daemon [_thread_blocked, id=2228, stack(0x000000c429b00000,0x000000c429c00000) (1024K)]
  0x0000029d6468f230 JavaThread "Active Thread: Equinox Container: d9975191-e73b-4b74-acab-5bfd97a7679b"        [_thread_blocked, id=12928, stack(0x000000c42a300000,0x000000c42a400000) (1024K)]
  0x0000029d647d9480 JavaThread "Refresh Thread: Equinox Container: d9975191-e73b-4b74-acab-5bfd97a7679b" daemon [_thread_blocked, id=16084, stack(0x000000c42a400000,0x000000c42a500000) (1024K)]
  0x0000029d6489cdf0 JavaThread "Framework Event Dispatcher: Equinox Container: d9975191-e73b-4b74-acab-5bfd97a7679b" daemon [_thread_blocked, id=16776, stack(0x000000c42a600000,0x000000c42a700000) (1024K)]
  0x0000029d6489d820 JavaThread "Start Level: Equinox Container: d9975191-e73b-4b74-acab-5bfd97a7679b" daemon [_thread_blocked, id=14364, stack(0x000000c42a700000,0x000000c42a800000) (1024K)]
  0x0000029d64995200 JavaThread "Bundle File Closer"         daemon [_thread_blocked, id=26068, stack(0x000000c42aa00000,0x000000c42ab00000) (1024K)]
  0x0000029d64a1ce00 JavaThread "SCR Component Actor"        daemon [_thread_blocked, id=19040, stack(0x000000c42ab00000,0x000000c42ac00000) (1024K)]
  0x0000029d64b71b70 JavaThread "Worker-JM"                         [_thread_blocked, id=4996, stack(0x000000c42ad00000,0x000000c42ae00000) (1024K)]
  0x0000029d64b73c40 JavaThread "JNA Cleaner"                daemon [_thread_blocked, id=31124, stack(0x000000c42ae00000,0x000000c42af00000) (1024K)]
  0x0000029d64b72f20 JavaThread "Worker-0"                          [_thread_blocked, id=14608, stack(0x000000c42af00000,0x000000c42b000000) (1024K)]
  0x0000029d64b714e0 JavaThread "Java indexing"              daemon [_thread_blocked, id=24988, stack(0x000000c429c00000,0x000000c429d00000) (1024K)]
  0x0000029d64b72890 JavaThread "Worker-3"                          [_thread_blocked, id=24712, stack(0x000000c42b500000,0x000000c42b600000) (1024K)]
  0x0000029d64b735b0 JavaThread "Thread-2"                   daemon [_thread_in_native, id=15340, stack(0x000000c42b600000,0x000000c42b700000) (1024K)]
  0x0000029d64b707c0 JavaThread "Thread-3"                   daemon [_thread_in_native, id=12792, stack(0x000000c42b700000,0x000000c42b800000) (1024K)]
  0x0000029d68460420 JavaThread "Thread-4"                   daemon [_thread_in_native, id=1560, stack(0x000000c42b800000,0x000000c42b900000) (1024K)]
  0x0000029d68460ab0 JavaThread "Thread-5"                   daemon [_thread_in_native, id=10760, stack(0x000000c42b900000,0x000000c42ba00000) (1024K)]
  0x0000029d68461e60 JavaThread "Thread-6"                   daemon [_thread_in_native, id=7852, stack(0x000000c42ba00000,0x000000c42bb00000) (1024K)]
  0x0000029d684638a0 JavaThread "Thread-7"                   daemon [_thread_in_native, id=20684, stack(0x000000c42bb00000,0x000000c42bc00000) (1024K)]
  0x0000029d68463f30 JavaThread "Thread-8"                   daemon [_thread_in_native, id=9908, stack(0x000000c42bc00000,0x000000c42bd00000) (1024K)]
  0x0000029d68461140 JavaThread "Thread-9"                   daemon [_thread_in_native, id=3240, stack(0x000000c42bd00000,0x000000c42be00000) (1024K)]
  0x0000029d684645c0 JavaThread "Thread-10"                  daemon [_thread_in_native, id=5444, stack(0x000000c42be00000,0x000000c42bf00000) (1024K)]
  0x0000029d68464c50 JavaThread "Thread-11"                  daemon [_thread_in_native, id=25748, stack(0x000000c42bf00000,0x000000c42c000000) (1024K)]
  0x0000029d684617d0 JavaThread "Thread-12"                  daemon [_thread_in_native, id=31072, stack(0x000000c42c000000,0x000000c42c100000) (1024K)]
  0x0000029d684652e0 JavaThread "Thread-13"                  daemon [_thread_in_native, id=15008, stack(0x000000c42c100000,0x000000c42c200000) (1024K)]
  0x0000029d68465970 JavaThread "Thread-14"                  daemon [_thread_in_native, id=20332, stack(0x000000c42c200000,0x000000c42c300000) (1024K)]
  0x0000029d684624f0 JavaThread "pool-2-thread-1"                   [_thread_blocked, id=28724, stack(0x000000c42c300000,0x000000c42c400000) (1024K)]
  0x0000029d68466690 JavaThread "WorkspaceEventsHandler"            [_thread_blocked, id=7092, stack(0x000000c42c700000,0x000000c42c800000) (1024K)]
  0x0000029d68463210 JavaThread "pool-1-thread-1"                   [_thread_blocked, id=30120, stack(0x000000c42c800000,0x000000c42c900000) (1024K)]
  0x0000029d6747b450 JavaThread "Cleaner-0"                  daemon [_thread_blocked, id=10100, stack(0x000000c42d300000,0x000000c42d400000) (1024K)]
Total: 39

Other Threads:
  0x0000029d46db40b0 VMThread "VM Thread"                           [id=21492, stack(0x000000c429000000,0x000000c429100000) (1024K)]
  0x0000029d46caca00 WatcherThread "VM Periodic Task Thread"        [id=24544, stack(0x000000c428f00000,0x000000c429000000) (1024K)]
  0x0000029d46e3add0 WorkerThread "GC Thread#0"                     [id=25796, stack(0x000000c428e00000,0x000000c428f00000) (1024K)]
  0x0000029d646d6890 WorkerThread "GC Thread#1"                     [id=4396, stack(0x000000c429d00000,0x000000c429e00000) (1024K)]
  0x0000029d646a3420 WorkerThread "GC Thread#2"                     [id=10096, stack(0x000000c429e00000,0x000000c429f00000) (1024K)]
  0x0000029d6409c270 WorkerThread "GC Thread#3"                     [id=27804, stack(0x000000c429f00000,0x000000c42a000000) (1024K)]
  0x0000029d647ed550 WorkerThread "GC Thread#4"                     [id=6176, stack(0x000000c42a000000,0x000000c42a100000) (1024K)]
  0x0000029d647ed8f0 WorkerThread "GC Thread#5"                     [id=28980, stack(0x000000c42a100000,0x000000c42a200000) (1024K)]
  0x0000029d6427fda0 WorkerThread "GC Thread#6"                     [id=13368, stack(0x000000c42a200000,0x000000c42a300000) (1024K)]
  0x0000029d6484c9c0 WorkerThread "GC Thread#7"                     [id=1416, stack(0x000000c42a500000,0x000000c42a600000) (1024K)]
  0x0000029d6484cd60 WorkerThread "GC Thread#8"                     [id=16724, stack(0x000000c42a800000,0x000000c42a900000) (1024K)]
  0x0000029d6484d4a0 WorkerThread "GC Thread#9"                     [id=20656, stack(0x000000c42a900000,0x000000c42aa00000) (1024K)]
Total: 12

Threads with active compile tasks:
Total: 0

VM state: not at safepoint (normal execution)

VM Mutex/Monitor currently owned by a thread: None

Heap address: 0x0000000080000000, size: 2048 MB, Compressed Oops mode: 32-bit

CDS archive(s) mapped at: [0x0000029d00000000-0x0000029d00ba0000-0x0000029d00ba0000), size 12189696, SharedBaseAddress: 0x0000029d00000000, ArchiveRelocationMode: 1.
Compressed class space mapped at: 0x0000029d01000000-0x0000029d41000000, reserved size: 1073741824
Narrow klass base: 0x0000029d00000000, Narrow klass shift: 0, Narrow klass range: 0x100000000

GC Precious Log:
 CardTable entry size: 512
 CPUs: 12 total, 12 available
 Memory: 16095M
 Large Page Support: Disabled
 NUMA Support: Disabled
 Compressed Oops: Enabled (32-bit)
 Alignments: Space 512K, Generation 512K, Heap 2M
 Heap Min Capacity: 100M
 Heap Initial Capacity: 100M
 Heap Max Capacity: 2G
 Pre-touch: Disabled
 Parallel Workers: 10

Heap:
 PSYoungGen      total 17920K, used 5282K [0x00000000d5580000, 0x00000000d7380000, 0x0000000100000000)
  eden space 16896K, 25% used [0x00000000d5580000,0x00000000d59a9108,0x00000000d6600000)
  from space 1024K, 99% used [0x00000000d7180000,0x00000000d727fa60,0x00000000d7280000)
  to   space 1024K, 0% used [0x00000000d7280000,0x00000000d7280000,0x00000000d7380000)
 ParOldGen       total 135680K, used 135631K [0x0000000080000000, 0x0000000088480000, 0x00000000d5580000)
  object space 135680K, 99% used [0x0000000080000000,0x0000000088473c70,0x0000000088480000)
 Metaspace       used 68842K, committed 70272K, reserved 1114112K
  class space    used 7395K, committed 8000K, reserved 1048576K

Card table byte_map: [0x0000029d467c0000,0x0000029d46bd0000] _byte_map_base: 0x0000029d463c0000

Marking Bits: (ParMarkBitMap*) 0x00007ffc3118a340
 Begin Bits: [0x0000029d592c0000, 0x0000029d5b2c0000)
 End Bits:   [0x0000029d5b2c0000, 0x0000029d5d2c0000)

Polling page: 0x0000029d44cb0000

Metaspace:

Usage:
  Non-class:     60.01 MB used.
      Class:      7.22 MB used.
       Both:     67.23 MB used.

Virtual space:
  Non-class space:       64.00 MB reserved,      60.81 MB ( 95%) committed,  1 nodes.
      Class space:        1.00 GB reserved,       7.81 MB ( <1%) committed,  1 nodes.
             Both:        1.06 GB reserved,      68.62 MB (  6%) committed. 

Chunk freelists:
   Non-Class:  2.47 MB
       Class:  8.20 MB
        Both:  10.67 MB

MaxMetaspaceSize: unlimited
CompressedClassSpaceSize: 1.00 GB
Initial GC threshold: 21.00 MB
Current GC threshold: 97.31 MB
CDS: on
 - commit_granule_bytes: 65536.
 - commit_granule_words: 8192.
 - virtual_space_node_default_size: 8388608.
 - enlarge_chunks_in_place: 1.
 - use_allocation_guard: 0.


Internal statistics:

num_allocs_failed_limit: 9.
num_arena_births: 1228.
num_arena_deaths: 28.
num_vsnodes_births: 2.
num_vsnodes_deaths: 0.
num_space_committed: 1098.
num_space_uncommitted: 0.
num_chunks_returned_to_freelist: 43.
num_chunks_taken_from_freelist: 4281.
num_chunk_merges: 13.
num_chunk_splits: 2619.
num_chunks_enlarged: 1526.
num_inconsistent_stats: 0.

CodeHeap 'non-profiled nmethods': size=120000Kb used=6310Kb max_used=6310Kb free=113689Kb
 bounds [0x0000029d51ae0000, 0x0000029d52110000, 0x0000029d59010000]
CodeHeap 'profiled nmethods': size=120000Kb used=20222Kb max_used=20222Kb free=99777Kb
 bounds [0x0000029d4a010000, 0x0000029d4b3d0000, 0x0000029d51540000]
CodeHeap 'non-nmethods': size=5760Kb used=1477Kb max_used=1557Kb free=4282Kb
 bounds [0x0000029d51540000, 0x0000029d517b0000, 0x0000029d51ae0000]
CodeCache: size=245760Kb, used=28009Kb, max_used=28089Kb, free=217748Kb
 total_blobs=10139, nmethods=9342, adapters=703, full_count=0
Compilation: enabled, stopped_count=0, restarted_count=0

Compilation events (20 events):
Event: 3512.056 Thread 0x0000029d5f71f4d0 10103       1       org.eclipse.osgi.internal.location.BasicLocation::isReadOnly (5 bytes)
Event: 3512.057 Thread 0x0000029d5f71f4d0 nmethod 10103 0x0000029d52103e10 code [0x0000029d52103fa0, 0x0000029d52104070]
Event: 3717.492 Thread 0x0000029d5f6fe600 10104       4       jdk.internal.misc.Unsafe::putIntOpaque (9 bytes)
Event: 3717.492 Thread 0x0000029d5f6fe600 nmethod 10104 0x0000029d52104110 code [0x0000029d521042a0, 0x0000029d52104338]
Event: 3845.657 Thread 0x0000029d5f71f4d0 10105       1       com.sun.jna.internal.Cleaner::access$200 (5 bytes)
Event: 3845.658 Thread 0x0000029d5f71f4d0 nmethod 10105 0x0000029d52104410 code [0x0000029d521045a0, 0x0000029d52104650]
Event: 3847.608 Thread 0x0000029d5f71f4d0 10106       3       java.lang.ProcessHandleImpl::get (51 bytes)
Event: 3847.610 Thread 0x0000029d5f71f4d0 nmethod 10106 0x0000029d4b3c8a10 code [0x0000029d4b3c8c20, 0x0000029d4b3c9228]
Event: 3903.093 Thread 0x0000029d5f6fe600 10107       4       org.eclipse.core.internal.dtree.DataTreeNode::storeStrings (28 bytes)
Event: 3903.093 Thread 0x0000029d5f71f4d0 10108       3       org.eclipse.core.runtime.jobs.Job::getRule (5 bytes)
Event: 3903.093 Thread 0x0000029d5f71f4d0 nmethod 10108 0x0000029d4b3c9490 code [0x0000029d4b3c9620, 0x0000029d4b3c9740]
Event: 3903.198 Thread 0x0000029d5f6fe600 nmethod 10107 0x0000029d52104710 code [0x0000029d52104c00, 0x0000029d52107cd0]
Event: 4383.162 Thread 0x0000029d5f71f4d0 10109   !   3       org.eclipse.core.internal.jobs.JobManager::nextJob (291 bytes)
Event: 4383.174 Thread 0x0000029d5f71f4d0 nmethod 10109 0x0000029d4b3c9810 code [0x0000029d4b3c9ca0, 0x0000029d4b3cbdd8]
Event: 4383.174 Thread 0x0000029d5f71f4d0 10110       3       org.eclipse.core.internal.jobs.JobManager::startJob (89 bytes)
Event: 4383.177 Thread 0x0000029d5f71f4d0 nmethod 10110 0x0000029d4b3ccf10 code [0x0000029d4b3cd1c0, 0x0000029d4b3ce020]
Event: 4503.191 Thread 0x0000029d5f71f4d0 10111   !   3       org.eclipse.core.internal.jobs.JobManager::sleepHint (67 bytes)
Event: 4503.192 Thread 0x0000029d5f71f4d0 nmethod 10111 0x0000029d4b3ce490 code [0x0000029d4b3ce700, 0x0000029d4b3cf1d0]
Event: 4503.192 Thread 0x0000029d5f71f4d0 10112       3       org.eclipse.core.internal.jobs.JobQueue::isEmpty (18 bytes)
Event: 4503.192 Thread 0x0000029d5f71f4d0 nmethod 10112 0x0000029d4b3cf690 code [0x0000029d4b3cf840, 0x0000029d4b3cf9d0]

GC Heap History (20 events):
Event: 9.706 GC heap before
{Heap before GC invocations=41 (full 3):
 PSYoungGen      total 23552K, used 23528K [0x00000000d5580000, 0x00000000d7900000, 0x0000000100000000)
  eden space 16896K, 100% used [0x00000000d5580000,0x00000000d6600000,0x00000000d6600000)
  from space 6656K, 99% used [0x00000000d6a80000,0x00000000d70fa158,0x00000000d7100000)
  to   space 8192K, 0% used [0x00000000d7100000,0x00000000d7100000,0x00000000d7900000)
 ParOldGen       total 91136K, used 90772K [0x0000000080000000, 0x0000000085900000, 0x00000000d5580000)
  object space 91136K, 99% used [0x0000000080000000,0x00000000858a5380,0x0000000085900000)
 Metaspace       used 64878K, committed 66240K, reserved 1114112K
  class space    used 7023K, committed 7616K, reserved 1048576K
}
Event: 9.713 GC heap after
{Heap after GC invocations=41 (full 3):
 PSYoungGen      total 24576K, used 7650K [0x00000000d5580000, 0x00000000d7880000, 0x0000000100000000)
  eden space 16896K, 0% used [0x00000000d5580000,0x00000000d5580000,0x00000000d6600000)
  from space 7680K, 99% used [0x00000000d7100000,0x00000000d7878b98,0x00000000d7880000)
  to   space 8192K, 0% used [0x00000000d6880000,0x00000000d6880000,0x00000000d7080000)
 ParOldGen       total 97280K, used 97147K [0x0000000080000000, 0x0000000085f00000, 0x00000000d5580000)
  object space 97280K, 99% used [0x0000000080000000,0x0000000085edec60,0x0000000085f00000)
 Metaspace       used 64878K, committed 66240K, reserved 1114112K
  class space    used 7023K, committed 7616K, reserved 1048576K
}
Event: 9.742 GC heap before
{Heap before GC invocations=42 (full 3):
 PSYoungGen      total 24576K, used 24546K [0x00000000d5580000, 0x00000000d7880000, 0x0000000100000000)
  eden space 16896K, 100% used [0x00000000d5580000,0x00000000d6600000,0x00000000d6600000)
  from space 7680K, 99% used [0x00000000d7100000,0x00000000d7878b98,0x00000000d7880000)
  to   space 8192K, 0% used [0x00000000d6880000,0x00000000d6880000,0x00000000d7080000)
 ParOldGen       total 97280K, used 97147K [0x0000000080000000, 0x0000000085f00000, 0x00000000d5580000)
  object space 97280K, 99% used [0x0000000080000000,0x0000000085edec78,0x0000000085f00000)
 Metaspace       used 64905K, committed 66304K, reserved 1114112K
  class space    used 7024K, committed 7616K, reserved 1048576K
}
Event: 9.750 GC heap after
{Heap after GC invocations=42 (full 3):
 PSYoungGen      total 25088K, used 8172K [0x00000000d5580000, 0x00000000d8a00000, 0x0000000100000000)
  eden space 16896K, 0% used [0x00000000d5580000,0x00000000d5580000,0x00000000d6600000)
  from space 8192K, 99% used [0x00000000d6880000,0x00000000d707b2f0,0x00000000d7080000)
  to   space 18432K, 0% used [0x00000000d7800000,0x00000000d7800000,0x00000000d8a00000)
 ParOldGen       total 105984K, used 105718K [0x0000000080000000, 0x0000000086780000, 0x00000000d5580000)
  object space 105984K, 99% used [0x0000000080000000,0x000000008673d9f8,0x0000000086780000)
 Metaspace       used 64905K, committed 66304K, reserved 1114112K
  class space    used 7024K, committed 7616K, reserved 1048576K
}
Event: 9.794 GC heap before
{Heap before GC invocations=43 (full 3):
 PSYoungGen      total 25088K, used 25068K [0x00000000d5580000, 0x00000000d8a00000, 0x0000000100000000)
  eden space 16896K, 100% used [0x00000000d5580000,0x00000000d6600000,0x00000000d6600000)
  from space 8192K, 99% used [0x00000000d6880000,0x00000000d707b2f0,0x00000000d7080000)
  to   space 18432K, 0% used [0x00000000d7800000,0x00000000d7800000,0x00000000d8a00000)
 ParOldGen       total 105984K, used 105720K [0x0000000080000000, 0x0000000086780000, 0x00000000d5580000)
  object space 105984K, 99% used [0x0000000080000000,0x000000008673e2d8,0x0000000086780000)
 Metaspace       used 65102K, committed 66432K, reserved 1114112K
  class space    used 7036K, committed 7616K, reserved 1048576K
}
Event: 9.804 GC heap after
{Heap after GC invocations=43 (full 3):
 PSYoungGen      total 25088K, used 8095K [0x00000000d5580000, 0x00000000d8000000, 0x0000000100000000)
  eden space 16896K, 0% used [0x00000000d5580000,0x00000000d5580000,0x00000000d6600000)
  from space 8192K, 98% used [0x00000000d7800000,0x00000000d7fe7cb8,0x00000000d8000000)
  to   space 11264K, 0% used [0x00000000d6a00000,0x00000000d6a00000,0x00000000d7500000)
 ParOldGen       total 113664K, used 113514K [0x0000000080000000, 0x0000000086f00000, 0x00000000d5580000)
  object space 113664K, 99% used [0x0000000080000000,0x0000000086edaab0,0x0000000086f00000)
 Metaspace       used 65102K, committed 66432K, reserved 1114112K
  class space    used 7036K, committed 7616K, reserved 1048576K
}
Event: 9.868 GC heap before
{Heap before GC invocations=44 (full 3):
 PSYoungGen      total 25088K, used 24991K [0x00000000d5580000, 0x00000000d8000000, 0x0000000100000000)
  eden space 16896K, 100% used [0x00000000d5580000,0x00000000d6600000,0x00000000d6600000)
  from space 8192K, 98% used [0x00000000d7800000,0x00000000d7fe7cb8,0x00000000d8000000)
  to   space 11264K, 0% used [0x00000000d6a00000,0x00000000d6a00000,0x00000000d7500000)
 ParOldGen       total 113664K, used 113514K [0x0000000080000000, 0x0000000086f00000, 0x00000000d5580000)
  object space 113664K, 99% used [0x0000000080000000,0x0000000086edaab0,0x0000000086f00000)
 Metaspace       used 65187K, committed 66560K, reserved 1114112K
  class space    used 7042K, committed 7616K, reserved 1048576K
}
Event: 9.878 GC heap after
{Heap after GC invocations=44 (full 3):
 PSYoungGen      total 27136K, used 10080K [0x00000000d5580000, 0x00000000d7b00000, 0x0000000100000000)
  eden space 16896K, 0% used [0x00000000d5580000,0x00000000d5580000,0x00000000d6600000)
  from space 10240K, 98% used [0x00000000d6a00000,0x00000000d73d8000,0x00000000d7400000)
  to   space 7168K, 0% used [0x00000000d7400000,0x00000000d7400000,0x00000000d7b00000)
 ParOldGen       total 121856K, used 121401K [0x0000000080000000, 0x0000000087700000, 0x00000000d5580000)
  object space 121856K, 99% used [0x0000000080000000,0x000000008768e778,0x0000000087700000)
 Metaspace       used 65187K, committed 66560K, reserved 1114112K
  class space    used 7042K, committed 7616K, reserved 1048576K
}
Event: 10.044 GC heap before
{Heap before GC invocations=45 (full 3):
 PSYoungGen      total 27136K, used 26976K [0x00000000d5580000, 0x00000000d7b00000, 0x0000000100000000)
  eden space 16896K, 100% used [0x00000000d5580000,0x00000000d6600000,0x00000000d6600000)
  from space 10240K, 98% used [0x00000000d6a00000,0x00000000d73d8000,0x00000000d7400000)
  to   space 7168K, 0% used [0x00000000d7400000,0x00000000d7400000,0x00000000d7b00000)
 ParOldGen       total 121856K, used 121401K [0x0000000080000000, 0x0000000087700000, 0x00000000d5580000)
  object space 121856K, 99% used [0x0000000080000000,0x000000008768e778,0x0000000087700000)
 Metaspace       used 66012K, committed 67392K, reserved 1114112K
  class space    used 7109K, committed 7744K, reserved 1048576K
}
Event: 10.052 GC heap after
{Heap after GC invocations=45 (full 3):
 PSYoungGen      total 17920K, used 1009K [0x00000000d5580000, 0x00000000d7500000, 0x0000000100000000)
  eden space 16896K, 0% used [0x00000000d5580000,0x00000000d5580000,0x00000000d6600000)
  from space 1024K, 98% used [0x00000000d7400000,0x00000000d74fc4c0,0x00000000d7500000)
  to   space 4608K, 0% used [0x00000000d6c00000,0x00000000d6c00000,0x00000000d7080000)
 ParOldGen       total 131584K, used 131285K [0x0000000080000000, 0x0000000088080000, 0x00000000d5580000)
  object space 131584K, 99% used [0x0000000080000000,0x0000000088035788,0x0000000088080000)
 Metaspace       used 66012K, committed 67392K, reserved 1114112K
  class space    used 7109K, committed 7744K, reserved 1048576K
}
Event: 10.150 GC heap before
{Heap before GC invocations=46 (full 3):
 PSYoungGen      total 17920K, used 17905K [0x00000000d5580000, 0x00000000d7500000, 0x0000000100000000)
  eden space 16896K, 100% used [0x00000000d5580000,0x00000000d6600000,0x00000000d6600000)
  from space 1024K, 98% used [0x00000000d7400000,0x00000000d74fc4c0,0x00000000d7500000)
  to   space 4608K, 0% used [0x00000000d6c00000,0x00000000d6c00000,0x00000000d7080000)
 ParOldGen       total 131584K, used 131285K [0x0000000080000000, 0x0000000088080000, 0x00000000d5580000)
  object space 131584K, 99% used [0x0000000080000000,0x0000000088035788,0x0000000088080000)
 Metaspace       used 66583K, committed 68032K, reserved 1114112K
  class space    used 7175K, committed 7808K, reserved 1048576K
}
Event: 10.152 GC heap after
{Heap after GC invocations=46 (full 3):
 PSYoungGen      total 21504K, used 880K [0x00000000d5580000, 0x00000000d7480000, 0x0000000100000000)
  eden space 16896K, 0% used [0x00000000d5580000,0x00000000d5580000,0x00000000d6600000)
  from space 4608K, 19% used [0x00000000d6c00000,0x00000000d6cdc030,0x00000000d7080000)
  to   space 1536K, 0% used [0x00000000d7300000,0x00000000d7300000,0x00000000d7480000)
 ParOldGen       total 132096K, used 132042K [0x0000000080000000, 0x0000000088100000, 0x00000000d5580000)
  object space 132096K, 99% used [0x0000000080000000,0x00000000880f2ab0,0x0000000088100000)
 Metaspace       used 66583K, committed 68032K, reserved 1114112K
  class space    used 7175K, committed 7808K, reserved 1048576K
}
Event: 10.361 GC heap before
{Heap before GC invocations=47 (full 3):
 PSYoungGen      total 21504K, used 17776K [0x00000000d5580000, 0x00000000d7480000, 0x0000000100000000)
  eden space 16896K, 100% used [0x00000000d5580000,0x00000000d6600000,0x00000000d6600000)
  from space 4608K, 19% used [0x00000000d6c00000,0x00000000d6cdc030,0x00000000d7080000)
  to   space 1536K, 0% used [0x00000000d7300000,0x00000000d7300000,0x00000000d7480000)
 ParOldGen       total 132096K, used 132042K [0x0000000080000000, 0x0000000088100000, 0x00000000d5580000)
  object space 132096K, 99% used [0x0000000080000000,0x00000000880f2ab0,0x0000000088100000)
 Metaspace       used 67764K, committed 69248K, reserved 1114112K
  class space    used 7342K, committed 8000K, reserved 1048576K
}
Event: 10.362 GC heap after
{Heap after GC invocations=47 (full 3):
 PSYoungGen      total 17920K, used 825K [0x00000000d5580000, 0x00000000d7400000, 0x0000000100000000)
  eden space 16896K, 0% used [0x00000000d5580000,0x00000000d5580000,0x00000000d6600000)
  from space 1024K, 80% used [0x00000000d7300000,0x00000000d73ce470,0x00000000d7400000)
  to   space 1024K, 0% used [0x00000000d7200000,0x00000000d7200000,0x00000000d7300000)
 ParOldGen       total 132608K, used 132452K [0x0000000080000000, 0x0000000088180000, 0x00000000d5580000)
  object space 132608K, 99% used [0x0000000080000000,0x0000000088159148,0x0000000088180000)
 Metaspace       used 67764K, committed 69248K, reserved 1114112K
  class space    used 7342K, committed 8000K, reserved 1048576K
}
Event: 10.725 GC heap before
{Heap before GC invocations=48 (full 3):
 PSYoungGen      total 17920K, used 17721K [0x00000000d5580000, 0x00000000d7400000, 0x0000000100000000)
  eden space 16896K, 100% used [0x00000000d5580000,0x00000000d6600000,0x00000000d6600000)
  from space 1024K, 80% used [0x00000000d7300000,0x00000000d73ce470,0x00000000d7400000)
  to   space 1024K, 0% used [0x00000000d7200000,0x00000000d7200000,0x00000000d7300000)
 ParOldGen       total 132608K, used 132452K [0x0000000080000000, 0x0000000088180000, 0x00000000d5580000)
  object space 132608K, 99% used [0x0000000080000000,0x0000000088159148,0x0000000088180000)
 Metaspace       used 68000K, committed 69504K, reserved 1114112K
  class space    used 7345K, committed 8000K, reserved 1048576K
}
Event: 10.727 GC heap after
{Heap after GC invocations=48 (full 3):
 PSYoungGen      total 17920K, used 672K [0x00000000d5580000, 0x00000000d7380000, 0x0000000100000000)
  eden space 16896K, 0% used [0x00000000d5580000,0x00000000d5580000,0x00000000d6600000)
  from space 1024K, 65% used [0x00000000d7200000,0x00000000d72a8010,0x00000000d7300000)
  to   space 512K, 0% used [0x00000000d7300000,0x00000000d7300000,0x00000000d7380000)
 ParOldGen       total 133120K, used 132941K [0x0000000080000000, 0x0000000088200000, 0x00000000d5580000)
  object space 133120K, 99% used [0x0000000080000000,0x00000000881d35b8,0x0000000088200000)
 Metaspace       used 68000K, committed 69504K, reserved 1114112K
  class space    used 7345K, committed 8000K, reserved 1048576K
}
Event: 11.196 GC heap before
{Heap before GC invocations=49 (full 3):
 PSYoungGen      total 17920K, used 17568K [0x00000000d5580000, 0x00000000d7380000, 0x0000000100000000)
  eden space 16896K, 100% used [0x00000000d5580000,0x00000000d6600000,0x00000000d6600000)
  from space 1024K, 65% used [0x00000000d7200000,0x00000000d72a8010,0x00000000d7300000)
  to   space 512K, 0% used [0x00000000d7300000,0x00000000d7300000,0x00000000d7380000)
 ParOldGen       total 133120K, used 132941K [0x0000000080000000, 0x0000000088200000, 0x00000000d5580000)
  object space 133120K, 99% used [0x0000000080000000,0x00000000881d35b8,0x0000000088200000)
 Metaspace       used 68185K, committed 69696K, reserved 1114112K
  class space    used 7350K, committed 8000K, reserved 1048576K
}
Event: 11.197 GC heap after
{Heap after GC invocations=49 (full 3):
 PSYoungGen      total 17408K, used 512K [0x00000000d5580000, 0x00000000d7380000, 0x0000000100000000)
  eden space 16896K, 0% used [0x00000000d5580000,0x00000000d5580000,0x00000000d6600000)
  from space 512K, 100% used [0x00000000d7300000,0x00000000d7380000,0x00000000d7380000)
  to   space 1024K, 0% used [0x00000000d7180000,0x00000000d7180000,0x00000000d7280000)
 ParOldGen       total 133632K, used 133357K [0x0000000080000000, 0x0000000088280000, 0x00000000d5580000)
  object space 133632K, 99% used [0x0000000080000000,0x000000008823b5c8,0x0000000088280000)
 Metaspace       used 68185K, committed 69696K, reserved 1114112K
  class space    used 7350K, committed 8000K, reserved 1048576K
}
Event: 22.775 GC heap before
{Heap before GC invocations=50 (full 3):
 PSYoungGen      total 17408K, used 17407K [0x00000000d5580000, 0x00000000d7380000, 0x0000000100000000)
  eden space 16896K, 99% used [0x00000000d5580000,0x00000000d65ffff8,0x00000000d6600000)
  from space 512K, 100% used [0x00000000d7300000,0x00000000d7380000,0x00000000d7380000)
  to   space 1024K, 0% used [0x00000000d7180000,0x00000000d7180000,0x00000000d7280000)
 ParOldGen       total 133632K, used 133357K [0x0000000080000000, 0x0000000088280000, 0x00000000d5580000)
  object space 133632K, 99% used [0x0000000080000000,0x000000008823b5c8,0x0000000088280000)
 Metaspace       used 68520K, committed 69952K, reserved 1114112K
  class space    used 7381K, committed 8000K, reserved 1048576K
}
Event: 22.777 GC heap after
{Heap after GC invocations=50 (full 3):
 PSYoungGen      total 17920K, used 1022K [0x00000000d5580000, 0x00000000d7380000, 0x0000000100000000)
  eden space 16896K, 0% used [0x00000000d5580000,0x00000000d5580000,0x00000000d6600000)
  from space 1024K, 99% used [0x00000000d7180000,0x00000000d727fa60,0x00000000d7280000)
  to   space 1024K, 0% used [0x00000000d7280000,0x00000000d7280000,0x00000000d7380000)
 ParOldGen       total 135680K, used 135631K [0x0000000080000000, 0x0000000088480000, 0x00000000d5580000)
  object space 135680K, 99% used [0x0000000080000000,0x0000000088473c70,0x0000000088480000)
 Metaspace       used 68520K, committed 69952K, reserved 1114112K
  class space    used 7381K, committed 8000K, reserved 1048576K
}

Dll operation events (12 events):
Event: 0.007 Loaded shared library c:\Users\Personal\.vscode\extensions\redhat.java-1.45.0-win32-x64\jre\21.0.8-win32-x86_64\bin\java.dll
Event: 0.070 Loaded shared library c:\Users\Personal\.vscode\extensions\redhat.java-1.45.0-win32-x64\jre\21.0.8-win32-x86_64\bin\zip.dll
Event: 0.090 Loaded shared library C:\Users\Personal\.vscode\extensions\redhat.java-1.45.0-win32-x64\jre\21.0.8-win32-x86_64\bin\instrument.dll
Event: 0.096 Loaded shared library C:\Users\Personal\.vscode\extensions\redhat.java-1.45.0-win32-x64\jre\21.0.8-win32-x86_64\bin\net.dll
Event: 0.098 Loaded shared library C:\Users\Personal\.vscode\extensions\redhat.java-1.45.0-win32-x64\jre\21.0.8-win32-x86_64\bin\nio.dll
Event: 0.101 Loaded shared library C:\Users\Personal\.vscode\extensions\redhat.java-1.45.0-win32-x64\jre\21.0.8-win32-x86_64\bin\zip.dll
Event: 0.118 Loaded shared library C:\Users\Personal\.vscode\extensions\redhat.java-1.45.0-win32-x64\jre\21.0.8-win32-x86_64\bin\jimage.dll
Event: 0.195 Loaded shared library c:\Users\Personal\.vscode\extensions\redhat.java-1.45.0-win32-x64\jre\21.0.8-win32-x86_64\bin\verify.dll
Event: 1.332 Loaded shared library C:\Users\Personal\AppData\Roaming\Code\User\globalStorage\redhat.java\1.45.0\config_win\org.eclipse.equinox.launcher\org.eclipse.equinox.launcher.win32.win32.x86_64_1.2.1400.v20250801-0854\eclipse_11916.dll
Event: 2.927 Loaded shared library C:\Users\Personal\AppData\Local\Temp\jna-507808352\jna9563086316026631782.dll
Event: 4.814 Loaded shared library C:\Users\Personal\.vscode\extensions\redhat.java-1.45.0-win32-x64\jre\21.0.8-win32-x86_64\bin\sunmscapi.dll
Event: 5.007 Loaded shared library C:\Users\Personal\.vscode\extensions\redhat.java-1.45.0-win32-x64\jre\21.0.8-win32-x86_64\bin\extnet.dll

Deoptimization events (20 events):
Event: 31.156 Thread 0x0000029d6468f230 Uncommon trap: trap_request=0xffffffde fr.pc=0x0000029d51e9a328 relative=0x00000000000001e8
Event: 31.156 Thread 0x0000029d6468f230 Uncommon trap: reason=class_check action=maybe_recompile pc=0x0000029d51e9a328 method=java.util.ArrayList.hashCodeRange(II)I @ 53 c2
Event: 31.156 Thread 0x0000029d6468f230 DEOPT PACKING pc=0x0000029d51e9a328 sp=0x000000c42a3fed80
Event: 31.156 Thread 0x0000029d6468f230 DEOPT UNPACKING pc=0x0000029d51593aa2 sp=0x000000c42a3fec98 mode 2
Event: 31.157 Thread 0x0000029d6468f230 Uncommon trap: trap_request=0xffffffde fr.pc=0x0000029d51e180d8 relative=0x0000000000000198
Event: 31.157 Thread 0x0000029d6468f230 Uncommon trap: reason=class_check action=maybe_recompile pc=0x0000029d51e180d8 method=java.util.ArrayList.hashCodeRange(II)I @ 53 c2
Event: 31.157 Thread 0x0000029d6468f230 DEOPT PACKING pc=0x0000029d51e180d8 sp=0x000000c42a3fed10
Event: 31.157 Thread 0x0000029d6468f230 DEOPT UNPACKING pc=0x0000029d51593aa2 sp=0x000000c42a3fec98 mode 2
Event: 31.162 Thread 0x0000029d6468f230 Uncommon trap: trap_request=0xffffff45 fr.pc=0x0000029d51be0c5c relative=0x0000000000000cdc
Event: 31.162 Thread 0x0000029d6468f230 Uncommon trap: reason=unstable_if action=reinterpret pc=0x0000029d51be0c5c method=java.util.HashMap.putVal(ILjava/lang/Object;Ljava/lang/Object;ZZ)Ljava/lang/Object; @ 94 c2
Event: 31.162 Thread 0x0000029d6468f230 DEOPT PACKING pc=0x0000029d51be0c5c sp=0x000000c42a3ff070
Event: 31.162 Thread 0x0000029d6468f230 DEOPT UNPACKING pc=0x0000029d51593aa2 sp=0x000000c42a3fef10 mode 2
Event: 31.162 Thread 0x0000029d6468f230 Uncommon trap: trap_request=0xffffff45 fr.pc=0x0000029d51da00a4 relative=0x0000000000000684
Event: 31.162 Thread 0x0000029d6468f230 Uncommon trap: reason=unstable_if action=reinterpret pc=0x0000029d51da00a4 method=java.util.HashMap.removeNode(ILjava/lang/Object;Ljava/lang/Object;ZZ)Ljava/util/HashMap$Node; @ 62 c2
Event: 31.162 Thread 0x0000029d6468f230 DEOPT PACKING pc=0x0000029d51da00a4 sp=0x000000c42a3ff0e0
Event: 31.162 Thread 0x0000029d6468f230 DEOPT UNPACKING pc=0x0000029d51593aa2 sp=0x000000c42a3fefe0 mode 2
Event: 32.756 Thread 0x0000029d6747bae0 Uncommon trap: trap_request=0xffffffc6 fr.pc=0x0000029d51d9dcb0 relative=0x00000000000004b0
Event: 32.756 Thread 0x0000029d6747bae0 Uncommon trap: reason=bimorphic_or_optimized_type_check action=maybe_recompile pc=0x0000029d51d9dcb0 method=java.util.HashMap.removeNode(ILjava/lang/Object;Ljava/lang/Object;ZZ)Ljava/util/HashMap$Node; @ 283 c2
Event: 32.756 Thread 0x0000029d6747bae0 DEOPT PACKING pc=0x0000029d51d9dcb0 sp=0x000000c429afee90
Event: 32.756 Thread 0x0000029d6747bae0 DEOPT UNPACKING pc=0x0000029d51593aa2 sp=0x000000c429afee38 mode 2

Classes loaded (20 events):
Event: 31.195 Loading class sun/util/resources/OpenListResourceBundle
Event: 31.195 Loading class sun/util/resources/OpenListResourceBundle done
Event: 31.195 Loading class sun/util/resources/TimeZoneNamesBundle done
Event: 31.195 Loading class sun/util/resources/cldr/TimeZoneNames done
Event: 31.195 Loading class sun/util/resources/cldr/TimeZoneNames_en
Event: 31.196 Loading class sun/util/resources/cldr/TimeZoneNames_en done
Event: 31.196 Loading class sun/util/resources/cldr/TimeZoneNames_en_US
Event: 31.196 Loading class sun/util/resources/cldr/TimeZoneNames_en_US done
Event: 31.197 Loading class sun/util/cldr/CLDRBaseLocaleDataMetaInfo$TZCanonicalIDMapHolder
Event: 31.198 Loading class sun/util/cldr/CLDRBaseLocaleDataMetaInfo$TZCanonicalIDMapHolder done
Event: 31.199 Loading class sun/util/resources/TimeZoneNames
Event: 31.200 Loading class sun/util/resources/TimeZoneNames done
Event: 31.200 Loading class sun/util/resources/TimeZoneNames_en
Event: 31.200 Loading class sun/util/resources/TimeZoneNames_en done
Event: 32.757 Loading class sun/security/ssl/Alert
Event: 32.766 Loading class sun/security/ssl/Alert done
Event: 32.766 Loading class sun/security/ssl/Alert$AlertConsumer
Event: 32.767 Loading class sun/security/ssl/Alert$AlertConsumer done
Event: 32.767 Loading class sun/security/ssl/Alert$Level
Event: 32.767 Loading class sun/security/ssl/Alert$Level done

Classes unloaded (14 events):
Event: 3.645 Thread 0x0000029d46db40b0 Unloading class 0x0000029d011ab000 'java/lang/invoke/LambdaForm$MH+0x0000029d011ab000'
Event: 3.645 Thread 0x0000029d46db40b0 Unloading class 0x0000029d011aac00 'java/lang/invoke/LambdaForm$MH+0x0000029d011aac00'
Event: 3.645 Thread 0x0000029d46db40b0 Unloading class 0x0000029d011aa800 'java/lang/invoke/LambdaForm$MH+0x0000029d011aa800'
Event: 3.645 Thread 0x0000029d46db40b0 Unloading class 0x0000029d011aa400 'java/lang/invoke/LambdaForm$MH+0x0000029d011aa400'
Event: 3.645 Thread 0x0000029d46db40b0 Unloading class 0x0000029d011aa000 'java/lang/invoke/LambdaForm$BMH+0x0000029d011aa000'
Event: 3.645 Thread 0x0000029d46db40b0 Unloading class 0x0000029d011a9c00 'java/lang/invoke/LambdaForm$DMH+0x0000029d011a9c00'
Event: 3.645 Thread 0x0000029d46db40b0 Unloading class 0x0000029d011a8800 'java/lang/invoke/LambdaForm$DMH+0x0000029d011a8800'
Event: 4.830 Thread 0x0000029d46db40b0 Unloading class 0x0000029d013a0c00 'java/lang/invoke/LambdaForm$MH+0x0000029d013a0c00'
Event: 4.830 Thread 0x0000029d46db40b0 Unloading class 0x0000029d013a0000 'java/lang/invoke/LambdaForm$MH+0x0000029d013a0000'
Event: 4.830 Thread 0x0000029d46db40b0 Unloading class 0x0000029d0139d800 'java/lang/invoke/LambdaForm$MH+0x0000029d0139d800'
Event: 4.830 Thread 0x0000029d46db40b0 Unloading class 0x0000029d0139d000 'java/lang/invoke/LambdaForm$MH+0x0000029d0139d000'
Event: 4.830 Thread 0x0000029d46db40b0 Unloading class 0x0000029d0139c800 'java/lang/invoke/LambdaForm$DMH+0x0000029d0139c800'
Event: 4.830 Thread 0x0000029d46db40b0 Unloading class 0x0000029d01391c00 'java/lang/invoke/LambdaForm$MH+0x0000029d01391c00'
Event: 4.830 Thread 0x0000029d46db40b0 Unloading class 0x0000029d01391400 'java/lang/invoke/LambdaForm$MH+0x0000029d01391400'

Classes redefined (0 events):
No events

Internal exceptions (20 events):
Event: 9.426 Thread 0x0000029d67478660 Exception <a 'sun/nio/fs/WindowsException'{0x00000000d63c4e98}> (0x00000000d63c4e98) 
thrown [s\src\hotspot\share\prims\jni.cpp, line 520]
Event: 9.427 Thread 0x0000029d64b70e50 Exception <a 'sun/nio/fs/WindowsException'{0x00000000d6414fb0}> (0x00000000d6414fb0) 
thrown [s\src\hotspot\share\prims\jni.cpp, line 520]
Event: 9.427 Thread 0x0000029d64b70e50 Exception <a 'sun/nio/fs/WindowsException'{0x00000000d6415358}> (0x00000000d6415358) 
thrown [s\src\hotspot\share\prims\jni.cpp, line 520]
Event: 9.458 Thread 0x0000029d67476c20 Exception <a 'java/lang/NoSuchMethodError'{0x00000000d55b3728}: 'java.lang.Object java.lang.invoke.DirectMethodHandle$Holder.invokeStaticInit(java.lang.Object, java.lang.Object, java.lang.Object)'> (0x00000000d55b3728) 
thrown [s\src\hotspot\share\interpreter\linkResolver.cpp, line 773]
Event: 9.473 Thread 0x0000029d64b72200 Exception <a 'sun/nio/fs/WindowsException'{0x00000000d5657a68}> (0x00000000d5657a68) 
thrown [s\src\hotspot\share\prims\jni.cpp, line 520]
Event: 9.473 Thread 0x0000029d64b72200 Exception <a 'sun/nio/fs/WindowsException'{0x00000000d5658098}> (0x00000000d5658098) 
thrown [s\src\hotspot\share\prims\jni.cpp, line 520]
Event: 9.527 Thread 0x0000029d68462b80 Exception <a 'java/lang/NoSuchMethodError'{0x00000000d5d7eb48}: 'java.lang.Object java.lang.invoke.DirectMethodHandle$Holder.invokeSpecial(java.lang.Object, java.lang.Object, int, long)'> (0x00000000d5d7eb48) 
thrown [s\src\hotspot\share\interpreter\linkResolver.cpp, line 773]
Event: 9.577 Thread 0x0000029d64b72200 Exception <a 'java/lang/NoSuchMethodError'{0x00000000d64bb250}: 'java.lang.Object java.lang.invoke.DirectMethodHandle$Holder.invokeStatic(java.lang.Object, java.lang.Object, int, java.lang.Object)'> (0x00000000d64bb250) 
thrown [s\src\hotspot\share\interpreter\linkResolver.cpp, line 773]
Event: 9.579 Thread 0x0000029d64b72200 Exception <a 'java/lang/NoSuchMethodError'{0x00000000d64c1960}: 'java.lang.Object java.lang.invoke.DirectMethodHandle$Holder.newInvokeSpecial(java.lang.Object, java.lang.Object, int)'> (0x00000000d64c1960) 
thrown [s\src\hotspot\share\interpreter\linkResolver.cpp, line 773]
Event: 10.183 Thread 0x0000029d67476c20 Implicit null exception at 0x0000029d51f9e8a3 to 0x0000029d51f9ec08
Event: 10.200 Thread 0x0000029d67475f00 Exception <a 'java/lang/NoSuchMethodError'{0x00000000d59d6cb0}: 'void java.lang.invoke.DirectMethodHandle$Holder.invokeSpecial(java.lang.Object, java.lang.Object, int)'> (0x00000000d59d6cb0) 
thrown [s\src\hotspot\share\interpreter\linkResolver.cpp, line 773]
Event: 10.205 Thread 0x0000029d68462b80 Exception <a 'java/io/FileNotFoundException'{0x00000000d5b1c850}> (0x00000000d5b1c850) 
thrown [s\src\hotspot\share\prims\jni.cpp, line 520]
Event: 10.205 Thread 0x0000029d68462b80 Exception <a 'java/io/FileNotFoundException'{0x00000000d5b1dad0}> (0x00000000d5b1dad0) 
thrown [s\src\hotspot\share\prims\jni.cpp, line 520]
Event: 10.205 Thread 0x0000029d68462b80 Exception <a 'java/io/FileNotFoundException'{0x00000000d5b1e850}> (0x00000000d5b1e850) 
thrown [s\src\hotspot\share\prims\jni.cpp, line 520]
Event: 10.322 Thread 0x0000029d67475f00 Exception <a 'java/lang/NoSuchMethodError'{0x00000000d637f2c8}: 'int java.lang.invoke.DirectMethodHandle$Holder.invokeVirtual(java.lang.Object, java.lang.Object, java.lang.Object, int)'> (0x00000000d637f2c8) 
thrown [s\src\hotspot\share\interpreter\linkResolver.cpp, line 773]
Event: 11.336 Thread 0x0000029d68463210 Exception <a 'java/lang/IncompatibleClassChangeError'{0x00000000d56e0aa8}: Found class java.lang.Object, but interface was expected> (0x00000000d56e0aa8) 
thrown [s\src\hotspot\share\interpreter\linkResolver.cpp, line 840]
Event: 11.342 Thread 0x0000029d67476c20 Exception <a 'java/lang/ArrayIndexOutOfBoundsException'{0x00000000d5709cf8}> (0x00000000d5709cf8) 
thrown [s\src\hotspot\share\runtime\sharedRuntime.cpp, line 625]
Event: 14.267 Thread 0x0000029d67476c20 Exception <a 'java/lang/ArrayIndexOutOfBoundsException'{0x00000000d61f7958}> (0x00000000d61f7958) 
thrown [s\src\hotspot\share\runtime\sharedRuntime.cpp, line 625]
Event: 22.767 Thread 0x0000029d64b72f20 Exception <a 'java/lang/NoSuchMethodError'{0x00000000d6401ac0}: 'void java.lang.invoke.DirectMethodHandle$Holder.invokeStaticInit(java.lang.Object, java.lang.Object, java.lang.Object, java.lang.Object)'> (0x00000000d6401ac0) 
thrown [s\src\hotspot\share\interpreter\linkResolver.cpp, line 773]
Event: 31.162 Thread 0x0000029d6468f230 Implicit null exception at 0x0000029d51d9fc3d to 0x0000029d51da007a

ZGC Phase Switch (0 events):
No events

VM Operations (20 events):
Event: 4210.139 Executing VM operation: HandshakeAllThreads (HandshakeForDeflation)
Event: 4210.139 Executing VM operation: HandshakeAllThreads (HandshakeForDeflation) done
Event: 4210.139 Executing VM operation: RendezvousGCThreads
Event: 4210.139 Executing VM operation: RendezvousGCThreads done
Event: 4330.456 Executing VM operation: HandshakeAllThreads (HandshakeForDeflation)
Event: 4330.456 Executing VM operation: HandshakeAllThreads (HandshakeForDeflation) done
Event: 4330.456 Executing VM operation: RendezvousGCThreads
Event: 4330.456 Executing VM operation: RendezvousGCThreads done
Event: 4450.709 Executing VM operation: HandshakeAllThreads (HandshakeForDeflation)
Event: 4450.709 Executing VM operation: HandshakeAllThreads (HandshakeForDeflation) done
Event: 4450.709 Executing VM operation: RendezvousGCThreads
Event: 4450.709 Executing VM operation: RendezvousGCThreads done
Event: 4570.973 Executing VM operation: HandshakeAllThreads (HandshakeForDeflation)
Event: 4570.973 Executing VM operation: HandshakeAllThreads (HandshakeForDeflation) done
Event: 4570.973 Executing VM operation: RendezvousGCThreads
Event: 4570.973 Executing VM operation: RendezvousGCThreads done
Event: 4631.108 Executing VM operation: HandshakeAllThreads (HandshakeForDeflation)
Event: 4631.108 Executing VM operation: HandshakeAllThreads (HandshakeForDeflation) done
Event: 4631.109 Executing VM operation: RendezvousGCThreads
Event: 4631.109 Executing VM operation: RendezvousGCThreads done

Memory protections (0 events):
No events

Nmethod flushes (20 events):
Event: 8.965 Thread 0x0000029d46db40b0 flushing osr nmethod 0x0000029d4a842910
Event: 8.965 Thread 0x0000029d46db40b0 flushing  nmethod 0x0000029d4a84c890
Event: 8.965 Thread 0x0000029d46db40b0 flushing  nmethod 0x0000029d4a864d10
Event: 8.965 Thread 0x0000029d46db40b0 flushing  nmethod 0x0000029d4a86e410
Event: 8.965 Thread 0x0000029d46db40b0 flushing  nmethod 0x0000029d4a86ed90
Event: 8.965 Thread 0x0000029d46db40b0 flushing  nmethod 0x0000029d4a876410
Event: 8.965 Thread 0x0000029d46db40b0 flushing  nmethod 0x0000029d4a887510
Event: 8.965 Thread 0x0000029d46db40b0 flushing  nmethod 0x0000029d4a887b10
Event: 8.965 Thread 0x0000029d46db40b0 flushing  nmethod 0x0000029d4a888f10
Event: 8.965 Thread 0x0000029d46db40b0 flushing  nmethod 0x0000029d4a889f90
Event: 8.965 Thread 0x0000029d46db40b0 flushing  nmethod 0x0000029d4a88a310
Event: 8.965 Thread 0x0000029d46db40b0 flushing  nmethod 0x0000029d4a88ca10
Event: 8.965 Thread 0x0000029d46db40b0 flushing  nmethod 0x0000029d4a8a4710
Event: 8.965 Thread 0x0000029d46db40b0 flushing  nmethod 0x0000029d4a8b9910
Event: 8.965 Thread 0x0000029d46db40b0 flushing  nmethod 0x0000029d4a8c8490
Event: 8.965 Thread 0x0000029d46db40b0 flushing  nmethod 0x0000029d4a8eaf10
Event: 8.965 Thread 0x0000029d46db40b0 flushing  nmethod 0x0000029d4a945790
Event: 8.965 Thread 0x0000029d46db40b0 flushing  nmethod 0x0000029d4a949410
Event: 8.965 Thread 0x0000029d46db40b0 flushing  nmethod 0x0000029d4a94da90
Event: 8.965 Thread 0x0000029d46db40b0 flushing  nmethod 0x0000029d4a95f810

Events (20 events):
Event: 31.153 Thread 0x0000029d5f71f4d0 Thread added: 0x0000029d666df510
Event: 31.153 Thread 0x0000029d5f71f4d0 Thread added: 0x0000029d666e1050
Event: 37.771 Thread 0x0000029d666e1050 Thread exited: 0x0000029d666e1050
Event: 37.771 Thread 0x0000029d666df510 Thread exited: 0x0000029d666df510
Event: 37.771 Thread 0x0000029d6747bae0 Thread exited: 0x0000029d6747bae0
Event: 70.437 Thread 0x0000029d68462b80 Thread exited: 0x0000029d68462b80
Event: 70.437 Thread 0x0000029d64b70e50 Thread exited: 0x0000029d64b70e50
Event: 70.441 Thread 0x0000029d64b72200 Thread exited: 0x0000029d64b72200
Event: 70.441 Thread 0x0000029d68466000 Thread exited: 0x0000029d68466000
Event: 74.272 Thread 0x0000029d67476c20 Thread exited: 0x0000029d67476c20
Event: 134.289 Thread 0x0000029d67475f00 Thread exited: 0x0000029d67475f00
Event: 194.304 Thread 0x0000029d68467a40 Thread exited: 0x0000029d68467a40
Event: 254.308 Thread 0x0000029d684673b0 Thread exited: 0x0000029d684673b0
Event: 314.324 Thread 0x0000029d67478660 Thread exited: 0x0000029d67478660
Event: 374.326 Thread 0x0000029d67475870 Thread exited: 0x0000029d67475870
Event: 434.340 Thread 0x0000029d67479380 Thread exited: 0x0000029d67479380
Event: 494.355 Thread 0x0000029d67477940 Thread exited: 0x0000029d67477940
Event: 554.365 Thread 0x0000029d674772b0 Thread exited: 0x0000029d674772b0
Event: 614.372 Thread 0x0000029d67478cf0 Thread exited: 0x0000029d67478cf0
Event: 674.372 Thread 0x0000029d67476590 Thread exited: 0x0000029d67476590


Dynamic libraries:
0x00007ff67a100000 - 0x00007ff67a10e000 	c:\Users\Personal\.vscode\extensions\redhat.java-1.45.0-win32-x64\jre\21.0.8-win32-x86_64\bin\java.exe
0x00007ffcdbe20000 - 0x00007ffcdc089000 	C:\WINDOWS\SYSTEM32\ntdll.dll
0x00007ffcda660000 - 0x00007ffcda729000 	C:\WINDOWS\System32\KERNEL32.DLL
0x00007ffcd9280000 - 0x00007ffcd9673000 	C:\WINDOWS\System32\KERNELBASE.dll
0x00007ffcd9740000 - 0x00007ffcd988b000 	C:\WINDOWS\System32\ucrtbase.dll
0x00007ffcb60b0000 - 0x00007ffcb60c8000 	c:\Users\Personal\.vscode\extensions\redhat.java-1.45.0-win32-x64\jre\21.0.8-win32-x86_64\bin\jli.dll
0x00007ffcb5a70000 - 0x00007ffcb5a8e000 	c:\Users\Personal\.vscode\extensions\redhat.java-1.45.0-win32-x64\jre\21.0.8-win32-x86_64\bin\VCRUNTIME140.dll
0x00007ffcda380000 - 0x00007ffcda544000 	C:\WINDOWS\System32\USER32.dll
0x00007ffcd9680000 - 0x00007ffcd96a7000 	C:\WINDOWS\System32\win32u.dll
0x00007ffcb6750000 - 0x00007ffcb69e3000 	C:\WINDOWS\WinSxS\amd64_microsoft.windows.common-controls_6595b64144ccf1df_6.0.26100.5074_none_3e0d6f78e32fd63f\COMCTL32.dll
0x00007ffcdbd30000 - 0x00007ffcdbdd9000 	C:\WINDOWS\System32\msvcrt.dll
0x00007ffcdb810000 - 0x00007ffcdb83b000 	C:\WINDOWS\System32\GDI32.dll
0x00007ffcd9a00000 - 0x00007ffcd9b2d000 	C:\WINDOWS\System32\gdi32full.dll
0x00007ffcd8fb0000 - 0x00007ffcd9053000 	C:\WINDOWS\System32\msvcp_win.dll
0x00007ffcda8e0000 - 0x00007ffcda90f000 	C:\WINDOWS\System32\IMM32.DLL
0x00007ffcccf00000 - 0x00007ffcccf0c000 	c:\Users\Personal\.vscode\extensions\redhat.java-1.45.0-win32-x64\jre\21.0.8-win32-x86_64\bin\vcruntime140_1.dll
0x00007ffca0260000 - 0x00007ffca02ed000 	c:\Users\Personal\.vscode\extensions\redhat.java-1.45.0-win32-x64\jre\21.0.8-win32-x86_64\bin\msvcp140.dll
0x00007ffc304d0000 - 0x00007ffc31267000 	c:\Users\Personal\.vscode\extensions\redhat.java-1.45.0-win32-x64\jre\21.0.8-win32-x86_64\bin\server\jvm.dll
0x00007ffcdba60000 - 0x00007ffcdbb14000 	C:\WINDOWS\System32\ADVAPI32.dll
0x00007ffcdbb20000 - 0x00007ffcdbbc6000 	C:\WINDOWS\System32\sechost.dll
0x00007ffcd9da0000 - 0x00007ffcd9eb8000 	C:\WINDOWS\System32\RPCRT4.dll
0x00007ffcda750000 - 0x00007ffcda7c4000 	C:\WINDOWS\System32\WS2_32.dll
0x00007ffccd810000 - 0x00007ffccd845000 	C:\WINDOWS\SYSTEM32\WINMM.dll
0x00007ffcd8e10000 - 0x00007ffcd8e6e000 	C:\WINDOWS\SYSTEM32\POWRPROF.dll
0x00007ffcc3f10000 - 0x00007ffcc3f1b000 	C:\WINDOWS\SYSTEM32\VERSION.dll
0x00007ffcd8df0000 - 0x00007ffcd8e04000 	C:\WINDOWS\SYSTEM32\UMPDC.dll
0x00007ffcd7d60000 - 0x00007ffcd7d7b000 	C:\WINDOWS\SYSTEM32\kernel.appcore.dll
0x00007ffcc7730000 - 0x00007ffcc773a000 	c:\Users\Personal\.vscode\extensions\redhat.java-1.45.0-win32-x64\jre\21.0.8-win32-x86_64\bin\jimage.dll
0x00007ffcd66e0000 - 0x00007ffcd6922000 	C:\WINDOWS\SYSTEM32\DBGHELP.DLL
0x00007ffcd9ed0000 - 0x00007ffcda24b000 	C:\WINDOWS\System32\combase.dll
0x00007ffcdaf90000 - 0x00007ffcdb067000 	C:\WINDOWS\System32\OLEAUT32.dll
0x00007ffcaa1c0000 - 0x00007ffcaa1fd000 	C:\WINDOWS\SYSTEM32\dbgcore.DLL
0x00007ffcd91e0000 - 0x00007ffcd9279000 	C:\WINDOWS\System32\bcryptPrimitives.dll
0x00007ffcc7320000 - 0x00007ffcc732f000 	c:\Users\Personal\.vscode\extensions\redhat.java-1.45.0-win32-x64\jre\21.0.8-win32-x86_64\bin\instrument.dll
0x00007ffcb0230000 - 0x00007ffcb024f000 	c:\Users\Personal\.vscode\extensions\redhat.java-1.45.0-win32-x64\jre\21.0.8-win32-x86_64\bin\java.dll
0x00007ffcdb070000 - 0x00007ffcdb7bd000 	C:\WINDOWS\System32\SHELL32.dll
0x00007ffcd9890000 - 0x00007ffcd99fc000 	C:\WINDOWS\System32\wintypes.dll
0x00007ffcd6be0000 - 0x00007ffcd7439000 	C:\WINDOWS\SYSTEM32\windows.storage.dll
0x00007ffcda550000 - 0x00007ffcda640000 	C:\WINDOWS\System32\SHCORE.dll
0x00007ffcda2d0000 - 0x00007ffcda332000 	C:\WINDOWS\System32\shlwapi.dll
0x00007ffcd8ed0000 - 0x00007ffcd8ef9000 	C:\WINDOWS\SYSTEM32\profapi.dll
0x00007ffcad530000 - 0x00007ffcad548000 	c:\Users\Personal\.vscode\extensions\redhat.java-1.45.0-win32-x64\jre\21.0.8-win32-x86_64\bin\zip.dll
0x00007ffcb6190000 - 0x00007ffcb61a0000 	C:\Users\Personal\.vscode\extensions\redhat.java-1.45.0-win32-x64\jre\21.0.8-win32-x86_64\bin\net.dll
0x00007ffccf740000 - 0x00007ffccf85f000 	C:\WINDOWS\SYSTEM32\WINHTTP.dll
0x00007ffcd82f0000 - 0x00007ffcd835b000 	C:\WINDOWS\system32\mswsock.dll
0x00007ffcaa7c0000 - 0x00007ffcaa7d6000 	C:\Users\Personal\.vscode\extensions\redhat.java-1.45.0-win32-x64\jre\21.0.8-win32-x86_64\bin\nio.dll
0x00007ffcb0220000 - 0x00007ffcb0230000 	c:\Users\Personal\.vscode\extensions\redhat.java-1.45.0-win32-x64\jre\21.0.8-win32-x86_64\bin\verify.dll
0x00007ffca1d50000 - 0x00007ffca1d94000 	C:\Users\Personal\AppData\Roaming\Code\User\globalStorage\redhat.java\1.45.0\config_win\org.eclipse.equinox.launcher\org.eclipse.equinox.launcher.win32.win32.x86_64_1.2.1400.v20250801-0854\eclipse_11916.dll
0x00007ffcdb840000 - 0x00007ffcdb9d8000 	C:\WINDOWS\System32\ole32.dll
0x00007ffcd85a0000 - 0x00007ffcd85bb000 	C:\WINDOWS\SYSTEM32\CRYPTSP.dll
0x00007ffcd7cc0000 - 0x00007ffcd7cfb000 	C:\WINDOWS\system32\rsaenh.dll
0x00007ffcd8390000 - 0x00007ffcd83bb000 	C:\WINDOWS\SYSTEM32\USERENV.dll
0x00007ffcd8ea0000 - 0x00007ffcd8ec6000 	C:\WINDOWS\SYSTEM32\bcrypt.dll
0x00007ffcd8590000 - 0x00007ffcd859c000 	C:\WINDOWS\SYSTEM32\CRYPTBASE.dll
0x00007ffcd77b0000 - 0x00007ffcd77e4000 	C:\WINDOWS\SYSTEM32\IPHLPAPI.DLL
0x00007ffcd9ec0000 - 0x00007ffcd9eca000 	C:\WINDOWS\System32\NSI.dll
0x00007ffc9f670000 - 0x00007ffc9f6b9000 	C:\Users\Personal\AppData\Local\Temp\jna-507808352\jna9563086316026631782.dll
0x00007ffcda650000 - 0x00007ffcda658000 	C:\WINDOWS\System32\PSAPI.DLL
0x00007ffccfc10000 - 0x00007ffccfc2e000 	C:\WINDOWS\SYSTEM32\dhcpcsvc6.DLL
0x00007ffccf870000 - 0x00007ffccf893000 	C:\WINDOWS\SYSTEM32\dhcpcsvc.DLL
0x00007ffcad520000 - 0x00007ffcad52e000 	C:\Users\Personal\.vscode\extensions\redhat.java-1.45.0-win32-x64\jre\21.0.8-win32-x86_64\bin\sunmscapi.dll
0x00007ffcd9060000 - 0x00007ffcd91d7000 	C:\WINDOWS\System32\CRYPT32.dll
0x00007ffcd87d0000 - 0x00007ffcd8800000 	C:\WINDOWS\SYSTEM32\ncrypt.dll
0x00007ffcd8780000 - 0x00007ffcd87bf000 	C:\WINDOWS\SYSTEM32\NTASN1.dll
0x00007ffcd7850000 - 0x00007ffcd7976000 	C:\WINDOWS\SYSTEM32\DNSAPI.dll
0x00007ffcccf10000 - 0x00007ffcccf1b000 	C:\Windows\System32\rasadhlp.dll
0x00007ffcd00c0000 - 0x00007ffcd0146000 	C:\WINDOWS\System32\fwpuclnt.dll
0x00007ffcaa7b0000 - 0x00007ffcaa7b9000 	C:\Users\Personal\.vscode\extensions\redhat.java-1.45.0-win32-x64\jre\21.0.8-win32-x86_64\bin\extnet.dll

JVMTI agents:
c:\Users\Personal\.vscode\extensions\redhat.java-1.45.0-win32-x64\lombok\lombok-1.18.39-4050.jar path:c:\Users\Personal\.vscode\extensions\redhat.java-1.45.0-win32-x64\jre\21.0.8-win32-x86_64\bin\instrument.dll, loaded, initialized, instrumentlib options:none

dbghelp: loaded successfully - version: 4.0.5 - missing functions: none
symbol engine: initialized successfully - sym options: 0x614 - pdb path: .;c:\Users\Personal\.vscode\extensions\redhat.java-1.45.0-win32-x64\jre\21.0.8-win32-x86_64\bin;C:\WINDOWS\SYSTEM32;C:\WINDOWS\WinSxS\amd64_microsoft.windows.common-controls_6595b64144ccf1df_6.0.26100.5074_none_3e0d6f78e32fd63f;c:\Users\Personal\.vscode\extensions\redhat.java-1.45.0-win32-x64\jre\21.0.8-win32-x86_64\bin\server;C:\Users\Personal\AppData\Roaming\Code\User\globalStorage\redhat.java\1.45.0\config_win\org.eclipse.equinox.launcher\org.eclipse.equinox.launcher.win32.win32.x86_64_1.2.1400.v20250801-0854;C:\Users\Personal\AppData\Local\Temp\jna-507808352

VM Arguments:
jvm_args: --add-modules=ALL-SYSTEM --add-opens=java.base/java.util=ALL-UNNAMED --add-opens=java.base/java.lang=ALL-UNNAMED --add-opens=java.base/sun.nio.fs=ALL-UNNAMED -Declipse.application=org.eclipse.jdt.ls.core.id1 -Dosgi.bundles.defaultStartLevel=4 -Declipse.product=org.eclipse.jdt.ls.core.product -Djava.import.generatesMetadataFilesAtProjectRoot=false -DDetectVMInstallationsJob.disabled=true -Dfile.encoding=utf8 -XX:+UseParallelGC -XX:GCTimeRatio=4 -XX:AdaptiveSizePolicyWeight=90 -Dsun.zip.disableMemoryMapping=true -Xmx2G -Xms100m -Xlog:disable -javaagent:c:\Users\Personal\.vscode\extensions\redhat.java-1.45.0-win32-x64\lombok\lombok-1.18.39-4050.jar -XX:+HeapDumpOnOutOfMemoryError -XX:HeapDumpPath=c:\Users\Personal\AppData\Roaming\Code\User\workspaceStorage\e3eb4395f35a1d7eb3c982ed5aef2f8d\redhat.java -Daether.dependencyCollector.impl=bf 
java_command: c:\Users\Personal\.vscode\extensions\redhat.java-1.45.0-win32-x64\server\plugins\org.eclipse.equinox.launcher_1.7.0.v20250519-0528.jar -configuration c:\Users\Personal\AppData\Roaming\Code\User\globalStorage\redhat.java\1.45.0\config_win -data c:\Users\Personal\AppData\Roaming\Code\User\workspaceStorage\e3eb4395f35a1d7eb3c982ed5aef2f8d\redhat.java\jdt_ws --pipe=\\.\pipe\lsp-20e709c0ef03abeb6b6be90d1b90a88c-sock
java_class_path (initial): c:\Users\Personal\.vscode\extensions\redhat.java-1.45.0-win32-x64\server\plugins\org.eclipse.equinox.launcher_1.7.0.v20250519-0528.jar
Launcher Type: SUN_STANDARD

[Global flags]
    uintx AdaptiveSizePolicyWeight                 = 90                                        {product} {command line}
     intx CICompilerCount                          = 4                                         {product} {ergonomic}
    uintx GCTimeRatio                              = 4                                         {product} {command line}
     bool HeapDumpOnOutOfMemoryError               = true                                   {manageable} {command line}
    ccstr HeapDumpPath                             = c:\Users\Personal\AppData\Roaming\Code\User\workspaceStorage\e3eb4395f35a1d7eb3c982ed5aef2f8d\redhat.java         {manageable} {command line}
   size_t InitialHeapSize                          = 104857600                                 {product} {command line}
   size_t MaxHeapSize                              = 2147483648                                {product} {command line}
   size_t MaxNewSize                               = 715653120                                 {product} {ergonomic}
   size_t MinHeapDeltaBytes                        = 524288                                    {product} {ergonomic}
   size_t MinHeapSize                              = 104857600                                 {product} {command line}
   size_t NewSize                                  = 34603008                                  {product} {ergonomic}
    uintx NonNMethodCodeHeapSize                   = 5839372                                {pd product} {ergonomic}
    uintx NonProfiledCodeHeapSize                  = 122909434                              {pd product} {ergonomic}
   size_t OldSize                                  = 70254592                                  {product} {ergonomic}
    uintx ProfiledCodeHeapSize                     = 122909434                              {pd product} {ergonomic}
    uintx ReservedCodeCacheSize                    = 251658240                              {pd product} {ergonomic}
     bool SegmentedCodeCache                       = true                                      {product} {ergonomic}
   size_t SoftMaxHeapSize                          = 2147483648                             {manageable} {ergonomic}
     bool UseCompressedOops                        = true                           {product lp64_product} {ergonomic}
     bool UseLargePagesIndividualAllocation        = false                                  {pd product} {ergonomic}
     bool UseParallelGC                            = true                                      {product} {command line}

Logging:
Log output configuration:
 #0: stdout all=off uptime,level,tags foldmultilines=false
 #1: stderr all=off uptime,level,tags foldmultilines=false

Environment Variables:
PATH=C:\Program Files\Common Files\Oracle\Java\javapath;C:\windows\system32;C:\windows;C:\windows\System32\Wbem;C:\windows\System32\WindowsPowerShell\v1.0\;C:\windows\System32\OpenSSH\;C:\MinGW\bin;C:\Program Files\HP\HP One Agent;C:\Program Files\nodejs\;C:\Program Files\Git\cmd;C:\Program Files\Git\mingw64\bin;C:\Program Files\Git\usr\bin;C:\Program Files\Java\jdk-17;C:\Program Files\Java\jdk-17\bin;;%SystemRoot%\system32;%SystemRoot%;%SystemRoot%\System32\Wbem;%SYSTEMROOT%\System32\WindowsPowerShell\v1.0\;%SYSTEMROOT%\System32\OpenSSH\;C:\Users\Personal\AppData\Local\Microsoft\WindowsApps;C:\Users\Personal\AppData\Roaming\npm;C:\Users\Personal\AppData\Local\Programs\Microsoft VS Code\bin;C:\Program Files\JetBrains\IntelliJ IDEA Community Edition 2024.2.3\bin;;
USERNAME=Personal
OS=Windows_NT
PROCESSOR_IDENTIFIER=Intel64 Family 6 Model 154 Stepping 4, GenuineIntel
TMP=C:\Users\Personal\AppData\Local\Temp
TEMP=C:\Users\Personal\AppData\Local\Temp




Periodic native trim disabled

---------------  S Y S T E M  ---------------

OS:
 Windows 11 , 64 bit Build 26100 (10.0.26100.5074)
OS uptime: 6 days 7:47 hours
Hyper-V role detected

CPU: total 12 (initial active 12) (6 cores per cpu, 2 threads per core) family 6 model 154 stepping 4 microcode 0x434, cx8, cmov, fxsr, ht, mmx, 3dnowpref, sse, sse2, sse3, ssse3, sse4.1, sse4.2, popcnt, lzcnt, tsc, tscinvbit, avx, avx2, aes, erms, clmul, bmi1, bmi2, adx, sha, fma, vzeroupper, clflush, clflushopt, clwb, hv, serialize, rdtscp, rdpid, fsrm, f16c, cet_ibt, cet_ss
Processor Information for processor 0
  Max Mhz: 1300, Current Mhz: 1300, Mhz Limit: 1300
Processor Information for processor 1
  Max Mhz: 1300, Current Mhz: 1300, Mhz Limit: 1300
Processor Information for processor 2
  Max Mhz: 1300, Current Mhz: 1300, Mhz Limit: 1300
Processor Information for processor 3
  Max Mhz: 1300, Current Mhz: 1300, Mhz Limit: 1300
Processor Information for processor 4
  Max Mhz: 1300, Current Mhz: 900, Mhz Limit: 897
Processor Information for processor 5
  Max Mhz: 1300, Current Mhz: 900, Mhz Limit: 897
Processor Information for processor 6
  Max Mhz: 1300, Current Mhz: 900, Mhz Limit: 897
Processor Information for processor 7
  Max Mhz: 1300, Current Mhz: 900, Mhz Limit: 897
Processor Information for processor 8
  Max Mhz: 1300, Current Mhz: 900, Mhz Limit: 897
Processor Information for processor 9
  Max Mhz: 1300, Current Mhz: 900, Mhz Limit: 897
Processor Information for processor 10
  Max Mhz: 1300, Current Mhz: 900, Mhz Limit: 897
Processor Information for processor 11
  Max Mhz: 1300, Current Mhz: 900, Mhz Limit: 897

Memory: 4k page, system-wide physical 16095M (3935M free)
TotalPageFile size 48744M (AvailPageFile size 4M)
current process WorkingSet (physical memory assigned to process): 57M, peak: 438M
current process commit charge ("private bytes"): 423M, peak: 514M

vm_info: OpenJDK 64-Bit Server VM (21.0.8+9-LTS) for windows-amd64 JRE (21.0.8+9-LTS), built on 2025-07-15T00:00:00Z by "admin" with MS VC++ 17.7 (VS2022)

END.
