#
# There is insufficient memory for the Java Runtime Environment to continue.
# Native memory allocation (malloc) failed to allocate 2321136 bytes. Error detail: Chunk::new
# Possible reasons:
#   The system is out of physical RAM or swap space
#   This process is running with CompressedOops enabled, and the Java Heap may be blocking the growth of the native heap
# Possible solutions:
#   Reduce memory load on the system
#   Increase physical memory or swap space
#   Check if swap backing store is full
#   Decrease Java heap size (-Xmx/-Xms)
#   Decrease number of Java threads
#   Decrease Java thread stack sizes (-Xss)
#   Set larger code cache with -XX:ReservedCodeCacheSize=
#   JVM is running with Unscaled Compressed Oops mode in which the Java heap is
#     placed in the first 4GB address space. The Java Heap base address is the
#     maximum limit for the native heap growth. Please use -XX:HeapBaseMinAddress
#     to set the Java Heap base and to place the Java Heap above 4GB virtual address.
# This output file may be truncated or incomplete.
#
#  Out of Memory Error (arena.cpp:168), pid=17252, tid=25524
#
# JRE version: OpenJDK Runtime Environment Temurin-21.0.8+9 (21.0.8+9) (build 21.0.8+9-LTS)
# Java VM: OpenJDK 64-Bit Server VM Temurin-21.0.8+9 (21.0.8+9-LTS, mixed mode, sharing, tiered, compressed oops, compressed class ptrs, parallel gc, windows-amd64)
# No core dump will be written. Minidumps are not enabled by default on client versions of Windows
#

---------------  S U M M A R Y ------------

Command Line: --add-modules=ALL-SYSTEM --add-opens=java.base/java.util=ALL-UNNAMED --add-opens=java.base/java.lang=ALL-UNNAMED --add-opens=java.base/sun.nio.fs=ALL-UNNAMED -Declipse.application=org.eclipse.jdt.ls.core.id1 -Dosgi.bundles.defaultStartLevel=4 -Declipse.product=org.eclipse.jdt.ls.core.product -Djava.import.generatesMetadataFilesAtProjectRoot=false -DDetectVMInstallationsJob.disabled=true -Dfile.encoding=utf8 -XX:+UseParallelGC -XX:GCTimeRatio=4 -XX:AdaptiveSizePolicyWeight=90 -Dsun.zip.disableMemoryMapping=true -Xmx2G -Xms100m -Xlog:disable -javaagent:c:\Users\Personal\.vscode\extensions\redhat.java-1.45.0-win32-x64\lombok\lombok-1.18.39-4050.jar -XX:+HeapDumpOnOutOfMemoryError -XX:HeapDumpPath=c:\Users\Personal\AppData\Roaming\Code\User\workspaceStorage\e3eb4395f35a1d7eb3c982ed5aef2f8d\redhat.java -Daether.dependencyCollector.impl=bf c:\Users\Personal\.vscode\extensions\redhat.java-1.45.0-win32-x64\server\plugins\org.eclipse.equinox.launcher_1.7.0.v20250519-0528.jar -configuration c:\Users\Personal\AppData\Roaming\Code\User\globalStorage\redhat.java\1.45.0\config_win -data c:\Users\Personal\AppData\Roaming\Code\User\workspaceStorage\e3eb4395f35a1d7eb3c982ed5aef2f8d\redhat.java\jdt_ws --pipe=\\.\pipe\lsp-ad93d20d5fa9751f0a624d7fe740b5eb-sock

Host: 12th Gen Intel(R) Core(TM) i5-1235U, 12 cores, 15G,  Windows 11 , 64 bit Build 26100 (10.0.26100.5074)
Time: Fri Sep 26 00:44:06 2025 India Standard Time elapsed time: 9.810828 seconds (0d 0h 0m 9s)

---------------  T H R E A D  ---------------

Current thread (0x0000027046e0cdb0):  JavaThread "C2 CompilerThread1" daemon [_thread_in_native, id=25524, stack(0x000000bd68300000,0x000000bd68400000) (1024K)]


Current CompileTask:
C2:9810 5129   !   4       org.eclipse.osgi.internal.loader.classpath.ClasspathManager::defineClass (636 bytes)

Stack: [0x000000bd68300000,0x000000bd68400000]
Native frames: (J=compiled Java code, j=interpreted, Vv=VM code, C=native code)
V  [jvm.dll+0x6d2449]
V  [jvm.dll+0x8ae341]
V  [jvm.dll+0x8b08be]
V  [jvm.dll+0x8b0fa3]
V  [jvm.dll+0x280c96]
V  [jvm.dll+0xc581d]
V  [jvm.dll+0xc5d53]
V  [jvm.dll+0x3b9162]
V  [jvm.dll+0x385315]
V  [jvm.dll+0x38477a]
V  [jvm.dll+0x248ed0]
V  [jvm.dll+0x2484af]
V  [jvm.dll+0x1c89ee]
V  [jvm.dll+0x257d4d]
V  [jvm.dll+0x2562ea]
V  [jvm.dll+0x3f2d16]
V  [jvm.dll+0x857e6b]
V  [jvm.dll+0x6d0b0d]
C  [ucrtbase.dll+0x37b0]
C  [KERNEL32.DLL+0x2e8d7]
C  [ntdll.dll+0x8d9c]


---------------  P R O C E S S  ---------------

Threads class SMR info:
_java_thread_list=0x0000027047cfa5c0, length=43, elements={
0x00000270675fdff0, 0x00000270676a4800, 0x00000270675abcc0, 0x00000270676a4f60,
0x00000270676a71a0, 0x00000270676a7f20, 0x00000270676aa980, 0x00000270676b1950,
0x00000270676bbb40, 0x000002706766d060, 0x000002707f6c0e40, 0x0000027041a9c100,
0x0000027041a9ad50, 0x0000027041a9c790, 0x0000027041a9ce20, 0x0000027041a9ba70,
0x0000027041a9a6c0, 0x0000027041a9a030, 0x0000027041a9b3e0, 0x00000270468ca8f0,
0x00000270468c9bd0, 0x0000027046e0cdb0, 0x00000270468cbca0, 0x00000270468c9540,
0x00000270468ca260, 0x00000270468caf80, 0x00000270468cb610, 0x00000270468cc330,
0x00000270468c8eb0, 0x00000270468cc9c0, 0x00000270468cd6e0, 0x00000270468ce400,
0x00000270468cea90, 0x00000270468cf120, 0x00000270468cf7b0, 0x00000270468cfe40,
0x00000270468d04d0, 0x00000270468cd050, 0x00000270468cdd70, 0x0000027048ae2180,
0x0000027048ae0740, 0x0000027048ae0dd0, 0x0000027048aded00
}

Java Threads: ( => current thread )
  0x00000270675fdff0 JavaThread "main"                              [_thread_blocked, id=26280, stack(0x000000bd67600000,0x000000bd67700000) (1024K)]
  0x00000270676a4800 JavaThread "Reference Handler"          daemon [_thread_blocked, id=24772, stack(0x000000bd67a00000,0x000000bd67b00000) (1024K)]
  0x00000270675abcc0 JavaThread "Finalizer"                  daemon [_thread_blocked, id=18252, stack(0x000000bd67b00000,0x000000bd67c00000) (1024K)]
  0x00000270676a4f60 JavaThread "Signal Dispatcher"          daemon [_thread_blocked, id=9532, stack(0x000000bd67c00000,0x000000bd67d00000) (1024K)]
  0x00000270676a71a0 JavaThread "Attach Listener"            daemon [_thread_blocked, id=26248, stack(0x000000bd67d00000,0x000000bd67e00000) (1024K)]
  0x00000270676a7f20 JavaThread "Service Thread"             daemon [_thread_blocked, id=9404, stack(0x000000bd67e00000,0x000000bd67f00000) (1024K)]
  0x00000270676aa980 JavaThread "Monitor Deflation Thread"   daemon [_thread_blocked, id=18256, stack(0x000000bd67f00000,0x000000bd68000000) (1024K)]
  0x00000270676b1950 JavaThread "C2 CompilerThread0"         daemon [_thread_in_native, id=16624, stack(0x000000bd68000000,0x000000bd68100000) (1024K)]
  0x00000270676bbb40 JavaThread "C1 CompilerThread0"         daemon [_thread_blocked, id=24268, stack(0x000000bd68100000,0x000000bd68200000) (1024K)]
  0x000002706766d060 JavaThread "Common-Cleaner"             daemon [_thread_blocked, id=20296, stack(0x000000bd68200000,0x000000bd68300000) (1024K)]
  0x000002707f6c0e40 JavaThread "Notification Thread"        daemon [_thread_blocked, id=7268, stack(0x000000bd68400000,0x000000bd68500000) (1024K)]
  0x0000027041a9c100 JavaThread "Active Thread: Equinox Container: a1a4b471-50be-4b4c-9a2d-b275517869f7"        [_thread_blocked, id=27072, stack(0x000000bd68c00000,0x000000bd68d00000) (1024K)]
  0x0000027041a9ad50 JavaThread "Refresh Thread: Equinox Container: a1a4b471-50be-4b4c-9a2d-b275517869f7" daemon [_thread_blocked, id=18800, stack(0x000000bd68d00000,0x000000bd68e00000) (1024K)]
  0x0000027041a9c790 JavaThread "Framework Event Dispatcher: Equinox Container: a1a4b471-50be-4b4c-9a2d-b275517869f7" daemon [_thread_blocked, id=15512, stack(0x000000bd68f00000,0x000000bd69000000) (1024K)]
  0x0000027041a9ce20 JavaThread "Start Level: Equinox Container: a1a4b471-50be-4b4c-9a2d-b275517869f7" daemon [_thread_blocked, id=31492, stack(0x000000bd69000000,0x000000bd69100000) (1024K)]
  0x0000027041a9ba70 JavaThread "Bundle File Closer"         daemon [_thread_blocked, id=17728, stack(0x000000bd69300000,0x000000bd69400000) (1024K)]
  0x0000027041a9a6c0 JavaThread "SCR Component Actor"        daemon [_thread_blocked, id=2248, stack(0x000000bd68500000,0x000000bd68600000) (1024K)]
  0x0000027041a9a030 JavaThread "Worker-JM"                         [_thread_blocked, id=11020, stack(0x000000bd69500000,0x000000bd69600000) (1024K)]
  0x0000027041a9b3e0 JavaThread "JNA Cleaner"                daemon [_thread_blocked, id=17496, stack(0x000000bd69700000,0x000000bd69800000) (1024K)]
  0x00000270468ca8f0 JavaThread "Worker-0: Updating Maven Dependencies"        [_thread_blocked, id=21380, stack(0x000000bd69800000,0x000000bd69900000) (1024K)]
  0x00000270468c9bd0 JavaThread "Worker-1: Repository registry initialization"        [_thread_in_native, id=13828, stack(0x000000bd69900000,0x000000bd69a00000) (1024K)]
=>0x0000027046e0cdb0 JavaThread "C2 CompilerThread1"         daemon [_thread_in_native, id=25524, stack(0x000000bd68300000,0x000000bd68400000) (1024K)]
  0x00000270468cbca0 JavaThread "Java indexing"              daemon [_thread_blocked, id=18424, stack(0x000000bd69a00000,0x000000bd69b00000) (1024K)]
  0x00000270468c9540 JavaThread "Worker-2"                          [_thread_blocked, id=26504, stack(0x000000bd69b00000,0x000000bd69c00000) (1024K)]
  0x00000270468ca260 JavaThread "Worker-3: Initialize After Load"        [_thread_blocked, id=25048, stack(0x000000bd69c00000,0x000000bd69d00000) (1024K)]
  0x00000270468caf80 JavaThread "Worker-4"                          [_thread_blocked, id=10796, stack(0x000000bd69f00000,0x000000bd6a000000) (1024K)]
  0x00000270468cb610 JavaThread "Worker-5"                          [_thread_blocked, id=18952, stack(0x000000bd6a000000,0x000000bd6a100000) (1024K)]
  0x00000270468cc330 JavaThread "Thread-2"                   daemon [_thread_in_native, id=14020, stack(0x000000bd6a100000,0x000000bd6a200000) (1024K)]
  0x00000270468c8eb0 JavaThread "Thread-3"                   daemon [_thread_in_native, id=14476, stack(0x000000bd6a200000,0x000000bd6a300000) (1024K)]
  0x00000270468cc9c0 JavaThread "Thread-4"                   daemon [_thread_in_native, id=12680, stack(0x000000bd6a300000,0x000000bd6a400000) (1024K)]
  0x00000270468cd6e0 JavaThread "Thread-5"                   daemon [_thread_in_native, id=23752, stack(0x000000bd6a400000,0x000000bd6a500000) (1024K)]
  0x00000270468ce400 JavaThread "Thread-6"                   daemon [_thread_in_native, id=21624, stack(0x000000bd6a500000,0x000000bd6a600000) (1024K)]
  0x00000270468cea90 JavaThread "Thread-7"                   daemon [_thread_in_native, id=15952, stack(0x000000bd6a600000,0x000000bd6a700000) (1024K)]
  0x00000270468cf120 JavaThread "Thread-8"                   daemon [_thread_in_native, id=3616, stack(0x000000bd6a700000,0x000000bd6a800000) (1024K)]
  0x00000270468cf7b0 JavaThread "Thread-9"                   daemon [_thread_in_native, id=31328, stack(0x000000bd6a800000,0x000000bd6a900000) (1024K)]
  0x00000270468cfe40 JavaThread "Thread-10"                  daemon [_thread_in_native, id=23616, stack(0x000000bd6a900000,0x000000bd6aa00000) (1024K)]
  0x00000270468d04d0 JavaThread "Thread-11"                  daemon [_thread_in_native, id=24588, stack(0x000000bd6aa00000,0x000000bd6ab00000) (1024K)]
  0x00000270468cd050 JavaThread "Thread-12"                  daemon [_thread_in_native, id=27544, stack(0x000000bd6ab00000,0x000000bd6ac00000) (1024K)]
  0x00000270468cdd70 JavaThread "Thread-13"                  daemon [_thread_in_native, id=10728, stack(0x000000bd6ac00000,0x000000bd6ad00000) (1024K)]
  0x0000027048ae2180 JavaThread "Thread-14"                  daemon [_thread_in_native, id=21088, stack(0x000000bd6ad00000,0x000000bd6ae00000) (1024K)]
  0x0000027048ae0740 JavaThread "pool-2-thread-1"                   [_thread_blocked, id=10200, stack(0x000000bd6ae00000,0x000000bd6af00000) (1024K)]
  0x0000027048ae0dd0 JavaThread "WorkspaceEventsHandler"            [_thread_blocked, id=13772, stack(0x000000bd6af00000,0x000000bd6b000000) (1024K)]
  0x0000027048aded00 JavaThread "pool-1-thread-1"                   [_thread_blocked, id=28888, stack(0x000000bd6b000000,0x000000bd6b100000) (1024K)]
Total: 43

Other Threads:
  0x000002706769f7c0 VMThread "VM Thread"                           [id=14644, stack(0x000000bd67900000,0x000000bd67a00000) (1024K)]
  0x000002706748ca00 WatcherThread "VM Periodic Task Thread"        [id=25324, stack(0x000000bd67800000,0x000000bd67900000) (1024K)]
  0x000002706761c8c0 WorkerThread "GC Thread#0"                     [id=22468, stack(0x000000bd67700000,0x000000bd67800000) (1024K)]
  0x0000027041aa2300 WorkerThread "GC Thread#1"                     [id=10896, stack(0x000000bd68600000,0x000000bd68700000) (1024K)]
  0x00000270414759d0 WorkerThread "GC Thread#2"                     [id=3996, stack(0x000000bd68700000,0x000000bd68800000) (1024K)]
  0x0000027041475d70 WorkerThread "GC Thread#3"                     [id=27900, stack(0x000000bd68800000,0x000000bd68900000) (1024K)]
  0x0000027041476110 WorkerThread "GC Thread#4"                     [id=15200, stack(0x000000bd68900000,0x000000bd68a00000) (1024K)]
  0x00000270414764b0 WorkerThread "GC Thread#5"                     [id=8956, stack(0x000000bd68a00000,0x000000bd68b00000) (1024K)]
  0x00000270418e59e0 WorkerThread "GC Thread#6"                     [id=28712, stack(0x000000bd68b00000,0x000000bd68c00000) (1024K)]
  0x0000027046026b60 WorkerThread "GC Thread#7"                     [id=27276, stack(0x000000bd68e00000,0x000000bd68f00000) (1024K)]
  0x00000270417ba2d0 WorkerThread "GC Thread#8"                     [id=8348, stack(0x000000bd69100000,0x000000bd69200000) (1024K)]
  0x00000270417baa10 WorkerThread "GC Thread#9"                     [id=26404, stack(0x000000bd69200000,0x000000bd69300000) (1024K)]
Total: 12

Threads with active compile tasks:
C2 CompilerThread0  9846 5679       4       java.lang.invoke.MemberName::getMethodOrFieldType (72 bytes)
C1 CompilerThread0  9846 5686       3       com.google.common.util.concurrent.AbstractFutureState::blockingGet (148 bytes)
C2 CompilerThread1  9846 5129   !   4       org.eclipse.osgi.internal.loader.classpath.ClasspathManager::defineClass (636 bytes)
Total: 3

VM state: not at safepoint (normal execution)

VM Mutex/Monitor currently owned by a thread: None

Heap address: 0x0000000080000000, size: 2048 MB, Compressed Oops mode: 32-bit

CDS archive(s) mapped at: [0x0000027000000000-0x0000027000ba0000-0x0000027000ba0000), size 12189696, SharedBaseAddress: 0x0000027000000000, ArchiveRelocationMode: 1.
Compressed class space mapped at: 0x0000027001000000-0x0000027041000000, reserved size: 1073741824
Narrow klass base: 0x0000027000000000, Narrow klass shift: 0, Narrow klass range: 0x100000000

GC Precious Log:
 CardTable entry size: 512
 CPUs: 12 total, 12 available
 Memory: 16095M
 Large Page Support: Disabled
 NUMA Support: Disabled
 Compressed Oops: Enabled (32-bit)
 Alignments: Space 512K, Generation 512K, Heap 2M
 Heap Min Capacity: 100M
 Heap Initial Capacity: 100M
 Heap Max Capacity: 2G
 Pre-touch: Disabled
 Parallel Workers: 10

Heap:
 PSYoungGen      total 23552K, used 13433K [0x00000000d5580000, 0x00000000d6f00000, 0x0000000100000000)
  eden space 22016K, 55% used [0x00000000d5580000,0x00000000d616e6f8,0x00000000d6b00000)
  from space 1536K, 79% used [0x00000000d6d80000,0x00000000d6eb0000,0x00000000d6f00000)
  to   space 1536K, 0% used [0x00000000d6c00000,0x00000000d6c00000,0x00000000d6d80000)
 ParOldGen       total 68608K, used 20396K [0x0000000080000000, 0x0000000084300000, 0x00000000d5580000)
  object space 68608K, 29% used [0x0000000080000000,0x00000000813eb330,0x0000000084300000)
 Metaspace       used 42282K, committed 43456K, reserved 1114112K
  class space    used 4576K, committed 5056K, reserved 1048576K

Card table byte_map: [0x0000027066fa0000,0x00000270673b0000] _byte_map_base: 0x0000027066ba0000

Marking Bits: (ParMarkBitMap*) 0x00007ffc3118a340
 Begin Bits: [0x0000027079aa0000, 0x000002707baa0000)
 End Bits:   [0x000002707baa0000, 0x000002707daa0000)

Polling page: 0x00000270651a0000

Metaspace:

Usage:
  Non-class:     36.82 MB used.
      Class:      4.47 MB used.
       Both:     41.29 MB used.

Virtual space:
  Non-class space:       64.00 MB reserved,      37.50 MB ( 59%) committed,  1 nodes.
      Class space:        1.00 GB reserved,       4.94 MB ( <1%) committed,  1 nodes.
             Both:        1.06 GB reserved,      42.44 MB (  4%) committed. 

Chunk freelists:
   Non-Class:  9.83 MB
       Class:  10.91 MB
        Both:  20.73 MB

MaxMetaspaceSize: unlimited
CompressedClassSpaceSize: 1.00 GB
Initial GC threshold: 21.00 MB
Current GC threshold: 58.38 MB
CDS: on
 - commit_granule_bytes: 65536.
 - commit_granule_words: 8192.
 - virtual_space_node_default_size: 8388608.
 - enlarge_chunks_in_place: 1.
 - use_allocation_guard: 0.


Internal statistics:

num_allocs_failed_limit: 6.
num_arena_births: 782.
num_arena_deaths: 14.
num_vsnodes_births: 2.
num_vsnodes_deaths: 0.
num_space_committed: 679.
num_space_uncommitted: 0.
num_chunks_returned_to_freelist: 20.
num_chunks_taken_from_freelist: 2619.
num_chunk_merges: 10.
num_chunk_splits: 1652.
num_chunks_enlarged: 989.
num_inconsistent_stats: 0.

CodeHeap 'non-profiled nmethods': size=120000Kb used=2508Kb max_used=2508Kb free=117491Kb
 bounds [0x00000270722c0000, 0x0000027072540000, 0x00000270797f0000]
CodeHeap 'profiled nmethods': size=120000Kb used=10405Kb max_used=10405Kb free=109595Kb
 bounds [0x000002706a7f0000, 0x000002706b220000, 0x0000027071d20000]
CodeHeap 'non-nmethods': size=5760Kb used=1360Kb max_used=1435Kb free=4399Kb
 bounds [0x0000027071d20000, 0x0000027071f90000, 0x00000270722c0000]
CodeCache: size=245760Kb, used=14273Kb, max_used=14348Kb, free=231485Kb
 total_blobs=5760, nmethods=5103, adapters=563, full_count=0
Compilation: enabled, stopped_count=0, restarted_count=0

Compilation events (20 events):
Event: 8.787 Thread 0x00000270676bbb40 5640       1       java.lang.ClassValue::version (5 bytes)
Event: 8.787 Thread 0x00000270676bbb40 nmethod 5640 0x000002707252f990 code [0x000002707252fb20, 0x000002707252fbe8]
Event: 8.787 Thread 0x00000270676bbb40 5645       3       com.google.inject.internal.asm.$Attribute::computeAttributesSize (62 bytes)
Event: 8.788 Thread 0x00000270676bbb40 nmethod 5645 0x000002706b200e90 code [0x000002706b201060, 0x000002706b201348]
Event: 8.788 Thread 0x00000270676bbb40 5646       3       com.google.inject.internal.asm.$AnnotationWriter::computeAnnotationsSize (66 bytes)
Event: 8.788 Thread 0x00000270676bbb40 nmethod 5646 0x000002706b201490 code [0x000002706b201680, 0x000002706b201980]
Event: 8.788 Thread 0x00000270676bbb40 5647       3       com.google.inject.internal.asm.$Attribute::putAttributes (78 bytes)
Event: 8.789 Thread 0x00000270676bbb40 nmethod 5647 0x000002706b201b10 code [0x000002706b201d80, 0x000002706b2022a8]
Event: 8.789 Thread 0x00000270676b1950 5648       4       java.lang.StringBuilder::toString (9 bytes)
Event: 8.789 Thread 0x00000270486c1570 5649       4       com.google.inject.internal.asm.$ByteVector::putByte (39 bytes)
Event: 8.791 Thread 0x00000270486c1570 nmethod 5649 0x000002707252fc90 code [0x000002707252fe20, 0x000002707252ff88]
Event: 8.793 Thread 0x00000270486c1570 5650       4       java.lang.Class::reflectionData (43 bytes)
Event: 8.794 Thread 0x00000270676bbb40 5651       3       com.google.inject.internal.aop.ClassBuilding::signature (57 bytes)
Event: 8.795 Thread 0x00000270676bbb40 nmethod 5651 0x000002706b202590 code [0x000002706b2027c0, 0x000002706b202e28]
Event: 8.796 Thread 0x00000270486c1570 nmethod 5650 0x0000027072530090 code [0x0000027072530240, 0x00000270725303a0]
Event: 8.796 Thread 0x00000270676bbb40 5652       3       com.google.inject.internal.asm.$Label::put (83 bytes)
Event: 8.797 Thread 0x00000270676bbb40 nmethod 5652 0x000002706b203190 code [0x000002706b2033c0, 0x000002706b2037f0]
Event: 8.797 Thread 0x00000270676bbb40 5653       3       com.google.inject.internal.asm.$Label::addForwardReference (102 bytes)
Event: 8.797 Thread 0x00000270676bbb40 nmethod 5653 0x000002706b203990 code [0x000002706b203b60, 0x000002706b203fc0]
Event: 8.797 Thread 0x00000270676bbb40 5654       3       com.google.inject.internal.asm.$MethodWriter::visitFrame (811 bytes)

GC Heap History (20 events):
Event: 3.806 GC heap before
{Heap before GC invocations=9 (full 1):
 PSYoungGen      total 29184K, used 24576K [0x00000000d5580000, 0x00000000d7780000, 0x0000000100000000)
  eden space 24576K, 100% used [0x00000000d5580000,0x00000000d6d80000,0x00000000d6d80000)
  from space 4608K, 0% used [0x00000000d6e00000,0x00000000d6e00000,0x00000000d7280000)
  to   space 5120K, 0% used [0x00000000d7280000,0x00000000d7280000,0x00000000d7780000)
 ParOldGen       total 68608K, used 12932K [0x0000000080000000, 0x0000000084300000, 0x00000000d5580000)
  object space 68608K, 18% used [0x0000000080000000,0x0000000080ca1368,0x0000000084300000)
 Metaspace       used 23270K, committed 24064K, reserved 1114112K
  class space    used 2355K, committed 2688K, reserved 1048576K
}
Event: 3.808 GC heap after
{Heap after GC invocations=9 (full 1):
 PSYoungGen      total 25088K, used 747K [0x00000000d5580000, 0x00000000d7380000, 0x0000000100000000)
  eden space 24064K, 0% used [0x00000000d5580000,0x00000000d5580000,0x00000000d6d00000)
  from space 1024K, 72% used [0x00000000d7280000,0x00000000d733ace8,0x00000000d7380000)
  to   space 2560K, 0% used [0x00000000d6e80000,0x00000000d6e80000,0x00000000d7100000)
 ParOldGen       total 68608K, used 12932K [0x0000000080000000, 0x0000000084300000, 0x00000000d5580000)
  object space 68608K, 18% used [0x0000000080000000,0x0000000080ca1368,0x0000000084300000)
 Metaspace       used 23270K, committed 24064K, reserved 1114112K
  class space    used 2355K, committed 2688K, reserved 1048576K
}
Event: 4.091 GC heap before
{Heap before GC invocations=10 (full 1):
 PSYoungGen      total 25088K, used 24811K [0x00000000d5580000, 0x00000000d7380000, 0x0000000100000000)
  eden space 24064K, 100% used [0x00000000d5580000,0x00000000d6d00000,0x00000000d6d00000)
  from space 1024K, 72% used [0x00000000d7280000,0x00000000d733ace8,0x00000000d7380000)
  to   space 2560K, 0% used [0x00000000d6e80000,0x00000000d6e80000,0x00000000d7100000)
 ParOldGen       total 68608K, used 12932K [0x0000000080000000, 0x0000000084300000, 0x00000000d5580000)
  object space 68608K, 18% used [0x0000000080000000,0x0000000080ca1368,0x0000000084300000)
 Metaspace       used 26465K, committed 27264K, reserved 1114112K
  class space    used 2598K, committed 2944K, reserved 1048576K
}
Event: 4.093 GC heap after
{Heap after GC invocations=10 (full 1):
 PSYoungGen      total 26112K, used 2555K [0x00000000d5580000, 0x00000000d7300000, 0x0000000100000000)
  eden space 23552K, 0% used [0x00000000d5580000,0x00000000d5580000,0x00000000d6c80000)
  from space 2560K, 99% used [0x00000000d6e80000,0x00000000d70feef0,0x00000000d7100000)
  to   space 2048K, 0% used [0x00000000d7100000,0x00000000d7100000,0x00000000d7300000)
 ParOldGen       total 68608K, used 12932K [0x0000000080000000, 0x0000000084300000, 0x00000000d5580000)
  object space 68608K, 18% used [0x0000000080000000,0x0000000080ca1368,0x0000000084300000)
 Metaspace       used 26465K, committed 27264K, reserved 1114112K
  class space    used 2598K, committed 2944K, reserved 1048576K
}
Event: 4.544 GC heap before
{Heap before GC invocations=11 (full 1):
 PSYoungGen      total 26112K, used 26107K [0x00000000d5580000, 0x00000000d7300000, 0x0000000100000000)
  eden space 23552K, 100% used [0x00000000d5580000,0x00000000d6c80000,0x00000000d6c80000)
  from space 2560K, 99% used [0x00000000d6e80000,0x00000000d70feef0,0x00000000d7100000)
  to   space 2048K, 0% used [0x00000000d7100000,0x00000000d7100000,0x00000000d7300000)
 ParOldGen       total 68608K, used 12932K [0x0000000080000000, 0x0000000084300000, 0x00000000d5580000)
  object space 68608K, 18% used [0x0000000080000000,0x0000000080ca1368,0x0000000084300000)
 Metaspace       used 28514K, committed 29376K, reserved 1114112K
  class space    used 2783K, committed 3136K, reserved 1048576K
}
Event: 4.546 GC heap after
{Heap after GC invocations=11 (full 1):
 PSYoungGen      total 25088K, used 2031K [0x00000000d5580000, 0x00000000d7400000, 0x0000000100000000)
  eden space 23040K, 0% used [0x00000000d5580000,0x00000000d5580000,0x00000000d6c00000)
  from space 2048K, 99% used [0x00000000d7100000,0x00000000d72fbfa0,0x00000000d7300000)
  to   space 4096K, 0% used [0x00000000d6c00000,0x00000000d6c00000,0x00000000d7000000)
 ParOldGen       total 68608K, used 14416K [0x0000000080000000, 0x0000000084300000, 0x00000000d5580000)
  object space 68608K, 21% used [0x0000000080000000,0x0000000080e14108,0x0000000084300000)
 Metaspace       used 28514K, committed 29376K, reserved 1114112K
  class space    used 2783K, committed 3136K, reserved 1048576K
}
Event: 4.864 GC heap before
{Heap before GC invocations=12 (full 1):
 PSYoungGen      total 25088K, used 25071K [0x00000000d5580000, 0x00000000d7400000, 0x0000000100000000)
  eden space 23040K, 100% used [0x00000000d5580000,0x00000000d6c00000,0x00000000d6c00000)
  from space 2048K, 99% used [0x00000000d7100000,0x00000000d72fbfa0,0x00000000d7300000)
  to   space 4096K, 0% used [0x00000000d6c00000,0x00000000d6c00000,0x00000000d7000000)
 ParOldGen       total 68608K, used 14416K [0x0000000080000000, 0x0000000084300000, 0x00000000d5580000)
  object space 68608K, 21% used [0x0000000080000000,0x0000000080e14108,0x0000000084300000)
 Metaspace       used 31773K, committed 32704K, reserved 1114112K
  class space    used 3201K, committed 3584K, reserved 1048576K
}
Event: 4.866 GC heap after
{Heap after GC invocations=12 (full 1):
 PSYoungGen      total 24064K, used 1520K [0x00000000d5580000, 0x00000000d7180000, 0x0000000100000000)
  eden space 22528K, 0% used [0x00000000d5580000,0x00000000d5580000,0x00000000d6b80000)
  from space 1536K, 98% used [0x00000000d6c00000,0x00000000d6d7c150,0x00000000d6d80000)
  to   space 2560K, 0% used [0x00000000d6f00000,0x00000000d6f00000,0x00000000d7180000)
 ParOldGen       total 68608K, used 16317K [0x0000000080000000, 0x0000000084300000, 0x00000000d5580000)
  object space 68608K, 23% used [0x0000000080000000,0x0000000080fef538,0x0000000084300000)
 Metaspace       used 31773K, committed 32704K, reserved 1114112K
  class space    used 3201K, committed 3584K, reserved 1048576K
}
Event: 5.144 GC heap before
{Heap before GC invocations=13 (full 1):
 PSYoungGen      total 24064K, used 24048K [0x00000000d5580000, 0x00000000d7180000, 0x0000000100000000)
  eden space 22528K, 100% used [0x00000000d5580000,0x00000000d6b80000,0x00000000d6b80000)
  from space 1536K, 98% used [0x00000000d6c00000,0x00000000d6d7c150,0x00000000d6d80000)
  to   space 2560K, 0% used [0x00000000d6f00000,0x00000000d6f00000,0x00000000d7180000)
 ParOldGen       total 68608K, used 16317K [0x0000000080000000, 0x0000000084300000, 0x00000000d5580000)
  object space 68608K, 23% used [0x0000000080000000,0x0000000080fef538,0x0000000084300000)
 Metaspace       used 34526K, committed 35648K, reserved 1114112K
  class space    used 3572K, committed 4032K, reserved 1048576K
}
Event: 5.147 GC heap after
{Heap after GC invocations=13 (full 1):
 PSYoungGen      total 24064K, used 1792K [0x00000000d5580000, 0x00000000d7100000, 0x0000000100000000)
  eden space 22016K, 0% used [0x00000000d5580000,0x00000000d5580000,0x00000000d6b00000)
  from space 2048K, 87% used [0x00000000d6f00000,0x00000000d70c0000,0x00000000d7100000)
  to   space 2048K, 0% used [0x00000000d6d00000,0x00000000d6d00000,0x00000000d6f00000)
 ParOldGen       total 68608K, used 17554K [0x0000000080000000, 0x0000000084300000, 0x00000000d5580000)
  object space 68608K, 25% used [0x0000000080000000,0x0000000081124b40,0x0000000084300000)
 Metaspace       used 34526K, committed 35648K, reserved 1114112K
  class space    used 3572K, committed 4032K, reserved 1048576K
}
Event: 5.220 GC heap before
{Heap before GC invocations=14 (full 1):
 PSYoungGen      total 24064K, used 4491K [0x00000000d5580000, 0x00000000d7100000, 0x0000000100000000)
  eden space 22016K, 12% used [0x00000000d5580000,0x00000000d5822da8,0x00000000d6b00000)
  from space 2048K, 87% used [0x00000000d6f00000,0x00000000d70c0000,0x00000000d7100000)
  to   space 2048K, 0% used [0x00000000d6d00000,0x00000000d6d00000,0x00000000d6f00000)
 ParOldGen       total 68608K, used 17554K [0x0000000080000000, 0x0000000084300000, 0x00000000d5580000)
  object space 68608K, 25% used [0x0000000080000000,0x0000000081124b40,0x0000000084300000)
 Metaspace       used 34762K, committed 35840K, reserved 1114112K
  class space    used 3604K, committed 4096K, reserved 1048576K
}
Event: 5.222 GC heap after
{Heap after GC invocations=14 (full 1):
 PSYoungGen      total 22528K, used 374K [0x00000000d5580000, 0x00000000d6f80000, 0x0000000100000000)
  eden space 22016K, 0% used [0x00000000d5580000,0x00000000d5580000,0x00000000d6b00000)
  from space 512K, 73% used [0x00000000d6d00000,0x00000000d6d5db58,0x00000000d6d80000)
  to   space 1024K, 0% used [0x00000000d6e80000,0x00000000d6e80000,0x00000000d6f80000)
 ParOldGen       total 68608K, used 19210K [0x0000000080000000, 0x0000000084300000, 0x00000000d5580000)
  object space 68608K, 28% used [0x0000000080000000,0x00000000812c2b50,0x0000000084300000)
 Metaspace       used 34762K, committed 35840K, reserved 1114112K
  class space    used 3604K, committed 4096K, reserved 1048576K
}
Event: 5.222 GC heap before
{Heap before GC invocations=15 (full 2):
 PSYoungGen      total 22528K, used 374K [0x00000000d5580000, 0x00000000d6f80000, 0x0000000100000000)
  eden space 22016K, 0% used [0x00000000d5580000,0x00000000d5580000,0x00000000d6b00000)
  from space 512K, 73% used [0x00000000d6d00000,0x00000000d6d5db58,0x00000000d6d80000)
  to   space 1024K, 0% used [0x00000000d6e80000,0x00000000d6e80000,0x00000000d6f80000)
 ParOldGen       total 68608K, used 19210K [0x0000000080000000, 0x0000000084300000, 0x00000000d5580000)
  object space 68608K, 28% used [0x0000000080000000,0x00000000812c2b50,0x0000000084300000)
 Metaspace       used 34762K, committed 35840K, reserved 1114112K
  class space    used 3604K, committed 4096K, reserved 1048576K
}
Event: 5.258 GC heap after
{Heap after GC invocations=15 (full 2):
 PSYoungGen      total 22528K, used 0K [0x00000000d5580000, 0x00000000d6f80000, 0x0000000100000000)
  eden space 22016K, 0% used [0x00000000d5580000,0x00000000d5580000,0x00000000d6b00000)
  from space 512K, 0% used [0x00000000d6d00000,0x00000000d6d00000,0x00000000d6d80000)
  to   space 1024K, 0% used [0x00000000d6e80000,0x00000000d6e80000,0x00000000d6f80000)
 ParOldGen       total 68608K, used 18706K [0x0000000080000000, 0x0000000084300000, 0x00000000d5580000)
  object space 68608K, 27% used [0x0000000080000000,0x0000000081244890,0x0000000084300000)
 Metaspace       used 34762K, committed 35840K, reserved 1114112K
  class space    used 3604K, committed 4096K, reserved 1048576K
}
Event: 5.556 GC heap before
{Heap before GC invocations=16 (full 2):
 PSYoungGen      total 22528K, used 22016K [0x00000000d5580000, 0x00000000d6f80000, 0x0000000100000000)
  eden space 22016K, 100% used [0x00000000d5580000,0x00000000d6b00000,0x00000000d6b00000)
  from space 512K, 0% used [0x00000000d6d00000,0x00000000d6d00000,0x00000000d6d80000)
  to   space 1024K, 0% used [0x00000000d6e80000,0x00000000d6e80000,0x00000000d6f80000)
 ParOldGen       total 68608K, used 18759K [0x0000000080000000, 0x0000000084300000, 0x00000000d5580000)
  object space 68608K, 27% used [0x0000000080000000,0x0000000081251de0,0x0000000084300000)
 Metaspace       used 36397K, committed 37504K, reserved 1114112K
  class space    used 3829K, committed 4288K, reserved 1048576K
}
Event: 5.558 GC heap after
{Heap after GC invocations=16 (full 2):
 PSYoungGen      total 23040K, used 1013K [0x00000000d5580000, 0x00000000d6f80000, 0x0000000100000000)
  eden space 22016K, 0% used [0x00000000d5580000,0x00000000d5580000,0x00000000d6b00000)
  from space 1024K, 98% used [0x00000000d6e80000,0x00000000d6f7d550,0x00000000d6f80000)
  to   space 1536K, 0% used [0x00000000d6c80000,0x00000000d6c80000,0x00000000d6e00000)
 ParOldGen       total 68608K, used 18874K [0x0000000080000000, 0x0000000084300000, 0x00000000d5580000)
  object space 68608K, 27% used [0x0000000080000000,0x000000008126e880,0x0000000084300000)
 Metaspace       used 36397K, committed 37504K, reserved 1114112K
  class space    used 3829K, committed 4288K, reserved 1048576K
}
Event: 5.936 GC heap before
{Heap before GC invocations=17 (full 2):
 PSYoungGen      total 23040K, used 23029K [0x00000000d5580000, 0x00000000d6f80000, 0x0000000100000000)
  eden space 22016K, 100% used [0x00000000d5580000,0x00000000d6b00000,0x00000000d6b00000)
  from space 1024K, 98% used [0x00000000d6e80000,0x00000000d6f7d550,0x00000000d6f80000)
  to   space 1536K, 0% used [0x00000000d6c80000,0x00000000d6c80000,0x00000000d6e00000)
 ParOldGen       total 68608K, used 18876K [0x0000000080000000, 0x0000000084300000, 0x00000000d5580000)
  object space 68608K, 27% used [0x0000000080000000,0x000000008126f320,0x0000000084300000)
 Metaspace       used 38334K, committed 39488K, reserved 1114112K
  class space    used 4062K, committed 4544K, reserved 1048576K
}
Event: 5.939 GC heap after
{Heap after GC invocations=17 (full 2):
 PSYoungGen      total 23040K, used 1024K [0x00000000d5580000, 0x00000000d6f00000, 0x0000000100000000)
  eden space 22016K, 0% used [0x00000000d5580000,0x00000000d5580000,0x00000000d6b00000)
  from space 1024K, 100% used [0x00000000d6c80000,0x00000000d6d80000,0x00000000d6d80000)
  to   space 1536K, 0% used [0x00000000d6d80000,0x00000000d6d80000,0x00000000d6f00000)
 ParOldGen       total 68608K, used 19596K [0x0000000080000000, 0x0000000084300000, 0x00000000d5580000)
  object space 68608K, 28% used [0x0000000080000000,0x0000000081323330,0x0000000084300000)
 Metaspace       used 38334K, committed 39488K, reserved 1114112K
  class space    used 4062K, committed 4544K, reserved 1048576K
}
Event: 6.454 GC heap before
{Heap before GC invocations=18 (full 2):
 PSYoungGen      total 23040K, used 23040K [0x00000000d5580000, 0x00000000d6f00000, 0x0000000100000000)
  eden space 22016K, 100% used [0x00000000d5580000,0x00000000d6b00000,0x00000000d6b00000)
  from space 1024K, 100% used [0x00000000d6c80000,0x00000000d6d80000,0x00000000d6d80000)
  to   space 1536K, 0% used [0x00000000d6d80000,0x00000000d6d80000,0x00000000d6f00000)
 ParOldGen       total 68608K, used 19596K [0x0000000080000000, 0x0000000084300000, 0x00000000d5580000)
  object space 68608K, 28% used [0x0000000080000000,0x0000000081323330,0x0000000084300000)
 Metaspace       used 40871K, committed 42048K, reserved 1114112K
  class space    used 4391K, committed 4864K, reserved 1048576K
}
Event: 6.456 GC heap after
{Heap after GC invocations=18 (full 2):
 PSYoungGen      total 23552K, used 1216K [0x00000000d5580000, 0x00000000d6f00000, 0x0000000100000000)
  eden space 22016K, 0% used [0x00000000d5580000,0x00000000d5580000,0x00000000d6b00000)
  from space 1536K, 79% used [0x00000000d6d80000,0x00000000d6eb0000,0x00000000d6f00000)
  to   space 1536K, 0% used [0x00000000d6c00000,0x00000000d6c00000,0x00000000d6d80000)
 ParOldGen       total 68608K, used 20396K [0x0000000080000000, 0x0000000084300000, 0x00000000d5580000)
  object space 68608K, 29% used [0x0000000080000000,0x00000000813eb330,0x0000000084300000)
 Metaspace       used 40871K, committed 42048K, reserved 1114112K
  class space    used 4391K, committed 4864K, reserved 1048576K
}

Dll operation events (10 events):
Event: 0.006 Loaded shared library c:\Users\Personal\.vscode\extensions\redhat.java-1.45.0-win32-x64\jre\21.0.8-win32-x86_64\bin\java.dll
Event: 0.054 Loaded shared library c:\Users\Personal\.vscode\extensions\redhat.java-1.45.0-win32-x64\jre\21.0.8-win32-x86_64\bin\zip.dll
Event: 0.075 Loaded shared library C:\Users\Personal\.vscode\extensions\redhat.java-1.45.0-win32-x64\jre\21.0.8-win32-x86_64\bin\instrument.dll
Event: 0.081 Loaded shared library C:\Users\Personal\.vscode\extensions\redhat.java-1.45.0-win32-x64\jre\21.0.8-win32-x86_64\bin\net.dll
Event: 0.084 Loaded shared library C:\Users\Personal\.vscode\extensions\redhat.java-1.45.0-win32-x64\jre\21.0.8-win32-x86_64\bin\nio.dll
Event: 0.087 Loaded shared library C:\Users\Personal\.vscode\extensions\redhat.java-1.45.0-win32-x64\jre\21.0.8-win32-x86_64\bin\zip.dll
Event: 0.103 Loaded shared library C:\Users\Personal\.vscode\extensions\redhat.java-1.45.0-win32-x64\jre\21.0.8-win32-x86_64\bin\jimage.dll
Event: 0.201 Loaded shared library c:\Users\Personal\.vscode\extensions\redhat.java-1.45.0-win32-x64\jre\21.0.8-win32-x86_64\bin\verify.dll
Event: 1.222 Loaded shared library C:\Users\Personal\AppData\Roaming\Code\User\globalStorage\redhat.java\1.45.0\config_win\org.eclipse.equinox.launcher\org.eclipse.equinox.launcher.win32.win32.x86_64_1.2.1400.v20250801-0854\eclipse_11916.dll
Event: 2.859 Loaded shared library C:\Users\Personal\AppData\Local\Temp\jna-507808352\jna7572238046943266334.dll

Deoptimization events (20 events):
Event: 6.498 Thread 0x00000270468c9bd0 DEOPT PACKING pc=0x00000270724af534 sp=0x000000bd699fe220
Event: 6.498 Thread 0x00000270468c9bd0 DEOPT UNPACKING pc=0x0000027071d73aa2 sp=0x000000bd699fe1b0 mode 2
Event: 6.528 Thread 0x00000270468c9bd0 Uncommon trap: trap_request=0xfffffff4 fr.pc=0x00000270724a747c relative=0x000000000000033c
Event: 6.528 Thread 0x00000270468c9bd0 Uncommon trap: reason=null_check action=make_not_entrant pc=0x00000270724a747c method=sun.invoke.util.VerifyType.isNullConversion(Ljava/lang/Class;Ljava/lang/Class;Z)Z @ 67 c2
Event: 6.528 Thread 0x00000270468c9bd0 DEOPT PACKING pc=0x00000270724a747c sp=0x000000bd699fcc10
Event: 6.528 Thread 0x00000270468c9bd0 DEOPT UNPACKING pc=0x0000027071d73aa2 sp=0x000000bd699fcb90 mode 2
Event: 6.534 Thread 0x00000270468c9bd0 Uncommon trap: trap_request=0xffffff45 fr.pc=0x0000027072402604 relative=0x00000000000002a4
Event: 6.534 Thread 0x00000270468c9bd0 Uncommon trap: reason=unstable_if action=reinterpret pc=0x0000027072402604 method=java.lang.ClassLoader.checkName(Ljava/lang/String;)Z @ 1 c2
Event: 6.534 Thread 0x00000270468c9bd0 DEOPT PACKING pc=0x0000027072402604 sp=0x000000bd699fdff0
Event: 6.534 Thread 0x00000270468c9bd0 DEOPT UNPACKING pc=0x0000027071d73aa2 sp=0x000000bd699fdf88 mode 2
Event: 6.534 Thread 0x00000270468c9bd0 Uncommon trap: trap_request=0xffffff45 fr.pc=0x0000027072370bc8 relative=0x0000000000000f88
Event: 6.534 Thread 0x00000270468c9bd0 Uncommon trap: reason=unstable_if action=reinterpret pc=0x0000027072370bc8 method=lombok.patcher.ScriptManager$OurClassFileTransformer.transform(Ljava/lang/ClassLoader;Ljava/lang/String;Ljava/lang/Class;Ljava/security/ProtectionDomain;[B)[B @ 1 c2
Event: 6.534 Thread 0x00000270468c9bd0 DEOPT PACKING pc=0x0000027072370bc8 sp=0x000000bd699fcb50
Event: 6.534 Thread 0x00000270468c9bd0 DEOPT UNPACKING pc=0x0000027071d73aa2 sp=0x000000bd699fcad0 mode 2
Event: 8.574 Thread 0x00000270468ca260 DEOPT PACKING pc=0x000002706a87e73d sp=0x000000bd69cfee90
Event: 8.574 Thread 0x00000270468ca260 DEOPT UNPACKING pc=0x0000027071d74242 sp=0x000000bd69cfe370 mode 0
Event: 8.613 Thread 0x00000270468c9bd0 DEOPT PACKING pc=0x000002706b16d5bc sp=0x000000bd699fc390
Event: 8.613 Thread 0x00000270468c9bd0 DEOPT UNPACKING pc=0x0000027071d74242 sp=0x000000bd699fb8b0 mode 0
Event: 8.743 Thread 0x00000270468c9bd0 DEOPT PACKING pc=0x000002706b16d5bc sp=0x000000bd699fb700
Event: 8.743 Thread 0x00000270468c9bd0 DEOPT UNPACKING pc=0x0000027071d74242 sp=0x000000bd699fac20 mode 0

Classes loaded (20 events):
Event: 5.619 Loading class sun/reflect/generics/repository/FieldRepository
Event: 5.619 Loading class sun/reflect/generics/repository/FieldRepository done
Event: 5.870 Loading class sun/reflect/annotation/AnnotatedTypeFactory$AnnotatedParameterizedTypeImpl
Event: 5.871 Loading class java/lang/reflect/AnnotatedParameterizedType
Event: 5.871 Loading class java/lang/reflect/AnnotatedParameterizedType done
Event: 5.871 Loading class sun/reflect/annotation/AnnotatedTypeFactory$AnnotatedParameterizedTypeImpl done
Event: 6.079 Loading class sun/reflect/generics/scope/ConstructorScope
Event: 6.080 Loading class sun/reflect/generics/scope/ConstructorScope done
Event: 6.080 Loading class sun/reflect/generics/tree/VoidDescriptor
Event: 6.080 Loading class sun/reflect/generics/tree/VoidDescriptor done
Event: 6.173 Loading class java/util/concurrent/CompletionService
Event: 6.174 Loading class java/util/concurrent/CompletionService done
Event: 6.244 Loading class java/nio/channels/ServerSocketChannel
Event: 6.245 Loading class java/nio/channels/ServerSocketChannel done
Event: 6.488 Loading class java/lang/ExceptionInInitializerError
Event: 6.488 Loading class java/lang/ExceptionInInitializerError done
Event: 6.489 Loading class sun/misc/Unsafe
Event: 6.489 Loading class sun/misc/Unsafe done
Event: 6.531 Loading class jdk/internal/org/objectweb/asm/ClassReader
Event: 6.532 Loading class jdk/internal/org/objectweb/asm/ClassReader done

Classes unloaded (7 events):
Event: 3.494 Thread 0x000002706769f7c0 Unloading class 0x00000270011aa800 'java/lang/invoke/LambdaForm$MH+0x00000270011aa800'
Event: 3.494 Thread 0x000002706769f7c0 Unloading class 0x00000270011aa400 'java/lang/invoke/LambdaForm$MH+0x00000270011aa400'
Event: 3.494 Thread 0x000002706769f7c0 Unloading class 0x00000270011aa000 'java/lang/invoke/LambdaForm$MH+0x00000270011aa000'
Event: 3.494 Thread 0x000002706769f7c0 Unloading class 0x00000270011a9c00 'java/lang/invoke/LambdaForm$MH+0x00000270011a9c00'
Event: 3.494 Thread 0x000002706769f7c0 Unloading class 0x00000270011a9800 'java/lang/invoke/LambdaForm$BMH+0x00000270011a9800'
Event: 3.494 Thread 0x000002706769f7c0 Unloading class 0x00000270011a9400 'java/lang/invoke/LambdaForm$DMH+0x00000270011a9400'
Event: 3.494 Thread 0x000002706769f7c0 Unloading class 0x00000270011a8000 'java/lang/invoke/LambdaForm$DMH+0x00000270011a8000'

Classes redefined (0 events):
No events

Internal exceptions (20 events):
Event: 4.750 Thread 0x0000027041a9ce20 Exception <a 'java/io/FileNotFoundException'{0x00000000d62173b0}> (0x00000000d62173b0) 
thrown [s\src\hotspot\share\prims\jni.cpp, line 520]
Event: 4.777 Thread 0x0000027041a9ce20 Exception <a 'java/lang/UnsatisfiedLinkError'{0x00000000d641f0b0}: The specified procedure could not be found.
> (0x00000000d641f0b0) 
thrown [s\src\hotspot\share\prims\jni.cpp, line 539]
Event: 4.783 Thread 0x0000027041a9ce20 Exception <a 'java/io/FileNotFoundException'{0x00000000d64d6510}> (0x00000000d64d6510) 
thrown [s\src\hotspot\share\prims\jni.cpp, line 520]
Event: 4.796 Thread 0x0000027041a9ce20 Exception <a 'java/io/FileNotFoundException'{0x00000000d65e3c10}> (0x00000000d65e3c10) 
thrown [s\src\hotspot\share\prims\jni.cpp, line 520]
Event: 4.807 Thread 0x0000027041a9ce20 Exception <a 'java/lang/UnsatisfiedLinkError'{0x00000000d6615b68}: The specified procedure could not be found.
> (0x00000000d6615b68) 
thrown [s\src\hotspot\share\prims\jni.cpp, line 539]
Event: 4.888 Thread 0x00000270468c9540 Exception <a 'java/lang/NoSuchMethodError'{0x00000000d57efee8}: 'void java.lang.invoke.DirectMethodHandle$Holder.invokeStaticInit(java.lang.Object, java.lang.Object, java.lang.Object, java.lang.Object)'> (0x00000000d57efee8) 
thrown [s\src\hotspot\share\interpreter\linkResolver.cpp, line 773]
Event: 4.968 Thread 0x00000270675fdff0 Exception <a 'java/lang/NoSuchMethodError'{0x00000000d61cea80}: 'java.lang.Object java.lang.invoke.DirectMethodHandle$Holder.invokeStatic(java.lang.Object, long, java.lang.Object)'> (0x00000000d61cea80) 
thrown [s\src\hotspot\share\interpreter\linkResolver.cpp, line 773]
Event: 4.969 Thread 0x00000270675fdff0 Exception <a 'java/lang/NoSuchMethodError'{0x00000000d61fdaf8}: 'java.lang.Object java.lang.invoke.DirectMethodHandle$Holder.invokeStaticInit(java.lang.Object, long, java.lang.Object)'> (0x00000000d61fdaf8) 
thrown [s\src\hotspot\share\interpreter\linkResolver.cpp, line 773]
Event: 4.970 Thread 0x00000270675fdff0 Exception <a 'java/lang/NoSuchMethodError'{0x00000000d620e790}: 'java.lang.Object java.lang.invoke.DirectMethodHandle$Holder.newInvokeSpecial(java.lang.Object, long)'> (0x00000000d620e790) 
thrown [s\src\hotspot\share\interpreter\linkResolver.cpp, line 773]
Event: 5.156 Thread 0x00000270468c9bd0 Exception <a 'java/lang/NoClassDefFoundError'{0x00000000d55d2de0}: javax/enterprise/inject/Typed> (0x00000000d55d2de0) 
thrown [s\src\hotspot\share\classfile\systemDictionary.cpp, line 301]
Event: 5.508 Thread 0x00000270675fdff0 Exception <a 'java/lang/NoSuchMethodError'{0x00000000d6756b48}: 'void java.lang.invoke.DirectMethodHandle$Holder.invokeSpecial(java.lang.Object, java.lang.Object, java.lang.Object, java.lang.Object, java.lang.Object, java.lang.Object)'> (0x00000000d6756b48) 
thrown [s\src\hotspot\share\interpreter\linkResolver.cpp, line 773]
Event: 5.509 Thread 0x00000270675fdff0 Exception <a 'java/lang/IncompatibleClassChangeError'{0x00000000d675e5f8}: Found class java.lang.Object, but interface was expected> (0x00000000d675e5f8) 
thrown [s\src\hotspot\share\interpreter\linkResolver.cpp, line 840]
Event: 5.510 Thread 0x00000270675fdff0 Exception <a 'java/lang/IncompatibleClassChangeError'{0x00000000d6760380}: Found class java.lang.Object, but interface was expected> (0x00000000d6760380) 
thrown [s\src\hotspot\share\interpreter\linkResolver.cpp, line 840]
Event: 6.483 Thread 0x00000270468c9bd0 Exception <a 'java/lang/NoSuchMethodError'{0x00000000d568bde8}: 'void java.lang.invoke.DirectMethodHandle$Holder.invokeStaticInit(java.lang.Object, java.lang.Object, java.lang.Object)'> (0x00000000d568bde8) 
thrown [s\src\hotspot\share\interpreter\linkResolver.cpp, line 773]
Event: 6.491 Thread 0x00000270468c9bd0 Exception <a 'java/lang/ExceptionInInitializerError'{0x00000000d56cb430}> (0x00000000d56cb430) 
thrown [s\src\hotspot\share\oops\instanceKlass.cpp, line 1220]
Event: 6.528 Thread 0x00000270468c9bd0 Implicit null exception at 0x00000270724a71f7 to 0x00000270724a7468
Event: 6.528 Thread 0x00000270468c9bd0 Exception <a 'java/lang/NoSuchMethodError'{0x00000000d58475c0}: 'long java.lang.invoke.DirectMethodHandle$Holder.invokeStatic(java.lang.Object, java.lang.Object, int)'> (0x00000000d58475c0) 
thrown [s\src\hotspot\share\interpreter\linkResolver.cpp, line 773]
Event: 6.534 Thread 0x00000270468c9bd0 Implicit null exception at 0x000002707240237e to 0x00000270724025f0
Event: 6.534 Thread 0x00000270468c9bd0 Implicit null exception at 0x000002707236fc9c to 0x0000027072370bb8
Event: 6.536 Thread 0x00000270468c9bd0 Exception <a 'java/lang/NoSuchMethodError'{0x00000000d5887800}: 'java.lang.Object java.lang.invoke.Invokers$Holder.invokeExact_MT(java.lang.Object, int, java.lang.Object)'> (0x00000000d5887800) 
thrown [s\src\hotspot\share\interpreter\linkResolver.cpp, line 773]

ZGC Phase Switch (0 events):
No events

VM Operations (20 events):
Event: 5.258 Executing VM operation: CollectForMetadataAllocation (Metadata GC Threshold) done
Event: 5.556 Executing VM operation: ParallelGCFailedAllocation (Allocation Failure)
Event: 5.556 Executing VM operation: ParallelGCFailedAllocation (Allocation Failure) done
Event: 5.556 Executing VM operation: ParallelGCSystemGC (GCLocker Initiated GC)
Event: 5.558 Executing VM operation: ParallelGCSystemGC (GCLocker Initiated GC) done
Event: 5.931 Executing VM operation: HandshakeAllThreads (Deoptimize)
Event: 5.931 Executing VM operation: HandshakeAllThreads (Deoptimize) done
Event: 5.936 Executing VM operation: ParallelGCFailedAllocation (Allocation Failure)
Event: 5.939 Executing VM operation: ParallelGCFailedAllocation (Allocation Failure) done
Event: 6.204 Executing VM operation: HandshakeAllThreads (Deoptimize)
Event: 6.205 Executing VM operation: HandshakeAllThreads (Deoptimize) done
Event: 6.454 Executing VM operation: ParallelGCFailedAllocation (Allocation Failure)
Event: 6.456 Executing VM operation: ParallelGCFailedAllocation (Allocation Failure) done
Event: 7.469 Executing VM operation: Cleanup
Event: 7.469 Executing VM operation: Cleanup done
Event: 8.471 Executing VM operation: Cleanup
Event: 8.584 Executing VM operation: Cleanup done
Event: 8.640 Executing VM operation: HandshakeAllThreads (Deoptimize)
Event: 8.640 Executing VM operation: HandshakeAllThreads (Deoptimize) done
Event: 9.646 Executing VM operation: Cleanup

Memory protections (0 events):
No events

Nmethod flushes (20 events):
Event: 5.240 Thread 0x000002706769f7c0 flushing  nmethod 0x000002706ae6cf10
Event: 5.240 Thread 0x000002706769f7c0 flushing  nmethod 0x000002706ae6db10
Event: 5.240 Thread 0x000002706769f7c0 flushing  nmethod 0x000002706ae6e290
Event: 5.240 Thread 0x000002706769f7c0 flushing  nmethod 0x000002706ae6f390
Event: 5.240 Thread 0x000002706769f7c0 flushing  nmethod 0x000002706ae6fd10
Event: 5.240 Thread 0x000002706769f7c0 flushing  nmethod 0x000002706ae70a10
Event: 5.240 Thread 0x000002706769f7c0 flushing  nmethod 0x000002706ae70e10
Event: 5.240 Thread 0x000002706769f7c0 flushing  nmethod 0x000002706ae71310
Event: 5.240 Thread 0x000002706769f7c0 flushing  nmethod 0x000002706ae71e90
Event: 5.240 Thread 0x000002706769f7c0 flushing  nmethod 0x000002706ae72310
Event: 5.240 Thread 0x000002706769f7c0 flushing  nmethod 0x000002706ae73490
Event: 5.240 Thread 0x000002706769f7c0 flushing  nmethod 0x000002706ae73e10
Event: 5.240 Thread 0x000002706769f7c0 flushing  nmethod 0x000002706ae90a90
Event: 5.240 Thread 0x000002706769f7c0 flushing  nmethod 0x000002706ae94f10
Event: 5.240 Thread 0x000002706769f7c0 flushing  nmethod 0x000002706aea8d90
Event: 5.240 Thread 0x000002706769f7c0 flushing  nmethod 0x000002706aeaa990
Event: 5.240 Thread 0x000002706769f7c0 flushing  nmethod 0x000002706aeb0990
Event: 5.240 Thread 0x000002706769f7c0 flushing  nmethod 0x000002706af06810
Event: 5.240 Thread 0x000002706769f7c0 flushing  nmethod 0x000002706af31510
Event: 5.240 Thread 0x000002706769f7c0 flushing  nmethod 0x000002706af41010

Events (20 events):
Event: 4.779 Thread 0x00000270468c9540 Thread added: 0x00000270468ca260
Event: 4.851 Thread 0x00000270468c9540 Thread added: 0x00000270468caf80
Event: 4.938 Thread 0x00000270468caf80 Thread added: 0x00000270468cb610
Event: 4.984 Thread 0x00000270675fdff0 Thread added: 0x00000270468cc330
Event: 4.985 Thread 0x00000270675fdff0 Thread added: 0x00000270468c8eb0
Event: 4.985 Thread 0x00000270675fdff0 Thread added: 0x00000270468cc9c0
Event: 4.986 Thread 0x00000270675fdff0 Thread added: 0x00000270468cd6e0
Event: 4.986 Thread 0x00000270675fdff0 Thread added: 0x00000270468ce400
Event: 4.987 Thread 0x00000270675fdff0 Thread added: 0x00000270468cea90
Event: 4.987 Thread 0x00000270675fdff0 Thread added: 0x00000270468cf120
Event: 4.987 Thread 0x00000270675fdff0 Thread added: 0x00000270468cf7b0
Event: 4.988 Thread 0x00000270675fdff0 Thread added: 0x00000270468cfe40
Event: 4.988 Thread 0x00000270675fdff0 Thread added: 0x00000270468d04d0
Event: 4.988 Thread 0x00000270675fdff0 Thread added: 0x00000270468cd050
Event: 4.989 Thread 0x00000270675fdff0 Thread added: 0x00000270468cdd70
Event: 4.989 Thread 0x00000270675fdff0 Thread added: 0x0000027048ae2180
Event: 5.104 Thread 0x00000270675fdff0 Thread added: 0x0000027048ae0740
Event: 5.547 Thread 0x00000270675fdff0 Thread added: 0x0000027048ae0dd0
Event: 5.548 Thread 0x00000270675fdff0 Thread added: 0x0000027048aded00
Event: 8.585 Thread 0x0000027041a999a0 Thread exited: 0x0000027041a999a0


Dynamic libraries:
0x00007ff67a100000 - 0x00007ff67a10e000 	c:\Users\Personal\.vscode\extensions\redhat.java-1.45.0-win32-x64\jre\21.0.8-win32-x86_64\bin\java.exe
0x00007ffcdbe20000 - 0x00007ffcdc089000 	C:\WINDOWS\SYSTEM32\ntdll.dll
0x00007ffcda660000 - 0x00007ffcda729000 	C:\WINDOWS\System32\KERNEL32.DLL
0x00007ffcd9280000 - 0x00007ffcd9673000 	C:\WINDOWS\System32\KERNELBASE.dll
0x00007ffcd9740000 - 0x00007ffcd988b000 	C:\WINDOWS\System32\ucrtbase.dll
0x00007ffcb5a70000 - 0x00007ffcb5a8e000 	c:\Users\Personal\.vscode\extensions\redhat.java-1.45.0-win32-x64\jre\21.0.8-win32-x86_64\bin\VCRUNTIME140.dll
0x00007ffcb60b0000 - 0x00007ffcb60c8000 	c:\Users\Personal\.vscode\extensions\redhat.java-1.45.0-win32-x64\jre\21.0.8-win32-x86_64\bin\jli.dll
0x00007ffcda380000 - 0x00007ffcda544000 	C:\WINDOWS\System32\USER32.dll
0x00007ffcb6750000 - 0x00007ffcb69e3000 	C:\WINDOWS\WinSxS\amd64_microsoft.windows.common-controls_6595b64144ccf1df_6.0.26100.5074_none_3e0d6f78e32fd63f\COMCTL32.dll
0x00007ffcdbd30000 - 0x00007ffcdbdd9000 	C:\WINDOWS\System32\msvcrt.dll
0x00007ffcd9680000 - 0x00007ffcd96a7000 	C:\WINDOWS\System32\win32u.dll
0x00007ffcdb810000 - 0x00007ffcdb83b000 	C:\WINDOWS\System32\GDI32.dll
0x00007ffcd9a00000 - 0x00007ffcd9b2d000 	C:\WINDOWS\System32\gdi32full.dll
0x00007ffcd8fb0000 - 0x00007ffcd9053000 	C:\WINDOWS\System32\msvcp_win.dll
0x00007ffcda8e0000 - 0x00007ffcda90f000 	C:\WINDOWS\System32\IMM32.DLL
0x00007ffcccf00000 - 0x00007ffcccf0c000 	c:\Users\Personal\.vscode\extensions\redhat.java-1.45.0-win32-x64\jre\21.0.8-win32-x86_64\bin\vcruntime140_1.dll
0x00007ffca0260000 - 0x00007ffca02ed000 	c:\Users\Personal\.vscode\extensions\redhat.java-1.45.0-win32-x64\jre\21.0.8-win32-x86_64\bin\msvcp140.dll
0x00007ffc304d0000 - 0x00007ffc31267000 	c:\Users\Personal\.vscode\extensions\redhat.java-1.45.0-win32-x64\jre\21.0.8-win32-x86_64\bin\server\jvm.dll
0x00007ffcdba60000 - 0x00007ffcdbb14000 	C:\WINDOWS\System32\ADVAPI32.dll
0x00007ffcdbb20000 - 0x00007ffcdbbc6000 	C:\WINDOWS\System32\sechost.dll
0x00007ffcd9da0000 - 0x00007ffcd9eb8000 	C:\WINDOWS\System32\RPCRT4.dll
0x00007ffcda750000 - 0x00007ffcda7c4000 	C:\WINDOWS\System32\WS2_32.dll
0x00007ffccd810000 - 0x00007ffccd845000 	C:\WINDOWS\SYSTEM32\WINMM.dll
0x00007ffcd8e10000 - 0x00007ffcd8e6e000 	C:\WINDOWS\SYSTEM32\POWRPROF.dll
0x00007ffcc3f10000 - 0x00007ffcc3f1b000 	C:\WINDOWS\SYSTEM32\VERSION.dll
0x00007ffcd8df0000 - 0x00007ffcd8e04000 	C:\WINDOWS\SYSTEM32\UMPDC.dll
0x00007ffcd7d60000 - 0x00007ffcd7d7b000 	C:\WINDOWS\SYSTEM32\kernel.appcore.dll
0x00007ffcc7730000 - 0x00007ffcc773a000 	c:\Users\Personal\.vscode\extensions\redhat.java-1.45.0-win32-x64\jre\21.0.8-win32-x86_64\bin\jimage.dll
0x00007ffcd66e0000 - 0x00007ffcd6922000 	C:\WINDOWS\SYSTEM32\DBGHELP.DLL
0x00007ffcd9ed0000 - 0x00007ffcda24b000 	C:\WINDOWS\System32\combase.dll
0x00007ffcdaf90000 - 0x00007ffcdb067000 	C:\WINDOWS\System32\OLEAUT32.dll
0x00007ffcaa1c0000 - 0x00007ffcaa1fd000 	C:\WINDOWS\SYSTEM32\dbgcore.DLL
0x00007ffcd91e0000 - 0x00007ffcd9279000 	C:\WINDOWS\System32\bcryptPrimitives.dll
0x00007ffcc86a0000 - 0x00007ffcc86af000 	c:\Users\Personal\.vscode\extensions\redhat.java-1.45.0-win32-x64\jre\21.0.8-win32-x86_64\bin\instrument.dll
0x00007ffcb0230000 - 0x00007ffcb024f000 	c:\Users\Personal\.vscode\extensions\redhat.java-1.45.0-win32-x64\jre\21.0.8-win32-x86_64\bin\java.dll
0x00007ffcdb070000 - 0x00007ffcdb7bd000 	C:\WINDOWS\System32\SHELL32.dll
0x00007ffcd9890000 - 0x00007ffcd99fc000 	C:\WINDOWS\System32\wintypes.dll
0x00007ffcd6be0000 - 0x00007ffcd7439000 	C:\WINDOWS\SYSTEM32\windows.storage.dll
0x00007ffcda550000 - 0x00007ffcda640000 	C:\WINDOWS\System32\SHCORE.dll
0x00007ffcda2d0000 - 0x00007ffcda332000 	C:\WINDOWS\System32\shlwapi.dll
0x00007ffcd8ed0000 - 0x00007ffcd8ef9000 	C:\WINDOWS\SYSTEM32\profapi.dll
0x00007ffcad530000 - 0x00007ffcad548000 	c:\Users\Personal\.vscode\extensions\redhat.java-1.45.0-win32-x64\jre\21.0.8-win32-x86_64\bin\zip.dll
0x00007ffcc7320000 - 0x00007ffcc7330000 	C:\Users\Personal\.vscode\extensions\redhat.java-1.45.0-win32-x64\jre\21.0.8-win32-x86_64\bin\net.dll
0x00007ffccf740000 - 0x00007ffccf85f000 	C:\WINDOWS\SYSTEM32\WINHTTP.dll
0x00007ffcd82f0000 - 0x00007ffcd835b000 	C:\WINDOWS\system32\mswsock.dll
0x00007ffcaa7c0000 - 0x00007ffcaa7d6000 	C:\Users\Personal\.vscode\extensions\redhat.java-1.45.0-win32-x64\jre\21.0.8-win32-x86_64\bin\nio.dll
0x00007ffcb6190000 - 0x00007ffcb61a0000 	c:\Users\Personal\.vscode\extensions\redhat.java-1.45.0-win32-x64\jre\21.0.8-win32-x86_64\bin\verify.dll
0x00007ffca1d50000 - 0x00007ffca1d94000 	C:\Users\Personal\AppData\Roaming\Code\User\globalStorage\redhat.java\1.45.0\config_win\org.eclipse.equinox.launcher\org.eclipse.equinox.launcher.win32.win32.x86_64_1.2.1400.v20250801-0854\eclipse_11916.dll
0x00007ffcdb840000 - 0x00007ffcdb9d8000 	C:\WINDOWS\System32\ole32.dll
0x00007ffcd85a0000 - 0x00007ffcd85bb000 	C:\WINDOWS\SYSTEM32\CRYPTSP.dll
0x00007ffcd7cc0000 - 0x00007ffcd7cfb000 	C:\WINDOWS\system32\rsaenh.dll
0x00007ffcd8390000 - 0x00007ffcd83bb000 	C:\WINDOWS\SYSTEM32\USERENV.dll
0x00007ffcd8ea0000 - 0x00007ffcd8ec6000 	C:\WINDOWS\SYSTEM32\bcrypt.dll
0x00007ffcd8590000 - 0x00007ffcd859c000 	C:\WINDOWS\SYSTEM32\CRYPTBASE.dll
0x00007ffcd77b0000 - 0x00007ffcd77e4000 	C:\WINDOWS\SYSTEM32\IPHLPAPI.DLL
0x00007ffcd9ec0000 - 0x00007ffcd9eca000 	C:\WINDOWS\System32\NSI.dll
0x00007ffc9f680000 - 0x00007ffc9f6c9000 	C:\Users\Personal\AppData\Local\Temp\jna-507808352\jna7572238046943266334.dll
0x00007ffcda650000 - 0x00007ffcda658000 	C:\WINDOWS\System32\PSAPI.DLL
0x00007ffccfc10000 - 0x00007ffccfc2e000 	C:\WINDOWS\SYSTEM32\dhcpcsvc6.DLL
0x00007ffccf870000 - 0x00007ffccf893000 	C:\WINDOWS\SYSTEM32\dhcpcsvc.DLL

JVMTI agents:
c:\Users\Personal\.vscode\extensions\redhat.java-1.45.0-win32-x64\lombok\lombok-1.18.39-4050.jar path:c:\Users\Personal\.vscode\extensions\redhat.java-1.45.0-win32-x64\jre\21.0.8-win32-x86_64\bin\instrument.dll, loaded, initialized, instrumentlib options:none

dbghelp: loaded successfully - version: 4.0.5 - missing functions: none
symbol engine: initialized successfully - sym options: 0x614 - pdb path: .;c:\Users\Personal\.vscode\extensions\redhat.java-1.45.0-win32-x64\jre\21.0.8-win32-x86_64\bin;C:\WINDOWS\SYSTEM32;C:\WINDOWS\WinSxS\amd64_microsoft.windows.common-controls_6595b64144ccf1df_6.0.26100.5074_none_3e0d6f78e32fd63f;c:\Users\Personal\.vscode\extensions\redhat.java-1.45.0-win32-x64\jre\21.0.8-win32-x86_64\bin\server;C:\Users\Personal\AppData\Roaming\Code\User\globalStorage\redhat.java\1.45.0\config_win\org.eclipse.equinox.launcher\org.eclipse.equinox.launcher.win32.win32.x86_64_1.2.1400.v20250801-0854;C:\Users\Personal\AppData\Local\Temp\jna-507808352

VM Arguments:
jvm_args: --add-modules=ALL-SYSTEM --add-opens=java.base/java.util=ALL-UNNAMED --add-opens=java.base/java.lang=ALL-UNNAMED --add-opens=java.base/sun.nio.fs=ALL-UNNAMED -Declipse.application=org.eclipse.jdt.ls.core.id1 -Dosgi.bundles.defaultStartLevel=4 -Declipse.product=org.eclipse.jdt.ls.core.product -Djava.import.generatesMetadataFilesAtProjectRoot=false -DDetectVMInstallationsJob.disabled=true -Dfile.encoding=utf8 -XX:+UseParallelGC -XX:GCTimeRatio=4 -XX:AdaptiveSizePolicyWeight=90 -Dsun.zip.disableMemoryMapping=true -Xmx2G -Xms100m -Xlog:disable -javaagent:c:\Users\Personal\.vscode\extensions\redhat.java-1.45.0-win32-x64\lombok\lombok-1.18.39-4050.jar -XX:+HeapDumpOnOutOfMemoryError -XX:HeapDumpPath=c:\Users\Personal\AppData\Roaming\Code\User\workspaceStorage\e3eb4395f35a1d7eb3c982ed5aef2f8d\redhat.java -Daether.dependencyCollector.impl=bf 
java_command: c:\Users\Personal\.vscode\extensions\redhat.java-1.45.0-win32-x64\server\plugins\org.eclipse.equinox.launcher_1.7.0.v20250519-0528.jar -configuration c:\Users\Personal\AppData\Roaming\Code\User\globalStorage\redhat.java\1.45.0\config_win -data c:\Users\Personal\AppData\Roaming\Code\User\workspaceStorage\e3eb4395f35a1d7eb3c982ed5aef2f8d\redhat.java\jdt_ws --pipe=\\.\pipe\lsp-ad93d20d5fa9751f0a624d7fe740b5eb-sock
java_class_path (initial): c:\Users\Personal\.vscode\extensions\redhat.java-1.45.0-win32-x64\server\plugins\org.eclipse.equinox.launcher_1.7.0.v20250519-0528.jar
Launcher Type: SUN_STANDARD

[Global flags]
    uintx AdaptiveSizePolicyWeight                 = 90                                        {product} {command line}
     intx CICompilerCount                          = 4                                         {product} {ergonomic}
    uintx GCTimeRatio                              = 4                                         {product} {command line}
     bool HeapDumpOnOutOfMemoryError               = true                                   {manageable} {command line}
    ccstr HeapDumpPath                             = c:\Users\Personal\AppData\Roaming\Code\User\workspaceStorage\e3eb4395f35a1d7eb3c982ed5aef2f8d\redhat.java         {manageable} {command line}
   size_t InitialHeapSize                          = 104857600                                 {product} {command line}
   size_t MaxHeapSize                              = 2147483648                                {product} {command line}
   size_t MaxNewSize                               = 715653120                                 {product} {ergonomic}
   size_t MinHeapDeltaBytes                        = 524288                                    {product} {ergonomic}
   size_t MinHeapSize                              = 104857600                                 {product} {command line}
   size_t NewSize                                  = 34603008                                  {product} {ergonomic}
    uintx NonNMethodCodeHeapSize                   = 5839372                                {pd product} {ergonomic}
    uintx NonProfiledCodeHeapSize                  = 122909434                              {pd product} {ergonomic}
   size_t OldSize                                  = 70254592                                  {product} {ergonomic}
    uintx ProfiledCodeHeapSize                     = 122909434                              {pd product} {ergonomic}
    uintx ReservedCodeCacheSize                    = 251658240                              {pd product} {ergonomic}
     bool SegmentedCodeCache                       = true                                      {product} {ergonomic}
   size_t SoftMaxHeapSize                          = 2147483648                             {manageable} {ergonomic}
     bool UseCompressedOops                        = true                           {product lp64_product} {ergonomic}
     bool UseLargePagesIndividualAllocation        = false                                  {pd product} {ergonomic}
     bool UseParallelGC                            = true                                      {product} {command line}

Logging:
Log output configuration:
 #0: stdout all=off uptime,level,tags foldmultilines=false
 #1: stderr all=off uptime,level,tags foldmultilines=false

Environment Variables:
PATH=C:\Program Files\Common Files\Oracle\Java\javapath;C:\windows\system32;C:\windows;C:\windows\System32\Wbem;C:\windows\System32\WindowsPowerShell\v1.0\;C:\windows\System32\OpenSSH\;C:\MinGW\bin;C:\Program Files\HP\HP One Agent;C:\Program Files\nodejs\;C:\Program Files\Git\cmd;C:\Program Files\Git\mingw64\bin;C:\Program Files\Git\usr\bin;C:\Program Files\Java\jdk-17;C:\Program Files\Java\jdk-17\bin;;%SystemRoot%\system32;%SystemRoot%;%SystemRoot%\System32\Wbem;%SYSTEMROOT%\System32\WindowsPowerShell\v1.0\;%SYSTEMROOT%\System32\OpenSSH\;C:\Users\Personal\AppData\Local\Microsoft\WindowsApps;C:\Users\Personal\AppData\Roaming\npm;C:\Users\Personal\AppData\Local\Programs\Microsoft VS Code\bin;C:\Program Files\JetBrains\IntelliJ IDEA Community Edition 2024.2.3\bin;;
USERNAME=Personal
OS=Windows_NT
PROCESSOR_IDENTIFIER=Intel64 Family 6 Model 154 Stepping 4, GenuineIntel
TMP=C:\Users\Personal\AppData\Local\Temp
TEMP=C:\Users\Personal\AppData\Local\Temp




Periodic native trim disabled

---------------  S Y S T E M  ---------------

OS:
 Windows 11 , 64 bit Build 26100 (10.0.26100.5074)
OS uptime: 6 days 7:47 hours
Hyper-V role detected

CPU: total 12 (initial active 12) (6 cores per cpu, 2 threads per core) family 6 model 154 stepping 4 microcode 0x434, cx8, cmov, fxsr, ht, mmx, 3dnowpref, sse, sse2, sse3, ssse3, sse4.1, sse4.2, popcnt, lzcnt, tsc, tscinvbit, avx, avx2, aes, erms, clmul, bmi1, bmi2, adx, sha, fma, vzeroupper, clflush, clflushopt, clwb, hv, serialize, rdtscp, rdpid, fsrm, f16c, cet_ibt, cet_ss
Processor Information for processor 0
  Max Mhz: 1300, Current Mhz: 1300, Mhz Limit: 1300
Processor Information for processor 1
  Max Mhz: 1300, Current Mhz: 1300, Mhz Limit: 1300
Processor Information for processor 2
  Max Mhz: 1300, Current Mhz: 1300, Mhz Limit: 1300
Processor Information for processor 3
  Max Mhz: 1300, Current Mhz: 1300, Mhz Limit: 1300
Processor Information for processor 4
  Max Mhz: 1300, Current Mhz: 900, Mhz Limit: 897
Processor Information for processor 5
  Max Mhz: 1300, Current Mhz: 900, Mhz Limit: 897
Processor Information for processor 6
  Max Mhz: 1300, Current Mhz: 900, Mhz Limit: 897
Processor Information for processor 7
  Max Mhz: 1300, Current Mhz: 900, Mhz Limit: 897
Processor Information for processor 8
  Max Mhz: 1300, Current Mhz: 900, Mhz Limit: 897
Processor Information for processor 9
  Max Mhz: 1300, Current Mhz: 900, Mhz Limit: 897
Processor Information for processor 10
  Max Mhz: 1300, Current Mhz: 900, Mhz Limit: 897
Processor Information for processor 11
  Max Mhz: 1300, Current Mhz: 900, Mhz Limit: 897

Memory: 4k page, system-wide physical 16095M (3841M free)
TotalPageFile size 48744M (AvailPageFile size 0M)
current process WorkingSet (physical memory assigned to process): 223M, peak: 226M
current process commit charge ("private bytes"): 349M, peak: 355M

vm_info: OpenJDK 64-Bit Server VM (21.0.8+9-LTS) for windows-amd64 JRE (21.0.8+9-LTS), built on 2025-07-15T00:00:00Z by "admin" with MS VC++ 17.7 (VS2022)

END.
